[2023-03-20 13:07:29.167] [100380] [ INFO] https://dailian.co.kr/newslist?category2=201
[2023-03-20 13:07:29.995] [100380] [ INFO] dailian 정치, 정치일반 started...
[2023-03-20 13:07:33.594] [100380] [ERROR] data duplicated : 1191213418
[2023-03-20 13:07:33.595] [100380] [ INFO] dailian 정치, 정치일반 started...
[2023-03-20 13:07:37.041] [100380] [ERROR] data duplicated : 1191213422
[2023-03-20 13:07:37.042] [100380] [ INFO] dailian 정치, 정치일반 started...
[2023-03-20 13:07:40.478] [100380] [ERROR] data duplicated : 1191213371
[2023-03-20 13:07:40.480] [100380] [ INFO] https://dailian.co.kr/newslist?category2=202
[2023-03-20 13:07:40.969] [100380] [ INFO] dailian 정치, 대통령실 started...
[2023-03-20 13:07:44.729] [100380] [ERROR] data duplicated : 1191213204
[2023-03-20 13:07:44.729] [100380] [ INFO] dailian 정치, 대통령실 started...
[2023-03-20 13:07:48.258] [100380] [ERROR] data duplicated : 1191213203
[2023-03-20 13:07:48.260] [100380] [ INFO] dailian 정치, 대통령실 started...
[2023-03-20 13:08:44.073] [103024] [ INFO] https://dailian.co.kr/newslist?category2=201
[2023-03-20 13:08:44.420] [103024] [ INFO] dailian 정치, 정치일반 started...
[2023-03-20 13:08:48.703] [103024] [ INFO] dailian_news Mongo Insert : 1191213418
[2023-03-20 13:08:51.704] [103024] [ INFO] dailian 정치, 정치일반 started...
[2023-03-20 13:08:55.248] [103024] [ INFO] dailian_news Mongo Insert : 1191213422
[2023-03-20 13:08:58.255] [103024] [ INFO] dailian 정치, 정치일반 started...
[2023-03-20 13:09:02.472] [103024] [ERROR] data duplicated : 1191213371
[2023-03-20 13:09:02.472] [103024] [ INFO] dailian 정치, 정치일반 started...
[2023-03-20 13:09:06.655] [103024] [ERROR] data duplicated : 1191213412
[2023-03-20 13:09:06.656] [103024] [ INFO] dailian 정치, 정치일반 started...
[2023-03-20 13:09:11.353] [103024] [ INFO] dailian_news Mongo Insert : 1191213369
[2023-03-20 13:09:14.367] [103024] [ INFO] dailian 정치, 정치일반 started...
[2023-03-20 13:09:17.831] [103024] [ERROR] data duplicated : 1191213293
[2023-03-20 13:09:17.831] [103024] [ INFO] dailian 정치, 정치일반 started...
[2023-03-20 13:09:21.275] [103024] [ERROR] data duplicated : 1191213331
[2023-03-20 13:09:21.275] [103024] [ INFO] dailian 정치, 정치일반 started...
[2023-03-20 13:09:24.576] [103024] [ERROR] data duplicated : 1191213316
[2023-03-20 13:09:24.576] [103024] [ INFO] https://dailian.co.kr/newslist?category2=202
[2023-03-20 13:09:24.892] [103024] [ INFO] dailian 정치, 대통령실 started...
[2023-03-20 13:09:28.302] [103024] [ERROR] data duplicated : 1191213204
[2023-03-20 13:09:28.303] [103024] [ INFO] dailian 정치, 대통령실 started...
[2023-03-20 13:09:31.616] [103024] [ERROR] data duplicated : 1191213203
[2023-03-20 13:09:31.617] [103024] [ INFO] dailian 정치, 대통령실 started...
[2023-03-20 13:09:34.898] [103024] [ERROR] data duplicated : 1191213189
[2023-03-20 13:09:34.898] [103024] [ INFO] https://dailian.co.kr/newslist?category2=203
[2023-03-20 13:09:35.176] [103024] [ INFO] dailian 정치, 국회 started...
[2023-03-20 13:09:38.491] [103024] [ERROR] data duplicated : 1191213418
[2023-03-20 13:09:38.491] [103024] [ INFO] dailian 정치, 국회 started...
[2023-03-20 13:09:41.812] [103024] [ERROR] data duplicated : 1191213412
[2023-03-20 13:09:41.812] [103024] [ INFO] dailian 정치, 국회 started...
[2023-03-20 13:09:45.193] [103024] [ERROR] data duplicated : 1191213293
[2023-03-20 13:09:45.194] [103024] [ INFO] https://dailian.co.kr/newslist?category2=204
[2023-03-20 13:09:45.560] [103024] [ INFO] dailian 정치, 정당 started...
[2023-03-20 13:09:48.926] [103024] [ERROR] data duplicated : 1191213418
[2023-03-20 13:09:48.926] [103024] [ INFO] dailian 정치, 정당 started...
[2023-03-20 13:09:52.669] [103024] [ERROR] data duplicated : 1191213371
[2023-03-20 13:09:52.670] [103024] [ INFO] dailian 정치, 정당 started...
[2023-03-20 13:09:56.000] [103024] [ERROR] data duplicated : 1191213412
[2023-03-20 13:09:56.001] [103024] [ INFO] https://dailian.co.kr/newslist?category2=205
[2023-03-20 13:09:56.525] [103024] [ INFO] dailian 정치, 북한 started...
[2023-03-20 13:10:00.273] [103024] [ERROR] data duplicated : 1191213173
[2023-03-20 13:10:00.274] [103024] [ INFO] dailian 정치, 북한 started...
[2023-03-20 13:10:04.422] [103024] [ERROR] data duplicated : 1191213145
[2023-03-20 13:10:04.423] [103024] [ INFO] dailian 정치, 북한 started...
[2023-03-20 13:10:08.571] [103024] [ERROR] data duplicated : 1191213142
[2023-03-20 13:10:08.571] [103024] [ INFO] https://dailian.co.kr/newslist?category2=206
[2023-03-20 13:10:09.937] [103024] [ INFO] dailian 정치, 국방·외교 started...
[2023-03-20 13:10:14.423] [103024] [ERROR] data duplicated : 1191213204
[2023-03-20 13:10:14.423] [103024] [ INFO] dailian 정치, 국방·외교 started...
[2023-03-20 13:10:19.403] [103024] [ERROR] data duplicated : 1191213137
[2023-03-20 13:10:19.403] [103024] [ INFO] dailian 정치, 국방·외교 started...
[2023-03-20 13:10:24.155] [103024] [ERROR] data duplicated : 1191213173
[2023-03-20 13:10:24.156] [103024] [ INFO] https://dailian.co.kr/newslist?category2=301
[2023-03-20 13:10:26.072] [103024] [ INFO] dailian 사회, 사회일반 started...
[2023-03-20 13:10:31.452] [103024] [ERROR] data duplicated : 1191213446
[2023-03-20 13:10:31.453] [103024] [ INFO] dailian 사회, 사회일반 started...
[2023-03-20 13:10:37.011] [103024] [ERROR] data duplicated : 1191213431
[2023-03-20 13:10:37.012] [103024] [ INFO] dailian 사회, 사회일반 started...
[2023-03-20 13:10:42.410] [103024] [ERROR] data duplicated : 1191213423
[2023-03-20 13:10:42.411] [103024] [ INFO] https://dailian.co.kr/newslist?category2=302
[2023-03-20 13:10:45.000] [103024] [ INFO] dailian 사회, 사건사고 started...
[2023-03-20 13:10:51.195] [103024] [ERROR] data duplicated : 1191213370
[2023-03-20 13:10:51.196] [103024] [ INFO] dailian 사회, 사건사고 started...
[2023-03-20 13:10:57.292] [103024] [ERROR] data duplicated : 1191213355
[2023-03-20 13:10:57.292] [103024] [ INFO] dailian 사회, 사건사고 started...
[2023-03-20 13:11:03.618] [103024] [ERROR] data duplicated : 1191213313
[2023-03-20 13:11:03.618] [103024] [ INFO] https://dailian.co.kr/newslist?category2=303
[2023-03-20 13:11:07.643] [103024] [ INFO] dailian 사회, 교육 started...
[2023-03-20 13:11:14.622] [103024] [ERROR] data duplicated : 1191213260
[2023-03-20 13:11:14.622] [103024] [ INFO] dailian 사회, 교육 started...
[2023-03-20 13:11:18.011] [103024] [ERROR] data duplicated : 1191213062
[2023-03-20 13:11:18.012] [103024] [ INFO] dailian 사회, 교육 started...
[2023-03-20 13:11:21.311] [103024] [ERROR] data duplicated : 1191212932
[2023-03-20 13:11:21.313] [103024] [ INFO] https://dailian.co.kr/newslist?category2=304
[2023-03-20 13:11:21.721] [103024] [ INFO] dailian 사회, 노동 started...
[2023-03-20 13:11:25.004] [103024] [ERROR] data duplicated : 1191213359
[2023-03-20 13:11:25.004] [103024] [ INFO] dailian 사회, 노동 started...
[2023-03-20 13:11:28.398] [103024] [ERROR] data duplicated : 1191212841
[2023-03-20 13:11:28.398] [103024] [ INFO] dailian 사회, 노동 started...
[2023-03-20 13:11:31.670] [103024] [ERROR] data duplicated : 1191212414
[2023-03-20 13:11:31.671] [103024] [ INFO] https://dailian.co.kr/newslist?category2=305
[2023-03-20 13:11:32.003] [103024] [ INFO] dailian 사회, 언론 started...
[2023-03-20 13:11:35.327] [103024] [ERROR] data duplicated : 1191203814
[2023-03-20 13:11:35.327] [103024] [ INFO] dailian 사회, 언론 started...
[2023-03-20 13:11:38.885] [103024] [ERROR] data duplicated : 1191201038
[2023-03-20 13:11:38.886] [103024] [ INFO] dailian 사회, 언론 started...
[2023-03-20 13:11:42.802] [103024] [ERROR] data duplicated : 1191199854
[2023-03-20 13:11:42.802] [103024] [ INFO] https://dailian.co.kr/newslist?category2=306
[2023-03-20 13:11:44.007] [103024] [ INFO] dailian 사회, 환경 started...
[2023-03-20 13:11:48.341] [103024] [ERROR] data duplicated : 1191213394
[2023-03-20 13:11:48.342] [103024] [ INFO] dailian 사회, 환경 started...
[2023-03-20 13:11:51.748] [103024] [ERROR] data duplicated : 1191213254
[2023-03-20 13:11:51.750] [103024] [ INFO] dailian 사회, 환경 started...
[2023-03-20 13:11:56.320] [103024] [ERROR] data duplicated : 1191213084
[2023-03-20 13:11:56.320] [103024] [ INFO] https://dailian.co.kr/newslist?category2=307
[2023-03-20 13:11:56.686] [103024] [ INFO] dailian 사회, 인권·복지 started...
[2023-03-20 13:12:01.643] [103024] [ERROR] data duplicated : 1191213227
[2023-03-20 13:12:01.644] [103024] [ INFO] dailian 사회, 인권·복지 started...
[2023-03-20 13:12:05.067] [103024] [ERROR] data duplicated : 1191213148
[2023-03-20 13:12:05.067] [103024] [ INFO] dailian 사회, 인권·복지 started...
[2023-03-20 13:12:08.399] [103024] [ERROR] data duplicated : 1191212961
[2023-03-20 13:12:08.399] [103024] [ INFO] https://dailian.co.kr/newslist?category2=308
[2023-03-20 13:12:08.675] [103024] [ INFO] dailian 사회, 식품·의료 started...
[2023-03-20 13:12:12.411] [103024] [ERROR] data duplicated : 1191213246
[2023-03-20 13:12:12.412] [103024] [ INFO] dailian 사회, 식품·의료 started...
[2023-03-20 13:12:17.629] [103024] [ERROR] data duplicated : 1191213148
[2023-03-20 13:12:17.629] [103024] [ INFO] dailian 사회, 식품·의료 started...
[2023-03-20 13:12:22.992] [103024] [ERROR] data duplicated : 1191212459
[2023-03-20 13:12:22.992] [103024] [ INFO] https://dailian.co.kr/newslist?category2=309
[2023-03-20 13:12:25.747] [103024] [ INFO] dailian 사회, 지역 started...
[2023-03-20 13:12:32.042] [103024] [ERROR] data duplicated : 1191213423
[2023-03-20 13:12:32.042] [103024] [ INFO] dailian 사회, 지역 started...
[2023-03-20 13:12:36.480] [103024] [ERROR] data duplicated : 1191213409
[2023-03-20 13:12:36.481] [103024] [ INFO] dailian 사회, 지역 started...
[2023-03-20 13:12:41.093] [103024] [ERROR] data duplicated : 1191213275
[2023-03-20 13:12:41.094] [103024] [ INFO] https://dailian.co.kr/newslist?category2=310
[2023-03-20 13:12:44.636] [103024] [ INFO] dailian 사회, 인물 started...
[2023-03-20 13:12:49.623] [103024] [ERROR] data duplicated : 1191213095
[2023-03-20 13:12:49.623] [103024] [ INFO] dailian 사회, 인물 started...
[2023-03-20 13:12:56.422] [103024] [ERROR] data duplicated : 1191212924
[2023-03-20 13:12:56.422] [103024] [ INFO] dailian 사회, 인물 started...
[2023-03-20 13:13:03.384] [103024] [ERROR] data duplicated : 1191212853
[2023-03-20 13:13:03.384] [103024] [ INFO] https://dailian.co.kr/newslist?category2=1301
[2023-03-20 13:13:07.786] [103024] [ INFO] dailian 수도권, 경기남부 started...
[2023-03-20 13:13:13.446] [103024] [ERROR] data duplicated : 1191213446
[2023-03-20 13:13:13.447] [103024] [ INFO] dailian 수도권, 경기남부 started...
[2023-03-20 13:13:16.865] [103024] [ERROR] data duplicated : 1191213431
[2023-03-20 13:13:16.865] [103024] [ INFO] dailian 수도권, 경기남부 started...
[2023-03-20 13:13:20.369] [103024] [ERROR] data duplicated : 1191213437
[2023-03-20 13:13:20.370] [103024] [ INFO] https://dailian.co.kr/newslist?category2=1302
[2023-03-20 13:13:20.767] [103024] [ INFO] dailian 수도권, 경기북부 started...
[2023-03-20 13:13:25.004] [103024] [ERROR] data duplicated : 1191213438
[2023-03-20 13:13:25.006] [103024] [ INFO] dailian 수도권, 경기북부 started...
[2023-03-20 13:13:28.546] [103024] [ERROR] data duplicated : 1191213437
[2023-03-20 13:13:28.546] [103024] [ INFO] dailian 수도권, 경기북부 started...
[2023-03-20 13:13:31.953] [103024] [ERROR] data duplicated : 1191213423
[2023-03-20 13:13:31.953] [103024] [ INFO] https://dailian.co.kr/newslist?category2=1303
[2023-03-20 13:13:32.371] [103024] [ INFO] dailian 수도권, 인천 started...
[2023-03-20 13:13:36.010] [103024] [ERROR] data duplicated : 1191213450
[2023-03-20 13:13:36.012] [103024] [ INFO] dailian 수도권, 인천 started...
[2023-03-20 13:13:39.829] [103024] [ERROR] data duplicated : 1191213407
[2023-03-20 13:13:39.829] [103024] [ INFO] dailian 수도권, 인천 started...
[2023-03-20 13:13:43.338] [103024] [ERROR] data duplicated : 1191213394
[2023-03-20 13:13:43.339] [103024] [ INFO] https://dailian.co.kr/newslist?category2=401
[2023-03-20 13:13:43.760] [103024] [ INFO] dailian 경제, 경제일반 started...
[2023-03-20 13:13:48.119] [103024] [ERROR] data duplicated : 1191213440
[2023-03-20 13:13:48.119] [103024] [ INFO] dailian 경제, 경제일반 started...
[2023-03-20 13:13:51.519] [103024] [ERROR] data duplicated : 1191213401
[2023-03-20 13:13:51.520] [103024] [ INFO] dailian 경제, 경제일반 started...
[2023-03-20 13:13:55.367] [103024] [ERROR] data duplicated : 1191213312
[2023-03-20 13:13:55.368] [103024] [ INFO] https://dailian.co.kr/newslist?category2=402
[2023-03-20 13:13:55.855] [103024] [ INFO] dailian 경제, 금융 started...
[2023-03-20 13:14:00.012] [103024] [ERROR] data duplicated : 1191213440
[2023-03-20 13:14:00.013] [103024] [ INFO] dailian 경제, 금융 started...
[2023-03-20 13:14:03.805] [103024] [ERROR] data duplicated : 1191213312
[2023-03-20 13:14:03.805] [103024] [ INFO] dailian 경제, 금융 started...
[2023-03-20 13:14:08.408] [103024] [ERROR] data duplicated : 1191213268
[2023-03-20 13:14:08.408] [103024] [ INFO] https://dailian.co.kr/newslist?category2=403
[2023-03-20 13:14:10.296] [103024] [ INFO] dailian 경제, 증권 started...
[2023-03-20 13:14:15.410] [103024] [ERROR] data duplicated : 1191213379
[2023-03-20 13:14:15.411] [103024] [ INFO] dailian 경제, 증권 started...
[2023-03-20 13:14:20.808] [103024] [ERROR] data duplicated : 1191213364
[2023-03-20 13:14:20.808] [103024] [ INFO] dailian 경제, 증권 started...
[2023-03-20 13:14:24.952] [103024] [ERROR] data duplicated : 1191213351
[2023-03-20 13:14:24.953] [103024] [ INFO] https://dailian.co.kr/newslist?category2=404
[2023-03-20 13:14:26.527] [103024] [ INFO] dailian 경제, 산업 started...
[2023-03-20 13:14:31.872] [103024] [ERROR] data duplicated : 1191213441
[2023-03-20 13:14:31.872] [103024] [ INFO] dailian 경제, 산업 started...
[2023-03-20 13:14:37.730] [103024] [ERROR] data duplicated : 1191213419
[2023-03-20 13:14:37.730] [103024] [ INFO] dailian 경제, 산업 started...
[2023-03-20 13:14:42.604] [103024] [ERROR] data duplicated : 1191213415
[2023-03-20 13:14:42.605] [103024] [ INFO] https://dailian.co.kr/newslist?category2=405
[2023-03-20 13:14:45.655] [103024] [ INFO] dailian 경제, 재계 started...
[2023-03-20 13:14:50.888] [103024] [ERROR] data duplicated : 1191212907
[2023-03-20 13:14:50.889] [103024] [ INFO] dailian 경제, 재계 started...
[2023-03-20 13:14:56.311] [103024] [ERROR] data duplicated : 1191206011
[2023-03-20 13:14:56.312] [103024] [ INFO] dailian 경제, 재계 started...
[2023-03-20 13:15:01.820] [103024] [ERROR] data duplicated : 1191201837
[2023-03-20 13:15:01.820] [103024] [ INFO] https://dailian.co.kr/newslist?category2=406
[2023-03-20 13:15:04.662] [103024] [ INFO] dailian 경제, 중기 started...
[2023-03-20 13:15:11.285] [103024] [ERROR] data duplicated : 1191213349
[2023-03-20 13:15:11.286] [103024] [ INFO] dailian 경제, 중기 started...
[2023-03-20 13:15:14.893] [103024] [ERROR] data duplicated : 1191213261
[2023-03-20 13:15:14.893] [103024] [ INFO] dailian 경제, 중기 started...
[2023-03-20 13:15:18.289] [103024] [ERROR] data duplicated : 1191212483
[2023-03-20 13:15:18.291] [103024] [ INFO] https://dailian.co.kr/newslist?category2=407
[2023-03-20 13:15:18.758] [103024] [ INFO] dailian 경제, 벤처 started...
[2023-03-20 13:15:22.172] [103024] [ERROR] data duplicated : 1191213261
[2023-03-20 13:15:22.172] [103024] [ INFO] dailian 경제, 벤처 started...
[2023-03-20 13:15:25.721] [103024] [ERROR] data duplicated : 1191212746
[2023-03-20 13:15:25.722] [103024] [ INFO] dailian 경제, 벤처 started...
[2023-03-20 13:15:29.074] [103024] [ERROR] data duplicated : 1191212205
[2023-03-20 13:15:29.074] [103024] [ INFO] https://dailian.co.kr/newslist?category2=408
[2023-03-20 13:15:29.345] [103024] [ INFO] dailian 경제, 부동산 started...
[2023-03-20 13:15:32.721] [103024] [ERROR] data duplicated : 1191213429
[2023-03-20 13:15:32.721] [103024] [ INFO] dailian 경제, 부동산 started...
[2023-03-20 13:15:36.016] [103024] [ERROR] data duplicated : 1191213421
[2023-03-20 13:15:36.016] [103024] [ INFO] dailian 경제, 부동산 started...
[2023-03-20 13:15:39.306] [103024] [ERROR] data duplicated : 1191213296
[2023-03-20 13:15:39.307] [103024] [ INFO] https://dailian.co.kr/newslist?category2=409
[2023-03-20 13:15:39.652] [103024] [ INFO] dailian 경제, 글로벌경제 started...
[2023-03-20 13:15:43.199] [103024] [ERROR] data duplicated : 1191213076
[2023-03-20 13:15:43.200] [103024] [ INFO] dailian 경제, 글로벌경제 started...
[2023-03-20 13:15:48.877] [103024] [ERROR] data duplicated : 1191213074
[2023-03-20 13:15:48.877] [103024] [ INFO] dailian 경제, 글로벌경제 started...
[2023-03-20 13:15:53.007] [103024] [ERROR] data duplicated : 1191213060
[2023-03-20 13:15:53.007] [103024] [ INFO] https://dailian.co.kr/newslist?category2=410
[2023-03-20 13:15:54.488] [103024] [ INFO] dailian 경제, 생활경제 started...
[2023-03-20 13:15:57.854] [103024] [ INFO] dailian_news Mongo Insert : 1191213271
[2023-03-20 13:16:00.856] [103024] [ INFO] dailian 경제, 생활경제 started...
[2023-03-20 13:16:04.167] [103024] [ERROR] data duplicated : 1191213429
[2023-03-20 13:16:04.167] [103024] [ INFO] dailian 경제, 생활경제 started...
[2023-03-20 13:16:07.473] [103024] [ERROR] data duplicated : 1191213374
[2023-03-20 13:16:07.474] [103024] [ INFO] dailian 경제, 생활경제 started...
[2023-03-20 13:16:11.006] [103024] [ERROR] data duplicated : 1191213231
[2023-03-20 13:16:11.006] [103024] [ INFO] https://dailian.co.kr/newslist?category2=501
[2023-03-20 13:16:11.852] [103024] [ INFO] dailian IT/과학, IT일반 started...
[2023-03-20 13:16:16.217] [103024] [ERROR] data duplicated : 1191213337
[2023-03-20 13:16:16.218] [103024] [ INFO] dailian IT/과학, IT일반 started...
[2023-03-20 13:16:20.346] [103024] [ERROR] data duplicated : 1191211948
[2023-03-20 13:16:20.347] [103024] [ INFO] dailian IT/과학, IT일반 started...
[2023-03-20 13:16:24.760] [103024] [ERROR] data duplicated : 1191211839
[2023-03-20 13:16:24.761] [103024] [ INFO] https://dailian.co.kr/newslist?category2=502
[2023-03-20 13:16:26.390] [103024] [ INFO] dailian IT/과학, 과학일반 started...
[2023-03-20 13:16:31.520] [103024] [ERROR] data duplicated : 1191212205
[2023-03-20 13:16:31.520] [103024] [ INFO] dailian IT/과학, 과학일반 started...
[2023-03-20 13:16:36.982] [103024] [ERROR] data duplicated : 1191212049
[2023-03-20 13:16:36.982] [103024] [ INFO] dailian IT/과학, 과학일반 started...
[2023-03-20 13:16:42.084] [103024] [ERROR] data duplicated : 1191209930
[2023-03-20 13:16:42.084] [103024] [ INFO] https://dailian.co.kr/newslist?category2=503
[2023-03-20 13:16:45.041] [103024] [ INFO] dailian IT/과학, 모바일 started...
[2023-03-20 13:16:51.163] [103024] [ERROR] data duplicated : 1191211902
[2023-03-20 13:16:51.164] [103024] [ INFO] dailian IT/과학, 모바일 started...
[2023-03-20 13:16:57.543] [103024] [ERROR] data duplicated : 1191211336
[2023-03-20 13:16:57.544] [103024] [ INFO] dailian IT/과학, 모바일 started...
[2023-03-20 13:17:03.875] [103024] [ERROR] data duplicated : 1191211122
[2023-03-20 13:17:03.875] [103024] [ INFO] https://dailian.co.kr/newslist?category2=504
[2023-03-20 13:17:07.387] [103024] [ INFO] dailian IT/과학, 인터넷·SNS started...
[2023-03-20 13:17:13.686] [103024] [ERROR] data duplicated : 1191213330
[2023-03-20 13:17:13.686] [103024] [ INFO] dailian IT/과학, 인터넷·SNS started...
[2023-03-20 13:17:17.416] [103024] [ERROR] data duplicated : 1191212834
[2023-03-20 13:17:17.417] [103024] [ INFO] dailian IT/과학, 인터넷·SNS started...
[2023-03-20 13:17:20.930] [103024] [ERROR] data duplicated : 1191212621
[2023-03-20 13:17:20.930] [103024] [ INFO] https://dailian.co.kr/newslist?category2=505
[2023-03-20 13:17:21.616] [103024] [ INFO] dailian IT/과학, 통신 started...
[2023-03-20 13:17:25.093] [103024] [ERROR] data duplicated : 1191213264
[2023-03-20 13:17:25.094] [103024] [ INFO] dailian IT/과학, 통신 started...
[2023-03-20 13:17:28.410] [103024] [ERROR] data duplicated : 1191213249
[2023-03-20 13:17:28.411] [103024] [ INFO] dailian IT/과학, 통신 started...
[2023-03-20 13:17:32.458] [103024] [ERROR] data duplicated : 1191212766
[2023-03-20 13:17:32.459] [103024] [ INFO] https://dailian.co.kr/newslist?category2=506
[2023-03-20 13:17:32.862] [103024] [ INFO] dailian IT/과학, 보안·해킹 started...
[2023-03-20 13:17:36.490] [103024] [ERROR] data duplicated : 1191209332
[2023-03-20 13:17:36.490] [103024] [ INFO] dailian IT/과학, 보안·해킹 started...
[2023-03-20 13:17:39.993] [103024] [ERROR] data duplicated : 1191209319
[2023-03-20 13:17:39.994] [103024] [ INFO] dailian IT/과학, 보안·해킹 started...
[2023-03-20 13:17:43.472] [103024] [ERROR] data duplicated : 1191208461
[2023-03-20 13:17:43.473] [103024] [ INFO] https://dailian.co.kr/newslist?category2=507
[2023-03-20 13:17:43.858] [103024] [ INFO] dailian IT/과학, 컴퓨터 started...
[2023-03-20 13:17:47.318] [103024] [ERROR] data duplicated : 1191194879
[2023-03-20 13:17:47.319] [103024] [ INFO] dailian IT/과학, 컴퓨터 started...
[2023-03-20 13:17:50.984] [103024] [ERROR] data duplicated : 1191190531
[2023-03-20 13:17:50.984] [103024] [ INFO] dailian IT/과학, 컴퓨터 started...
[2023-03-20 13:17:54.787] [103024] [ERROR] data duplicated : 1191185166
[2023-03-20 13:17:54.787] [103024] [ INFO] https://dailian.co.kr/newslist?category2=508
[2023-03-20 13:17:55.779] [103024] [ INFO] dailian IT/과학, 게임 started...
[2023-03-20 13:18:00.289] [103024] [ERROR] data duplicated : 1191213310
[2023-03-20 13:18:00.289] [103024] [ INFO] dailian IT/과학, 게임 started...
[2023-03-20 13:18:03.614] [103024] [ERROR] data duplicated : 1191213297
[2023-03-20 13:18:03.614] [103024] [ INFO] dailian IT/과학, 게임 started...
[2023-03-20 13:18:07.306] [103024] [ERROR] data duplicated : 1191212948
[2023-03-20 13:18:07.306] [103024] [ INFO] https://dailian.co.kr/newslist?category2=509
[2023-03-20 13:18:08.168] [103024] [ INFO] dailian IT/과학, 리뷰 started...
[2023-03-20 13:18:13.028] [103024] [ERROR] data duplicated : 1191207674
[2023-03-20 13:18:13.030] [103024] [ INFO] dailian IT/과학, 리뷰 started...
[2023-03-20 13:18:18.304] [103024] [ERROR] data duplicated : 1191202618
[2023-03-20 13:18:18.305] [103024] [ INFO] dailian IT/과학, 리뷰 started...
[2023-03-20 13:18:23.835] [103024] [ERROR] data duplicated : 1191197951
[2023-03-20 13:18:23.835] [103024] [ INFO] https://dailian.co.kr/newslist?category2=801
[2023-03-20 13:18:24.917] [103024] [ INFO] dailian 연예, 연예일반 started...
[2023-03-20 13:18:30.873] [103024] [ERROR] data duplicated : 1191213444
[2023-03-20 13:18:30.874] [103024] [ INFO] dailian 연예, 연예일반 started...
[2023-03-20 13:18:35.174] [103024] [ERROR] data duplicated : 1191213010
[2023-03-20 13:18:35.176] [103024] [ INFO] dailian 연예, 연예일반 started...
[2023-03-20 13:18:41.397] [103024] [ERROR] data duplicated : 1191212997
[2023-03-20 13:18:41.397] [103024] [ INFO] https://dailian.co.kr/newslist?category2=802
[2023-03-20 13:18:43.147] [103024] [ INFO] dailian 연예, TV started...
[2023-03-20 13:18:49.462] [103024] [ERROR] data duplicated : 1191213444
[2023-03-20 13:18:49.462] [103024] [ INFO] dailian 연예, TV started...
[2023-03-20 13:18:54.197] [103024] [ERROR] data duplicated : 1191212875
[2023-03-20 13:18:54.197] [103024] [ INFO] dailian 연예, TV started...
[2023-03-20 13:19:01.210] [103024] [ERROR] data duplicated : 1191213052
[2023-03-20 13:19:01.210] [103024] [ INFO] https://dailian.co.kr/newslist?category2=803
[2023-03-20 13:19:05.360] [103024] [ INFO] dailian 연예, 영화 started...
[2023-03-20 13:19:13.625] [103024] [ERROR] data duplicated : 1191213444
[2023-03-20 13:19:13.625] [103024] [ INFO] dailian 연예, 영화 started...
[2023-03-20 13:19:17.102] [103024] [ERROR] data duplicated : 1191213358
[2023-03-20 13:19:17.102] [103024] [ INFO] dailian 연예, 영화 started...
[2023-03-20 13:19:20.403] [103024] [ERROR] data duplicated : 1191213278
[2023-03-20 13:19:20.403] [103024] [ INFO] https://dailian.co.kr/newslist?category2=804
[2023-03-20 13:19:20.672] [103024] [ INFO] dailian 연예, 음악 started...
[2023-03-20 13:19:23.970] [103024] [ERROR] data duplicated : 1191213444
[2023-03-20 13:19:23.972] [103024] [ INFO] dailian 연예, 음악 started...
[2023-03-20 13:19:27.462] [103024] [ERROR] data duplicated : 1191213241
[2023-03-20 13:19:27.463] [103024] [ INFO] dailian 연예, 음악 started...
[2023-03-20 13:19:30.844] [103024] [ERROR] data duplicated : 1191213348
[2023-03-20 13:19:30.845] [103024] [ INFO] https://dailian.co.kr/newslist?category2=805
[2023-03-20 13:19:31.161] [103024] [ INFO] dailian 연예, 스타 started...
[2023-03-20 13:19:34.472] [103024] [ERROR] data duplicated : 1191213233
[2023-03-20 13:19:34.472] [103024] [ INFO] dailian 연예, 스타 started...
[2023-03-20 13:19:37.837] [103024] [ERROR] data duplicated : 1191213068
[2023-03-20 13:19:37.838] [103024] [ INFO] dailian 연예, 스타 started...
[2023-03-20 13:19:41.160] [103024] [ERROR] data duplicated : 1191213061
[2023-03-20 13:19:41.161] [103024] [ INFO] https://dailian.co.kr/newslist?category2=901
[2023-03-20 13:19:41.668] [103024] [ INFO] dailian 스포츠, 스포츠일반 started...
[2023-03-20 13:19:45.041] [103024] [ERROR] data duplicated : 1191213381
[2023-03-20 13:19:45.041] [103024] [ INFO] dailian 스포츠, 스포츠일반 started...
[2023-03-20 13:19:48.401] [103024] [ERROR] data duplicated : 1191213219
[2023-03-20 13:19:48.401] [103024] [ INFO] dailian 스포츠, 스포츠일반 started...
[2023-03-20 13:19:51.824] [103024] [ERROR] data duplicated : 1191213159
[2023-03-20 13:19:51.824] [103024] [ INFO] https://dailian.co.kr/newslist?category2=902
[2023-03-20 13:19:52.385] [103024] [ INFO] dailian 스포츠, 축구 started...
[2023-03-20 13:19:56.069] [103024] [ERROR] data duplicated : 1191213306
[2023-03-20 13:19:56.069] [103024] [ INFO] dailian 스포츠, 축구 started...
[2023-03-20 13:19:59.832] [103024] [ERROR] data duplicated : 1191213216
[2023-03-20 13:19:59.832] [103024] [ INFO] dailian 스포츠, 축구 started...
[2023-03-20 13:20:03.959] [103024] [ERROR] data duplicated : 1191213175
[2023-03-20 13:20:03.959] [103024] [ INFO] https://dailian.co.kr/newslist?category2=903
[2023-03-20 13:20:05.256] [103024] [ INFO] dailian 스포츠, 해외축구 started...
[2023-03-20 13:20:09.387] [103024] [ERROR] data duplicated : 1191213214
[2023-03-20 13:20:09.388] [103024] [ INFO] dailian 스포츠, 해외축구 started...
[2023-03-20 13:20:13.740] [103024] [ERROR] data duplicated : 1191213098
[2023-03-20 13:20:13.740] [103024] [ INFO] dailian 스포츠, 해외축구 started...
[2023-03-20 13:20:18.511] [103024] [ERROR] data duplicated : 1191213105
[2023-03-20 13:20:18.512] [103024] [ INFO] https://dailian.co.kr/newslist?category2=904
[2023-03-20 13:20:20.575] [103024] [ INFO] dailian 스포츠, 야구 started...
[2023-03-20 13:20:25.782] [103024] [ERROR] data duplicated : 1191213063
[2023-03-20 13:20:25.783] [103024] [ INFO] dailian 스포츠, 야구 started...
[2023-03-20 13:20:30.480] [103024] [ERROR] data duplicated : 1191212878
[2023-03-20 13:20:30.481] [103024] [ INFO] dailian 스포츠, 야구 started...
[2023-03-20 13:20:36.077] [103024] [ERROR] data duplicated : 1191212586
[2023-03-20 13:20:36.077] [103024] [ INFO] https://dailian.co.kr/newslist?category2=905
[2023-03-20 13:20:38.269] [103024] [ INFO] dailian 스포츠, 해외야구 started...
[2023-03-20 13:20:43.878] [103024] [ERROR] data duplicated : 1191213274
[2023-03-20 13:20:43.878] [103024] [ INFO] dailian 스포츠, 해외야구 started...
[2023-03-20 13:20:50.131] [103024] [ERROR] data duplicated : 1191213172
[2023-03-20 13:20:50.131] [103024] [ INFO] dailian 스포츠, 해외야구 started...
[2023-03-20 13:20:56.060] [103024] [ERROR] data duplicated : 1191213101
[2023-03-20 13:20:56.061] [103024] [ INFO] https://dailian.co.kr/newslist?category2=906
[2023-03-20 13:20:59.378] [103024] [ INFO] dailian 스포츠, 농구 started...
[2023-03-20 13:21:05.380] [103024] [ERROR] data duplicated : 1191208601
[2023-03-20 13:21:05.381] [103024] [ INFO] dailian 스포츠, 농구 started...
[2023-03-20 13:21:11.974] [103024] [ERROR] data duplicated : 1191208251
[2023-03-20 13:21:11.975] [103024] [ INFO] dailian 스포츠, 농구 started...
[2023-03-20 13:21:15.374] [103024] [ERROR] data duplicated : 1191205039
[2023-03-20 13:21:15.374] [103024] [ INFO] https://dailian.co.kr/newslist?category2=907
[2023-03-20 13:21:15.907] [103024] [ INFO] dailian 스포츠, 배구 started...
[2023-03-20 13:21:19.202] [103024] [ERROR] data duplicated : 1191213196
[2023-03-20 13:21:19.203] [103024] [ INFO] dailian 스포츠, 배구 started...
[2023-03-20 13:21:22.538] [103024] [ERROR] data duplicated : 1191212593
[2023-03-20 13:21:22.538] [103024] [ INFO] dailian 스포츠, 배구 started...
[2023-03-20 13:21:25.895] [103024] [ERROR] data duplicated : 1191212582
[2023-03-20 13:21:25.895] [103024] [ INFO] https://dailian.co.kr/newslist?category2=908
[2023-03-20 13:21:26.163] [103024] [ INFO] dailian 스포츠, UFC started...
[2023-03-20 13:21:29.503] [103024] [ERROR] data duplicated : 1191213179
[2023-03-20 13:21:29.503] [103024] [ INFO] dailian 스포츠, UFC started...
[2023-03-20 13:21:32.876] [103024] [ERROR] data duplicated : 1191212894
[2023-03-20 13:21:32.876] [103024] [ INFO] dailian 스포츠, UFC started...
[2023-03-20 13:21:36.227] [103024] [ERROR] data duplicated : 1191199159
[2023-03-20 13:21:36.227] [103024] [ INFO] https://dailian.co.kr/newslist?category2=909
[2023-03-20 13:21:36.606] [103024] [ INFO] dailian 스포츠, 골프 started...
[2023-03-20 13:21:39.901] [103024] [ERROR] data duplicated : 1191212874
[2023-03-20 13:21:39.901] [103024] [ INFO] dailian 스포츠, 골프 started...
[2023-03-20 13:21:43.260] [103024] [ERROR] data duplicated : 1191212393
[2023-03-20 13:21:43.260] [103024] [ INFO] dailian 스포츠, 골프 started...
[2023-03-20 13:21:46.574] [103024] [ERROR] data duplicated : 1191211424
[2023-03-20 13:21:46.574] [103024] [ INFO] https://dailian.co.kr/newslist?category2=601
[2023-03-20 13:21:47.095] [103024] [ INFO] dailian 생활문화, 생활문화일반 started...
[2023-03-20 13:21:51.286] [103024] [ERROR] data duplicated : 1191213271
[2023-03-20 13:21:51.286] [103024] [ INFO] dailian 생활문화, 생활문화일반 started...
[2023-03-20 13:21:55.252] [103024] [ERROR] data duplicated : 1191213437
[2023-03-20 13:21:55.252] [103024] [ INFO] dailian 생활문화, 생활문화일반 started...
[2023-03-20 13:21:59.399] [103024] [ERROR] data duplicated : 1191213231
[2023-03-20 13:21:59.399] [103024] [ INFO] https://dailian.co.kr/newslist?category2=602
[2023-03-20 13:22:00.855] [103024] [ INFO] dailian 생활문화, 건강정보 started...
[2023-03-20 13:22:05.618] [103024] [ERROR] data duplicated : 1191213238
[2023-03-20 13:22:05.619] [103024] [ INFO] dailian 생활문화, 건강정보 started...
[2023-03-20 13:22:10.520] [103024] [ERROR] data duplicated : 1191213191
[2023-03-20 13:22:10.520] [103024] [ INFO] dailian 생활문화, 건강정보 started...
[2023-03-20 13:22:15.781] [103024] [ERROR] data duplicated : 1191212776
[2023-03-20 13:22:15.782] [103024] [ INFO] https://dailian.co.kr/newslist?category2=603
[2023-03-20 13:22:18.693] [103024] [ INFO] dailian 생활문화, 자동차·시승기 started...
[2023-03-20 13:22:22.627] [103024] [ERROR] data duplicated : 1191213277
[2023-03-20 13:22:22.629] [103024] [ INFO] dailian 생활문화, 자동차·시승기 started...
[2023-03-20 13:22:28.341] [103024] [ERROR] data duplicated : 1191213263
[2023-03-20 13:22:28.342] [103024] [ INFO] dailian 생활문화, 자동차·시승기 started...
[2023-03-20 13:22:32.807] [103024] [ERROR] data duplicated : 1191213252
[2023-03-20 13:22:32.807] [103024] [ INFO] https://dailian.co.kr/newslist?category2=604
[2023-03-20 13:22:34.597] [103024] [ INFO] dailian 생활문화, 도로·교통 started...
[2023-03-20 13:22:40.622] [103024] [ERROR] data duplicated : 1191213410
[2023-03-20 13:22:40.623] [103024] [ INFO] dailian 생활문화, 도로·교통 started...
[2023-03-20 13:22:45.866] [103024] [ERROR] data duplicated : 1191213391
[2023-03-20 13:22:45.868] [103024] [ INFO] dailian 생활문화, 도로·교통 started...
[2023-03-20 13:22:51.380] [103024] [ERROR] data duplicated : 1191212967
[2023-03-20 13:22:51.381] [103024] [ INFO] https://dailian.co.kr/newslist?category2=605
[2023-03-20 13:22:54.428] [103024] [ INFO] dailian 생활문화, 여행·레저 started...
[2023-03-20 13:23:00.349] [103024] [ERROR] data duplicated : 1191213437
[2023-03-20 13:23:00.350] [103024] [ INFO] dailian 생활문화, 여행·레저 started...
[2023-03-20 13:23:06.693] [103024] [ERROR] data duplicated : 1191213262
[2023-03-20 13:23:06.693] [103024] [ INFO] dailian 생활문화, 여행·레저 started...
[2023-03-20 13:23:13.278] [103024] [ERROR] data duplicated : 1191212941
[2023-03-20 13:23:13.279] [103024] [ INFO] https://dailian.co.kr/newslist?category2=606
[2023-03-20 13:23:16.790] [103024] [ INFO] dailian 생활문화, 음식·맛집 started...
[2023-03-20 13:23:20.103] [103024] [ERROR] data duplicated : 1191212664
[2023-03-20 13:23:20.105] [103024] [ INFO] dailian 생활문화, 음식·맛집 started...
[2023-03-20 13:23:23.426] [103024] [ERROR] data duplicated : 1191212397
[2023-03-20 13:23:23.427] [103024] [ INFO] dailian 생활문화, 음식·맛집 started...
[2023-03-20 13:23:26.705] [103024] [ERROR] data duplicated : 1191212131
[2023-03-20 13:23:26.705] [103024] [ INFO] https://dailian.co.kr/newslist?category2=607
[2023-03-20 13:23:27.103] [103024] [ INFO] dailian 생활문화, 패션·뷰티 started...
[2023-03-20 13:23:30.511] [103024] [ERROR] data duplicated : 1191213276
[2023-03-20 13:23:30.512] [103024] [ INFO] dailian 생활문화, 패션·뷰티 started...
[2023-03-20 13:23:33.823] [103024] [ERROR] data duplicated : 1191213267
[2023-03-20 13:23:33.823] [103024] [ INFO] dailian 생활문화, 패션·뷰티 started...
[2023-03-20 13:23:37.200] [103024] [ERROR] data duplicated : 1191212839
[2023-03-20 13:23:37.201] [103024] [ INFO] https://dailian.co.kr/newslist?category2=608
[2023-03-20 13:23:37.804] [103024] [ INFO] dailian 생활문화, 공연·전시 started...
[2023-03-20 13:23:41.096] [103024] [ERROR] data duplicated : 1191213444
[2023-03-20 13:23:41.097] [103024] [ INFO] dailian 생활문화, 공연·전시 started...
[2023-03-20 13:23:44.512] [103024] [ERROR] data duplicated : 1191213123
[2023-03-20 13:23:44.513] [103024] [ INFO] dailian 생활문화, 공연·전시 started...
[2023-03-20 13:23:48.121] [103024] [ERROR] data duplicated : 1191213147
[2023-03-20 13:23:48.121] [103024] [ INFO] https://dailian.co.kr/newslist?category2=609
[2023-03-20 13:23:48.804] [103024] [ INFO] dailian 생활문화, 책 started...
[2023-03-20 13:23:52.353] [103024] [ERROR] data duplicated : 1191212921
[2023-03-20 13:23:52.354] [103024] [ INFO] dailian 생활문화, 책 started...
[2023-03-20 13:23:56.718] [103024] [ERROR] data duplicated : 1191211197
[2023-03-20 13:23:56.719] [103024] [ INFO] dailian 생활문화, 책 started...
[2023-03-20 13:24:00.138] [103024] [ERROR] data duplicated : 1191210844
[2023-03-20 13:24:00.138] [103024] [ INFO] https://dailian.co.kr/newslist?category2=610
[2023-03-20 13:24:01.303] [103024] [ INFO] dailian 생활문화, 종교 started...
[2023-03-20 13:24:05.169] [103024] [ERROR] data duplicated : 1191168300
[2023-03-20 13:24:05.170] [103024] [ INFO] dailian 생활문화, 종교 started...
[2023-03-20 13:24:09.141] [103024] [ERROR] data duplicated : 1191146903
[2023-03-20 13:24:09.141] [103024] [ INFO] dailian 생활문화, 종교 started...
[2023-03-20 13:24:13.695] [103024] [ERROR] data duplicated : 1191146823
[2023-03-20 13:24:13.695] [103024] [ INFO] https://dailian.co.kr/newslist?category2=611
[2023-03-20 13:24:15.229] [103024] [ INFO] dailian 생활문화, 날씨 started...
[2023-03-20 13:24:19.603] [103024] [ERROR] data duplicated : 1191213307
[2023-03-20 13:24:19.603] [103024] [ INFO] dailian 생활문화, 날씨 started...
[2023-03-20 13:24:24.626] [103024] [ERROR] data duplicated : 1191213188
[2023-03-20 13:24:24.627] [103024] [ INFO] dailian 생활문화, 날씨 started...
[2023-03-20 13:24:29.663] [103024] [ERROR] data duplicated : 1191213126
[2023-03-20 13:24:29.664] [103024] [ INFO] https://dailian.co.kr/newslist?category2=701
[2023-03-20 13:24:31.669] [103024] [ INFO] dailian 세계, 세계일반 started...
[2023-03-20 13:24:36.897] [103024] [ERROR] data duplicated : 1191213440
[2023-03-20 13:24:36.897] [103024] [ INFO] dailian 세계, 세계일반 started...
[2023-03-20 13:24:43.213] [103024] [ERROR] data duplicated : 1191213294
[2023-03-20 13:24:43.214] [103024] [ INFO] dailian 세계, 세계일반 started...
[2023-03-20 13:24:49.254] [103024] [ERROR] data duplicated : 1191213206
[2023-03-20 13:24:49.255] [103024] [ INFO] https://dailian.co.kr/newslist?category2=702
[2023-03-20 13:24:51.575] [103024] [ INFO] dailian 세계, 아시아·오세아니아 started...
[2023-03-20 13:24:57.796] [103024] [ERROR] data duplicated : 1191213414
[2023-03-20 13:24:57.798] [103024] [ INFO] dailian 세계, 아시아·오세아니아 started...
[2023-03-20 13:25:03.877] [103024] [ERROR] data duplicated : 1191212988
[2023-03-20 13:25:03.877] [103024] [ INFO] dailian 세계, 아시아·오세아니아 started...
[2023-03-20 13:25:10.138] [103024] [ERROR] data duplicated : 1191212987
[2023-03-20 13:25:10.138] [103024] [ INFO] https://dailian.co.kr/newslist?category2=703
[2023-03-20 13:25:13.507] [103024] [ INFO] dailian 세계, 북미 started...
[2023-03-20 13:25:16.877] [103024] [ERROR] data duplicated : 1191213170
[2023-03-20 13:25:16.878] [103024] [ INFO] dailian 세계, 북미 started...
[2023-03-20 13:25:20.187] [103024] [ERROR] data duplicated : 1191212965
[2023-03-20 13:25:20.187] [103024] [ INFO] dailian 세계, 북미 started...
[2023-03-20 13:25:23.590] [103024] [ERROR] data duplicated : 1191212964
[2023-03-20 13:25:23.591] [103024] [ INFO] https://dailian.co.kr/newslist?category2=704
[2023-03-20 13:25:24.318] [103024] [ INFO] dailian 세계, 중남미 started...
[2023-03-20 13:25:27.667] [103024] [ERROR] data duplicated : 1191213166
[2023-03-20 13:25:27.669] [103024] [ INFO] dailian 세계, 중남미 started...
[2023-03-20 13:25:31.003] [103024] [ERROR] data duplicated : 1191212143
[2023-03-20 13:25:31.003] [103024] [ INFO] dailian 세계, 중남미 started...
[2023-03-20 13:25:34.392] [103024] [ERROR] data duplicated : 1191197421
[2023-03-20 13:25:34.392] [103024] [ INFO] https://dailian.co.kr/newslist?category2=705
[2023-03-20 13:25:34.732] [103024] [ INFO] dailian 세계, 유럽 started...
[2023-03-20 13:25:38.229] [103024] [ERROR] data duplicated : 1191213440
[2023-03-20 13:25:38.229] [103024] [ INFO] dailian 세계, 유럽 started...
[2023-03-20 13:25:41.843] [103024] [ERROR] data duplicated : 1191212923
[2023-03-20 13:25:41.843] [103024] [ INFO] dailian 세계, 유럽 started...
[2023-03-20 13:25:45.195] [103024] [ERROR] data duplicated : 1191212573
[2023-03-20 13:25:45.195] [103024] [ INFO] https://dailian.co.kr/newslist?category2=706
[2023-03-20 13:25:46.144] [103024] [ INFO] dailian 세계, 중동·아프리카 started...
[2023-03-20 13:25:50.202] [103024] [ERROR] data duplicated : 1191208056
[2023-03-20 13:25:50.202] [103024] [ INFO] dailian 세계, 중동·아프리카 started...
[2023-03-20 13:25:55.503] [103024] [ERROR] data duplicated : 1191206588
[2023-03-20 13:25:55.504] [103024] [ INFO] dailian 세계, 중동·아프리카 started...
[2023-03-20 13:26:00.839] [103024] [ERROR] data duplicated : 1191204408
