[2023-04-06 15:37:35.560] [122444] [ INFO] https://www.wowtv.co.kr/NewsCenter/News/NewsList?subMenu=economy&menuSeq=529&searchComp=WO
[2023-04-06 15:37:36.045] [122444] [ INFO] wowtv economy, 경제 started...
[2023-04-06 15:37:39.712] [122444] [ INFO] wowtv_news Mongo Insert : 215A202304060216
[2023-04-06 15:37:42.714] [122444] [ INFO] wowtv economy, 경제 started...
[2023-04-06 15:37:46.288] [122444] [ INFO] wowtv_news Mongo Insert : 215A202304060212
[2023-04-06 15:37:49.298] [122444] [ INFO] wowtv economy, 경제 started...
[2023-04-06 15:37:52.919] [122444] [ INFO] wowtv_news Mongo Insert : 215A202304060208
[2023-04-06 15:37:55.936] [122444] [ INFO] wowtv economy, 경제 started...
[2023-04-06 15:37:59.524] [122444] [ INFO] wowtv_news Mongo Insert : 215A202304060166
[2023-04-06 15:38:02.524] [122444] [ INFO] wowtv economy, 경제 started...
[2023-04-06 15:38:06.161] [122444] [ INFO] wowtv_news Mongo Insert : 215A202304060207
[2023-04-06 15:38:09.168] [122444] [ INFO] wowtv economy, 경제 started...
[2023-04-06 15:38:12.874] [122444] [ INFO] wowtv_news Mongo Insert : 215A202304060163
[2023-04-06 15:38:15.879] [122444] [ INFO] wowtv economy, 경제 started...
[2023-04-06 15:38:19.585] [122444] [ INFO] wowtv_news Mongo Insert : 215A202304060229
[2023-04-06 15:38:22.589] [122444] [ INFO] wowtv economy, 경제 started...
[2023-04-06 15:38:26.200] [122444] [ INFO] wowtv_news Mongo Insert : 215A202304060206
[2023-04-06 15:38:29.212] [122444] [ INFO] wowtv economy, 경제 started...
[2023-04-06 15:38:32.807] [122444] [ INFO] wowtv_news Mongo Insert : 215A202304060204
[2023-04-06 15:38:35.807] [122444] [ INFO] wowtv economy, 경제 started...
[2023-04-06 15:38:39.443] [122444] [ INFO] wowtv_news Mongo Insert : 215A202304050209
[2023-04-06 15:38:42.446] [122444] [ INFO] wowtv economy, 경제 started...
[2023-04-06 15:38:46.089] [122444] [ INFO] wowtv_news Mongo Insert : 215A202304060198
[2023-04-06 15:38:49.103] [122444] [ INFO] wowtv economy, 경제 started...
[2023-04-06 15:38:52.645] [122444] [ INFO] wowtv_news Mongo Insert : 215A202304060184
[2023-04-06 15:38:55.653] [122444] [ INFO] wowtv economy, 경제 started...
[2023-04-06 15:38:59.260] [122444] [ INFO] wowtv_news Mongo Insert : 215A202304050208
[2023-04-06 15:39:02.271] [122444] [ INFO] wowtv economy, 경제 started...
[2023-04-06 15:39:05.836] [122444] [ INFO] wowtv_news Mongo Insert : 215A202304050207
[2023-04-06 15:39:08.844] [122444] [ INFO] wowtv economy, 경제 started...
[2023-04-06 15:39:12.391] [122444] [ INFO] wowtv_news Mongo Insert : 215A202304060127
[2023-04-06 15:39:15.399] [122444] [ INFO] wowtv economy, 경제 started...
[2023-04-06 15:39:19.062] [122444] [ INFO] wowtv_news Mongo Insert : 215A202304050206
[2023-04-06 15:39:22.070] [122444] [ INFO] wowtv economy, 경제 started...
[2023-04-06 16:00:07.486] [131892] [ INFO] https://www.wowtv.co.kr/NewsCenter/News/NewsList?subMenu=economy&menuSeq=529&searchComp=WO
[2023-04-06 16:00:08.269] [131892] [ INFO] wowtv economy, 경제 started...
[2023-04-06 16:00:12.189] [131892] [ INFO] wowtv_news Mongo Insert : 215A202304060216
[2023-04-06 16:00:15.191] [131892] [ INFO] wowtv economy, 경제 started...
[2023-04-06 16:00:18.801] [131892] [ INFO] wowtv_news Mongo Insert : 215A202304060212
[2023-04-06 16:00:21.812] [131892] [ INFO] wowtv economy, 경제 started...
[2023-04-06 16:00:25.539] [131892] [ INFO] wowtv_news Mongo Insert : 215A202304060208
[2023-04-06 16:00:28.550] [131892] [ INFO] wowtv economy, 경제 started...
[2023-04-06 16:00:32.180] [131892] [ERROR] data duplicated : 215A202304060166
[2023-04-06 16:00:32.181] [131892] [ INFO] wowtv economy, 경제 started...
[2023-04-06 16:00:36.520] [131892] [ERROR] data duplicated : 215A202304060207
[2023-04-06 16:00:36.521] [131892] [ INFO] wowtv economy, 경제 started...
[2023-04-06 16:00:40.391] [131892] [ERROR] data duplicated : 215A202304060163
[2023-04-06 16:00:40.391] [131892] [ INFO] https://www.wowtv.co.kr/NewsCenter/News/NewsList?subMenu=stock&menuSeq=460&searchComp=WO
[2023-04-06 16:00:41.038] [131892] [ INFO] wowtv stock, 증권 started...
[2023-04-06 16:00:44.844] [131892] [ INFO] wowtv_news Mongo Insert : 215A202304060172
[2023-04-06 16:00:47.851] [131892] [ INFO] wowtv stock, 증권 started...
[2023-04-06 16:00:51.564] [131892] [ INFO] wowtv_news Mongo Insert : 215A202304060249
[2023-04-06 16:00:54.574] [131892] [ INFO] wowtv stock, 증권 started...
[2023-04-06 16:00:58.479] [131892] [ INFO] wowtv_news Mongo Insert : 215A202304060197
[2023-04-06 16:01:01.491] [131892] [ INFO] wowtv stock, 증권 started...
[2023-04-06 16:01:05.149] [131892] [ INFO] wowtv_news Mongo Insert : 215A202304060169
[2023-04-06 16:01:08.164] [131892] [ INFO] wowtv stock, 증권 started...
[2023-04-06 16:01:12.138] [131892] [ INFO] wowtv_news Mongo Insert : 215A202304060130
[2023-04-06 16:01:15.152] [131892] [ INFO] wowtv stock, 증권 started...
[2023-04-06 16:01:18.785] [131892] [ INFO] wowtv_news Mongo Insert : 215A202304060132
[2023-04-06 16:01:21.793] [131892] [ INFO] wowtv stock, 증권 started...
[2023-04-06 16:01:25.554] [131892] [ INFO] wowtv_news Mongo Insert : 215A202304060128
[2023-04-06 16:01:28.564] [131892] [ INFO] wowtv stock, 증권 started...
[2023-04-06 16:01:32.192] [131892] [ INFO] wowtv_news Mongo Insert : 215A202304060109
[2023-04-06 16:01:35.196] [131892] [ INFO] wowtv stock, 증권 started...
[2023-04-06 16:01:38.878] [131892] [ INFO] wowtv_news Mongo Insert : 215A202304060107
[2023-04-06 16:01:41.879] [131892] [ INFO] wowtv stock, 증권 started...
[2023-04-06 16:01:45.546] [131892] [ INFO] wowtv_news Mongo Insert : 215A202304060113
[2023-04-06 16:01:48.556] [131892] [ INFO] wowtv stock, 증권 started...
[2023-04-06 16:01:52.184] [131892] [ INFO] wowtv_news Mongo Insert : 215A202304060101
[2023-04-06 16:01:55.191] [131892] [ INFO] wowtv stock, 증권 started...
[2023-04-06 16:01:58.898] [131892] [ INFO] wowtv_news Mongo Insert : 215A202304060055
[2023-04-06 16:02:01.902] [131892] [ INFO] wowtv stock, 증권 started...
[2023-04-06 16:02:05.638] [131892] [ INFO] wowtv_news Mongo Insert : 215A202304060104
[2023-04-06 16:02:08.643] [131892] [ INFO] wowtv stock, 증권 started...
[2023-04-06 16:02:12.328] [131892] [ INFO] wowtv_news Mongo Insert : 215A202304060100
[2023-04-06 16:02:15.339] [131892] [ INFO] wowtv stock, 증권 started...
[2023-04-06 16:02:19.107] [131892] [ INFO] wowtv_news Mongo Insert : 215A202304060099
[2023-04-06 16:02:22.116] [131892] [ INFO] wowtv stock, 증권 started...
[2023-04-06 16:02:25.848] [131892] [ INFO] wowtv_news Mongo Insert : 215A202304060093
[2023-04-06 16:02:28.856] [131892] [ INFO] wowtv stock, 증권 started...
[2023-04-06 16:02:32.550] [131892] [ INFO] wowtv_news Mongo Insert : 215A202304060086
[2023-04-06 16:02:35.560] [131892] [ INFO] wowtv stock, 증권 started...
[2023-04-06 16:02:39.269] [131892] [ INFO] wowtv_news Mongo Insert : 215A202304060067
[2023-04-06 16:02:42.280] [131892] [ INFO] wowtv stock, 증권 started...
[2023-04-06 16:02:45.914] [131892] [ INFO] wowtv_news Mongo Insert : 215A202304060081
[2023-04-06 16:02:48.920] [131892] [ INFO] wowtv stock, 증권 started...
[2023-04-06 16:02:53.029] [131892] [ INFO] wowtv_news Mongo Insert : 215A202304060071
[2023-04-06 16:02:56.039] [131892] [ INFO] https://www.wowtv.co.kr/NewsCenter/News/NewsList?subMenu=init&menuSeq=902&searchComp=WO
[2023-04-06 16:02:57.134] [131892] [ INFO] wowtv init, 산업IT started...
[2023-04-06 16:03:00.783] [131892] [ INFO] wowtv_news Mongo Insert : 215A202304060248
[2023-04-06 16:03:03.798] [131892] [ INFO] wowtv init, 산업IT started...
[2023-04-06 16:03:07.472] [131892] [ INFO] wowtv_news Mongo Insert : 215A202304060214
[2023-04-06 16:30:58.348] [124600] [ INFO] https://www.wowtv.co.kr/NewsCenter/News/NewsList?subMenu=economy&menuSeq=529&searchComp=WO
[2023-04-06 16:30:58.891] [124600] [ INFO] wowtv economy, 경제 started...
[2023-04-06 16:31:02.856] [124600] [ INFO] wowtv_news Mongo Insert : 215A202304060272
[2023-04-06 16:31:05.862] [124600] [ INFO] wowtv economy, 경제 started...
[2023-04-06 16:31:09.433] [124600] [ERROR] data duplicated : 215A202304060216
[2023-04-06 16:31:09.434] [124600] [ INFO] wowtv economy, 경제 started...
[2023-04-06 16:31:12.998] [124600] [ERROR] data duplicated : 215A202304060212
[2023-04-06 16:31:12.998] [124600] [ INFO] wowtv economy, 경제 started...
[2023-04-06 16:31:16.628] [124600] [ERROR] data duplicated : 215A202304060208
[2023-04-06 16:31:16.629] [124600] [ INFO] https://www.wowtv.co.kr/NewsCenter/News/NewsList?subMenu=stock&menuSeq=460&searchComp=WO
[2023-04-06 16:31:17.244] [124600] [ INFO] wowtv stock, 증권 started...
[2023-04-06 16:31:20.895] [124600] [ INFO] wowtv_news Mongo Insert : 215A202304060268
[2023-04-06 16:31:23.900] [124600] [ INFO] wowtv stock, 증권 started...
[2023-04-06 16:31:27.620] [124600] [ INFO] wowtv_news Mongo Insert : 215A202304060259
[2023-04-06 16:31:30.629] [124600] [ INFO] wowtv stock, 증권 started...
[2023-04-06 16:31:34.221] [124600] [ERROR] data duplicated : 215A202304060172
[2023-04-06 16:31:34.222] [124600] [ INFO] wowtv stock, 증권 started...
[2023-04-06 16:31:37.822] [124600] [ERROR] data duplicated : 215A202304060249
[2023-04-06 16:31:37.823] [124600] [ INFO] wowtv stock, 증권 started...
[2023-04-06 16:31:41.430] [124600] [ERROR] data duplicated : 215A202304060197
[2023-04-06 16:31:41.430] [124600] [ INFO] https://www.wowtv.co.kr/NewsCenter/News/NewsList?subMenu=init&menuSeq=902&searchComp=WO
[2023-04-06 16:31:41.943] [124600] [ INFO] wowtv init, 산업IT started...
[2023-04-06 16:31:45.511] [124600] [ INFO] wowtv_news Mongo Insert : 215A202304060279
[2023-04-06 16:31:48.526] [124600] [ INFO] wowtv init, 산업IT started...
[2023-04-06 16:31:52.120] [124600] [ INFO] wowtv_news Mongo Insert : 215A202304060271
[2023-04-06 16:31:55.132] [124600] [ INFO] wowtv init, 산업IT started...
[2023-04-06 16:31:58.667] [124600] [ INFO] wowtv_news Mongo Insert : 215A202304060275
[2023-04-06 16:32:01.669] [124600] [ INFO] wowtv init, 산업IT started...
[2023-04-06 16:32:05.212] [124600] [ INFO] wowtv_news Mongo Insert : 215A202304060201
[2023-04-06 16:32:08.222] [124600] [ INFO] wowtv init, 산업IT started...
[2023-04-06 16:32:11.761] [124600] [ERROR] data duplicated : 215A202304060248
[2023-04-06 16:32:11.761] [124600] [ INFO] wowtv init, 산업IT started...
[2023-04-06 16:32:15.370] [124600] [ERROR] data duplicated : 215A202304060214
[2023-04-06 16:32:15.370] [124600] [ INFO] wowtv init, 산업IT started...
[2023-04-06 16:32:18.993] [124600] [ INFO] wowtv_news Mongo Insert : 215A202304060061
[2023-04-06 16:32:22.028] [124600] [ INFO] wowtv init, 산업IT started...
[2023-04-06 16:32:25.594] [124600] [ INFO] wowtv_news Mongo Insert : 215A202304060243
[2023-04-06 16:32:28.595] [124600] [ INFO] wowtv init, 산업IT started...
[2023-04-06 16:32:32.252] [124600] [ INFO] wowtv_news Mongo Insert : 215A202304060227
[2023-04-06 16:32:35.260] [124600] [ INFO] wowtv init, 산업IT started...
[2023-04-06 16:32:38.817] [124600] [ INFO] wowtv_news Mongo Insert : 215A202304060240
[2023-04-06 16:32:41.828] [124600] [ INFO] wowtv init, 산업IT started...
[2023-04-06 16:32:45.382] [124600] [ INFO] wowtv_news Mongo Insert : 215A202304060233
[2023-04-06 16:32:48.394] [124600] [ INFO] wowtv init, 산업IT started...
[2023-04-06 16:32:51.956] [124600] [ INFO] wowtv_news Mongo Insert : 215A202304060230
[2023-04-06 16:32:54.969] [124600] [ INFO] wowtv init, 산업IT started...
[2023-04-06 16:32:58.518] [124600] [ INFO] wowtv_news Mongo Insert : 215A202304060223
[2023-04-06 16:33:01.519] [124600] [ INFO] wowtv init, 산업IT started...
[2023-04-06 16:33:05.125] [124600] [ INFO] wowtv_news Mongo Insert : 215A202304060203
[2023-04-06 16:33:08.130] [124600] [ INFO] wowtv init, 산업IT started...
[2023-04-06 16:33:11.677] [124600] [ INFO] wowtv_news Mongo Insert : 215A202304060170
[2023-04-06 16:33:14.689] [124600] [ INFO] wowtv init, 산업IT started...
[2023-04-06 16:33:18.306] [124600] [ INFO] wowtv_news Mongo Insert : 215A202304060175
[2023-04-06 16:33:21.316] [124600] [ INFO] wowtv init, 산업IT started...
[2023-04-06 16:33:24.850] [124600] [ INFO] wowtv_news Mongo Insert : 215A202304060193
[2023-04-06 16:33:27.858] [124600] [ INFO] wowtv init, 산업IT started...
[2023-04-06 16:33:31.562] [124600] [ INFO] wowtv_news Mongo Insert : 215A202304060167
[2023-04-06 16:33:34.576] [124600] [ INFO] wowtv init, 산업IT started...
[2023-04-06 16:33:38.253] [124600] [ INFO] wowtv_news Mongo Insert : 215A202304060165
[2023-04-06 16:33:41.262] [124600] [ INFO] wowtv init, 산업IT started...
[2023-04-06 16:33:44.819] [124600] [ INFO] wowtv_news Mongo Insert : 215A202304060088
[2023-04-06 16:33:47.826] [124600] [ INFO] https://www.wowtv.co.kr/NewsCenter/News/NewsList?subMenu=virtualcurrency&menuSeq=21138&searchComp=WO
[2023-04-06 16:33:48.854] [124600] [ INFO] wowtv virtualcurrency, 가상화폐 started...
[2023-04-06 16:33:52.499] [124600] [ INFO] wowtv_news Mongo Insert : 215A202304060186
[2023-04-06 16:33:55.508] [124600] [ INFO] wowtv virtualcurrency, 가상화폐 started...
[2023-04-06 16:33:59.055] [124600] [ INFO] wowtv_news Mongo Insert : 215A202304060073
[2023-04-06 16:34:02.061] [124600] [ INFO] wowtv virtualcurrency, 가상화폐 started...
[2023-04-06 16:34:05.727] [124600] [ INFO] wowtv_news Mongo Insert : 215A202304060085
[2023-04-06 16:34:08.739] [124600] [ INFO] wowtv virtualcurrency, 가상화폐 started...
[2023-04-06 16:34:12.346] [124600] [ INFO] wowtv_news Mongo Insert : 215A202304060020
[2023-04-06 16:34:15.355] [124600] [ INFO] wowtv virtualcurrency, 가상화폐 started...
[2023-04-06 16:34:18.963] [124600] [ INFO] wowtv_news Mongo Insert : 215A202304050293
[2023-04-06 16:34:21.965] [124600] [ INFO] wowtv virtualcurrency, 가상화폐 started...
[2023-04-06 16:34:25.568] [124600] [ INFO] wowtv_news Mongo Insert : 215A202304050155
[2023-04-06 16:34:28.578] [124600] [ INFO] wowtv virtualcurrency, 가상화폐 started...
[2023-04-06 16:34:32.156] [124600] [ INFO] wowtv_news Mongo Insert : 215A202304050002
[2023-04-06 16:34:35.167] [124600] [ INFO] wowtv virtualcurrency, 가상화폐 started...
[2023-04-06 16:34:38.844] [124600] [ INFO] wowtv_news Mongo Insert : 215A202304050001
[2023-04-06 16:34:41.853] [124600] [ INFO] wowtv virtualcurrency, 가상화폐 started...
[2023-04-06 16:34:45.531] [124600] [ INFO] wowtv_news Mongo Insert : 215A202304040615
[2023-04-06 16:34:48.541] [124600] [ INFO] wowtv virtualcurrency, 가상화폐 started...
[2023-04-06 16:34:52.106] [124600] [ INFO] wowtv_news Mongo Insert : 215A202304040570
[2023-04-06 16:34:55.116] [124600] [ INFO] wowtv virtualcurrency, 가상화폐 started...
[2023-04-06 16:34:58.759] [124600] [ INFO] wowtv_news Mongo Insert : 215A202304040378
[2023-04-06 16:35:01.771] [124600] [ INFO] wowtv virtualcurrency, 가상화폐 started...
[2023-04-06 16:35:05.341] [124600] [ INFO] wowtv_news Mongo Insert : 215A202304040347
[2023-04-06 16:35:08.355] [124600] [ INFO] wowtv virtualcurrency, 가상화폐 started...
[2023-04-06 16:35:12.404] [124600] [ INFO] wowtv_news Mongo Insert : 215A202304040342
[2023-04-06 16:35:15.415] [124600] [ INFO] wowtv virtualcurrency, 가상화폐 started...
[2023-04-06 16:35:19.082] [124600] [ INFO] wowtv_news Mongo Insert : 215A202304040340
[2023-04-06 16:35:22.090] [124600] [ INFO] wowtv virtualcurrency, 가상화폐 started...
[2023-04-06 16:35:25.833] [124600] [ INFO] wowtv_news Mongo Insert : 215A202304030297
[2023-04-06 16:35:28.838] [124600] [ INFO] wowtv virtualcurrency, 가상화폐 started...
[2023-04-06 16:35:32.521] [124600] [ INFO] wowtv_news Mongo Insert : 215A202304030245
[2023-04-06 16:35:35.533] [124600] [ INFO] wowtv virtualcurrency, 가상화폐 started...
[2023-04-06 16:35:39.381] [124600] [ INFO] wowtv_news Mongo Insert : 215A202304030032
[2023-04-06 16:35:42.387] [124600] [ INFO] wowtv virtualcurrency, 가상화폐 started...
[2023-04-06 16:35:46.178] [124600] [ INFO] wowtv_news Mongo Insert : 215A202304030001
[2023-04-06 16:35:49.187] [124600] [ INFO] wowtv virtualcurrency, 가상화폐 started...
[2023-04-06 16:35:52.849] [124600] [ INFO] wowtv_news Mongo Insert : 215A202304020068
[2023-04-06 16:35:55.857] [124600] [ INFO] wowtv virtualcurrency, 가상화폐 started...
[2023-04-06 16:35:59.403] [124600] [ INFO] wowtv_news Mongo Insert : 215A202304020024
[2023-04-06 16:36:02.407] [124600] [ INFO] https://www.wowtv.co.kr/NewsCenter/News/NewsList?subMenu=politics&menuSeq=79252&searchComp=WO
[2023-04-06 16:36:02.889] [124600] [ INFO] wowtv politics, 정치사회 started...
[2023-04-06 16:36:06.524] [124600] [ INFO] wowtv_news Mongo Insert : 215A202304060261
[2023-04-06 16:36:09.538] [124600] [ INFO] wowtv politics, 정치사회 started...
[2023-04-06 16:36:13.164] [124600] [ INFO] wowtv_news Mongo Insert : 215A202304060245
[2023-04-06 16:36:16.177] [124600] [ INFO] wowtv politics, 정치사회 started...
[2023-04-06 16:36:19.709] [124600] [ INFO] wowtv_news Mongo Insert : 215A202304060238
[2023-04-06 16:36:22.720] [124600] [ INFO] wowtv politics, 정치사회 started...
[2023-04-06 16:36:26.338] [124600] [ INFO] wowtv_news Mongo Insert : 215A202304060231
[2023-04-06 16:36:29.349] [124600] [ INFO] wowtv politics, 정치사회 started...
[2023-04-06 16:36:32.897] [124600] [ INFO] wowtv_news Mongo Insert : 215A202304060225
[2023-04-06 16:36:35.900] [124600] [ INFO] wowtv politics, 정치사회 started...
[2023-04-06 16:36:39.454] [124600] [ INFO] wowtv_news Mongo Insert : 215A202304060220
[2023-04-06 16:36:42.468] [124600] [ INFO] wowtv politics, 정치사회 started...
[2023-04-06 16:36:46.049] [124600] [ INFO] wowtv_news Mongo Insert : 215A202304060199
[2023-04-06 16:36:49.059] [124600] [ INFO] wowtv politics, 정치사회 started...
[2023-04-06 16:36:52.648] [124600] [ INFO] wowtv_news Mongo Insert : 215A202304060180
[2023-04-06 16:36:55.651] [124600] [ INFO] wowtv politics, 정치사회 started...
[2023-04-06 16:36:59.266] [124600] [ INFO] wowtv_news Mongo Insert : 215A202304060171
[2023-04-06 16:37:02.276] [124600] [ INFO] wowtv politics, 정치사회 started...
[2023-04-06 16:37:05.943] [124600] [ INFO] wowtv_news Mongo Insert : 215A202304060135
[2023-04-06 16:37:08.946] [124600] [ INFO] wowtv politics, 정치사회 started...
[2023-04-06 16:37:12.505] [124600] [ INFO] wowtv_news Mongo Insert : 215A202304060118
[2023-04-06 16:37:15.510] [124600] [ INFO] wowtv politics, 정치사회 started...
[2023-04-06 16:37:19.122] [124600] [ INFO] wowtv_news Mongo Insert : 215A202304060079
[2023-04-06 16:37:22.131] [124600] [ INFO] wowtv politics, 정치사회 started...
[2023-04-06 16:37:25.786] [124600] [ INFO] wowtv_news Mongo Insert : 215A202304060075
[2023-04-06 16:37:28.796] [124600] [ INFO] wowtv politics, 정치사회 started...
[2023-04-06 16:37:32.460] [124600] [ INFO] wowtv_news Mongo Insert : 215A202304060066
[2023-04-06 16:37:35.469] [124600] [ INFO] wowtv politics, 정치사회 started...
[2023-04-06 16:37:38.994] [124600] [ INFO] wowtv_news Mongo Insert : 215A202304060051
[2023-04-06 16:37:42.001] [124600] [ INFO] wowtv politics, 정치사회 started...
[2023-04-06 16:37:45.562] [124600] [ INFO] wowtv_news Mongo Insert : 215A202304060018
[2023-04-06 16:37:48.572] [124600] [ INFO] wowtv politics, 정치사회 started...
[2023-04-06 16:37:52.255] [124600] [ INFO] wowtv_news Mongo Insert : 215A202304060014
[2023-04-06 16:37:55.270] [124600] [ INFO] wowtv politics, 정치사회 started...
[2023-04-06 16:37:58.951] [124600] [ INFO] wowtv_news Mongo Insert : 215A202304060013
[2023-04-06 16:38:01.954] [124600] [ INFO] wowtv politics, 정치사회 started...
[2023-04-06 16:38:05.645] [124600] [ INFO] wowtv_news Mongo Insert : 215A202304060011
[2023-04-06 16:38:08.656] [124600] [ INFO] wowtv politics, 정치사회 started...
[2023-04-06 16:38:12.337] [124600] [ INFO] wowtv_news Mongo Insert : 215A202304060008
[2023-04-06 16:38:15.341] [124600] [ INFO] https://www.wowtv.co.kr/NewsCenter/News/NewsList?subMenu=international&menuSeq=587&searchComp=WO
[2023-04-06 16:38:15.843] [124600] [ INFO] wowtv international, 국제 started...
[2023-04-06 16:38:19.413] [124600] [ INFO] wowtv_news Mongo Insert : 215A202304060280
[2023-04-06 16:38:22.423] [124600] [ INFO] wowtv international, 국제 started...
[2023-04-06 16:38:25.971] [124600] [ INFO] wowtv_news Mongo Insert : 215A202304060215
[2023-04-06 16:38:28.982] [124600] [ INFO] wowtv international, 국제 started...
[2023-04-06 16:38:32.606] [124600] [ INFO] wowtv_news Mongo Insert : 215A202304060058
[2023-04-06 16:38:35.620] [124600] [ INFO] wowtv international, 국제 started...
[2023-04-06 16:38:39.253] [124600] [ INFO] wowtv_news Mongo Insert : 215A202304060030
[2023-04-06 16:38:42.253] [124600] [ INFO] wowtv international, 국제 started...
[2023-04-06 16:38:45.837] [124600] [ INFO] wowtv_news Mongo Insert : 215A202304060016
[2023-04-06 16:38:48.837] [124600] [ INFO] wowtv international, 국제 started...
[2023-04-06 16:38:52.438] [124600] [ INFO] wowtv_news Mongo Insert : 215A202304060015
[2023-04-06 16:38:55.452] [124600] [ INFO] wowtv international, 국제 started...
[2023-04-06 16:38:59.170] [124600] [ INFO] wowtv_news Mongo Insert : 215A202304060012
[2023-04-06 16:39:02.176] [124600] [ INFO] wowtv international, 국제 started...
[2023-04-06 16:39:05.927] [124600] [ INFO] wowtv_news Mongo Insert : 215A202304060010
[2023-04-06 16:39:08.930] [124600] [ INFO] wowtv international, 국제 started...
[2023-04-06 16:39:12.589] [124600] [ INFO] wowtv_news Mongo Insert : 215A202304060007
[2023-04-06 16:39:15.598] [124600] [ INFO] wowtv international, 국제 started...
[2023-04-06 16:39:19.227] [124600] [ INFO] wowtv_news Mongo Insert : 215A202304060006
[2023-04-06 16:39:22.232] [124600] [ INFO] wowtv international, 국제 started...
[2023-04-06 16:39:25.861] [124600] [ INFO] wowtv_news Mongo Insert : 215A202304060005
[2023-04-06 16:39:28.863] [124600] [ INFO] wowtv international, 국제 started...
[2023-04-06 16:39:32.444] [124600] [ INFO] wowtv_news Mongo Insert : 215A202304060004
[2023-04-06 16:39:35.458] [124600] [ INFO] wowtv international, 국제 started...
[2023-04-06 16:39:39.097] [124600] [ INFO] wowtv_news Mongo Insert : 215A202304050298
[2023-04-06 16:39:42.111] [124600] [ INFO] wowtv international, 국제 started...
[2023-04-06 16:39:45.725] [124600] [ INFO] wowtv_news Mongo Insert : 215A202304050296
[2023-04-06 16:39:48.729] [124600] [ INFO] wowtv international, 국제 started...
[2023-04-06 16:39:52.412] [124600] [ INFO] wowtv_news Mongo Insert : 215A202304050294
[2023-04-06 16:39:55.416] [124600] [ INFO] wowtv international, 국제 started...
[2023-04-06 16:39:58.993] [124600] [ INFO] wowtv_news Mongo Insert : 215A202304050292
[2023-04-06 16:40:02.000] [124600] [ INFO] wowtv international, 국제 started...
[2023-04-06 16:40:05.802] [124600] [ INFO] wowtv_news Mongo Insert : 215A202304050282
[2023-04-06 16:40:08.804] [124600] [ INFO] wowtv international, 국제 started...
[2023-04-06 16:40:12.428] [124600] [ INFO] wowtv_news Mongo Insert : 215A202304050281
[2023-04-06 16:40:15.439] [124600] [ INFO] wowtv international, 국제 started...
[2023-04-06 16:40:19.046] [124600] [ INFO] wowtv_news Mongo Insert : 215A202304050265
[2023-04-06 16:40:22.051] [124600] [ INFO] wowtv international, 국제 started...
[2023-04-06 16:40:25.695] [124600] [ INFO] wowtv_news Mongo Insert : 215A202304050215
[2023-04-06 16:40:28.706] [124600] [ INFO] https://www.wowtv.co.kr/NewsCenter/News/NewsList?subMenu=sports&menuSeq=79073&searchComp=WO
[2023-04-06 16:40:29.447] [124600] [ INFO] wowtv sports, 스포츠 started...
[2023-04-06 16:40:33.319] [124600] [ INFO] wowtv_news Mongo Insert : 215A202304030280
[2023-04-06 16:40:36.323] [124600] [ INFO] wowtv sports, 스포츠 started...
[2023-04-06 16:40:43.026] [124600] [ INFO] wowtv_news Mongo Insert : 215A202304020075
[2023-04-06 16:40:46.029] [124600] [ INFO] wowtv sports, 스포츠 started...
[2023-04-06 16:40:52.483] [124600] [ INFO] wowtv_news Mongo Insert : 215A202304020063
[2023-04-06 16:40:55.492] [124600] [ INFO] wowtv sports, 스포츠 started...
[2023-04-06 16:40:59.066] [124600] [ INFO] wowtv_news Mongo Insert : 215A202304010051
[2023-04-06 16:41:02.068] [124600] [ INFO] wowtv sports, 스포츠 started...
[2023-04-06 16:41:05.731] [124600] [ INFO] wowtv_news Mongo Insert : 215A202304010043
[2023-04-06 16:41:08.743] [124600] [ INFO] wowtv sports, 스포츠 started...
[2023-04-06 16:41:12.301] [124600] [ INFO] wowtv_news Mongo Insert : 215A202303310310
[2023-04-06 16:41:15.313] [124600] [ INFO] wowtv sports, 스포츠 started...
[2023-04-06 16:41:18.898] [124600] [ INFO] wowtv_news Mongo Insert : 215A202303310295
[2023-04-06 16:41:21.900] [124600] [ INFO] wowtv sports, 스포츠 started...
[2023-04-06 16:41:25.480] [124600] [ INFO] wowtv_news Mongo Insert : 215A202303300044
[2023-04-06 16:41:28.492] [124600] [ INFO] wowtv sports, 스포츠 started...
[2023-04-06 16:41:32.042] [124600] [ INFO] wowtv_news Mongo Insert : 215A202303260063
[2023-04-06 16:41:35.047] [124600] [ INFO] wowtv sports, 스포츠 started...
[2023-04-06 16:41:38.664] [124600] [ INFO] wowtv_news Mongo Insert : 215A202303240330
[2023-04-06 16:41:41.676] [124600] [ INFO] wowtv sports, 스포츠 started...
[2023-04-06 16:41:45.275] [124600] [ INFO] wowtv_news Mongo Insert : 215A202303240026
[2023-04-06 16:41:48.283] [124600] [ INFO] wowtv sports, 스포츠 started...
[2023-04-06 16:41:51.822] [124600] [ INFO] wowtv_news Mongo Insert : 215A202303230097
[2023-04-06 16:41:54.834] [124600] [ INFO] wowtv sports, 스포츠 started...
[2023-04-06 16:41:58.511] [124600] [ INFO] wowtv_news Mongo Insert : 215A202303230067
[2023-04-06 16:42:01.523] [124600] [ INFO] wowtv sports, 스포츠 started...
[2023-04-06 16:42:05.192] [124600] [ INFO] wowtv_news Mongo Insert : 215A202303220282
[2023-04-06 16:42:08.194] [124600] [ INFO] wowtv sports, 스포츠 started...
[2023-04-06 16:42:11.782] [124600] [ERROR] data duplicated : 215A202303190047
[2023-04-06 16:42:11.782] [124600] [ INFO] wowtv sports, 스포츠 started...
[2023-04-06 16:42:15.391] [124600] [ERROR] data duplicated : 215A202303170016
[2023-04-06 16:42:15.392] [124600] [ INFO] wowtv sports, 스포츠 started...
[2023-04-06 16:42:18.954] [124600] [ERROR] data duplicated : 215A202303160015
[2023-04-06 16:42:18.954] [124600] [ INFO] https://www.wowtv.co.kr/NewsCenter/News/NewsList?subMenu=entstar&menuSeq=79072&searchComp=WO
[2023-04-06 16:42:19.644] [124600] [ INFO] wowtv entstar, 연예 started...
[2023-04-06 16:42:23.264] [124600] [ INFO] wowtv_news Mongo Insert : 215A202304060287
[2023-04-06 16:42:26.271] [124600] [ INFO] wowtv entstar, 연예 started...
[2023-04-06 16:42:29.927] [124600] [ INFO] wowtv_news Mongo Insert : 215A202304060278
[2023-04-06 16:42:32.932] [124600] [ INFO] wowtv entstar, 연예 started...
[2023-04-06 16:42:36.596] [124600] [ INFO] wowtv_news Mongo Insert : 215A202304060242
[2023-04-06 16:42:39.596] [124600] [ INFO] wowtv entstar, 연예 started...
[2023-04-06 16:42:43.155] [124600] [ INFO] wowtv_news Mongo Insert : 215A202304060187
[2023-04-06 16:42:46.168] [124600] [ INFO] wowtv entstar, 연예 started...
[2023-04-06 16:42:49.838] [124600] [ INFO] wowtv_news Mongo Insert : 215A202304060182
[2023-04-06 16:42:52.847] [124600] [ INFO] wowtv entstar, 연예 started...
[2023-04-06 16:42:56.434] [124600] [ INFO] wowtv_news Mongo Insert : 215A202304060179
[2023-04-06 16:42:59.445] [124600] [ INFO] wowtv entstar, 연예 started...
[2023-04-06 16:43:03.058] [124600] [ INFO] wowtv_news Mongo Insert : 215A202304060177
[2023-04-06 16:43:06.058] [124600] [ INFO] wowtv entstar, 연예 started...
[2023-04-06 16:43:09.621] [124600] [ INFO] wowtv_news Mongo Insert : 215A202304060176
[2023-04-06 16:43:12.634] [124600] [ INFO] wowtv entstar, 연예 started...
[2023-04-06 16:43:16.216] [124600] [ INFO] wowtv_news Mongo Insert : 215A202304060174
[2023-04-06 16:43:19.232] [124600] [ INFO] wowtv entstar, 연예 started...
[2023-04-06 16:43:22.975] [124600] [ INFO] wowtv_news Mongo Insert : 215A202304060164
[2023-04-06 16:43:25.985] [124600] [ INFO] wowtv entstar, 연예 started...
[2023-04-06 16:43:29.528] [124600] [ INFO] wowtv_news Mongo Insert : 215A202304060139
[2023-04-06 16:43:32.540] [124600] [ INFO] wowtv entstar, 연예 started...
[2023-04-06 16:43:36.162] [124600] [ INFO] wowtv_news Mongo Insert : 215A202304060138
[2023-04-06 16:43:39.167] [124600] [ INFO] wowtv entstar, 연예 started...
[2023-04-06 16:43:42.791] [124600] [ INFO] wowtv_news Mongo Insert : 215A202304060133
[2023-04-06 16:43:45.799] [124600] [ INFO] wowtv entstar, 연예 started...
[2023-04-06 16:43:49.509] [124600] [ INFO] wowtv_news Mongo Insert : 215A202304060125
[2023-04-06 16:43:52.513] [124600] [ INFO] wowtv entstar, 연예 started...
[2023-04-06 16:43:56.092] [124600] [ INFO] wowtv_news Mongo Insert : 215A202304060120
[2023-04-06 16:43:59.102] [124600] [ INFO] wowtv entstar, 연예 started...
[2023-04-06 16:44:02.628] [124600] [ INFO] wowtv_news Mongo Insert : 215A202304060106
[2023-04-06 16:44:05.642] [124600] [ INFO] wowtv entstar, 연예 started...
[2023-04-06 16:44:09.595] [124600] [ INFO] wowtv_news Mongo Insert : 215A202304060098
[2023-04-06 16:44:12.600] [124600] [ INFO] wowtv entstar, 연예 started...
[2023-04-06 16:44:16.160] [124600] [ INFO] wowtv_news Mongo Insert : 215A202304060078
[2023-04-06 16:44:19.167] [124600] [ INFO] wowtv entstar, 연예 started...
[2023-04-06 16:44:22.749] [124600] [ INFO] wowtv_news Mongo Insert : 215A202304060064
[2023-04-06 16:44:25.759] [124600] [ INFO] wowtv entstar, 연예 started...
[2023-04-06 16:44:29.338] [124600] [ INFO] wowtv_news Mongo Insert : 215A202304060056
