[2023-02-24 12:51:34.443] [10744] [ INFO] https://www.wowtv.co.kr/NewsCenter/News/NewsList?subMenu=economy&searchComp=WO
[2023-02-24 12:51:34.982] [10744] [ INFO] wowtv economy, 경제 started...
[2023-02-24 12:51:38.652] [10744] [ERROR] E11000 duplicate key error collection: News_KR.wowtv index: _id_ dup key: { : "215A202302240145" }, full error: {'index': 0, 'code': 11000, 'errmsg': 'E11000 duplicate key error collection: News_KR.wowtv index: _id_ dup key: { : "215A202302240145" }'}
[2023-02-24 12:51:38.656] [10744] [ INFO] wowtv economy, 경제 started...
[2023-02-24 12:51:42.236] [10744] [ERROR] 'NoneType' object has no attribute 'get_text'
[2023-02-24 12:51:42.239] [10744] [ INFO] https://www.wowtv.co.kr/NewsCenter/News/NewsList?subMenu=stock&searchComp=WO
[2023-02-24 12:51:42.749] [10744] [ INFO] wowtv stock, 증권 started...
[2023-02-24 12:51:46.287] [10744] [ INFO] wowtv_news Mongo Insert : 215A202302240157
[2023-02-24 12:51:49.291] [10744] [ INFO] wowtv stock, 증권 started...
[2023-02-24 12:51:52.887] [10744] [ERROR] E11000 duplicate key error collection: News_KR.wowtv index: _id_ dup key: { : "215A202302240117" }, full error: {'index': 0, 'code': 11000, 'errmsg': 'E11000 duplicate key error collection: News_KR.wowtv index: _id_ dup key: { : "215A202302240117" }'}
[2023-02-24 12:51:52.889] [10744] [ INFO] wowtv stock, 증권 started...
[2023-02-24 12:51:56.480] [10744] [ERROR] E11000 duplicate key error collection: News_KR.wowtv index: _id_ dup key: { : "215A202302240092" }, full error: {'index': 0, 'code': 11000, 'errmsg': 'E11000 duplicate key error collection: News_KR.wowtv index: _id_ dup key: { : "215A202302240092" }'}
[2023-02-24 12:51:56.483] [10744] [ INFO] wowtv stock, 증권 started...
[2023-02-24 12:52:00.059] [10744] [ERROR] E11000 duplicate key error collection: News_KR.wowtv index: _id_ dup key: { : "215A202302240085" }, full error: {'index': 0, 'code': 11000, 'errmsg': 'E11000 duplicate key error collection: News_KR.wowtv index: _id_ dup key: { : "215A202302240085" }'}
[2023-02-24 12:52:00.063] [10744] [ INFO] https://www.wowtv.co.kr/NewsCenter/News/NewsList?subMenu=init&searchComp=WO
[2023-02-24 12:52:00.627] [10744] [ INFO] wowtv init, 산업IT started...
[2023-02-24 12:52:04.221] [10744] [ERROR] E11000 duplicate key error collection: News_KR.wowtv index: _id_ dup key: { : "215A202302240128" }, full error: {'index': 0, 'code': 11000, 'errmsg': 'E11000 duplicate key error collection: News_KR.wowtv index: _id_ dup key: { : "215A202302240128" }'}
[2023-02-24 12:52:04.225] [10744] [ INFO] wowtv init, 산업IT started...
[2023-02-24 12:52:07.795] [10744] [ERROR] E11000 duplicate key error collection: News_KR.wowtv index: _id_ dup key: { : "215A202302240116" }, full error: {'index': 0, 'code': 11000, 'errmsg': 'E11000 duplicate key error collection: News_KR.wowtv index: _id_ dup key: { : "215A202302240116" }'}
[2023-02-24 12:52:07.797] [10744] [ INFO] wowtv init, 산업IT started...
[2023-02-24 12:52:11.384] [10744] [ERROR] E11000 duplicate key error collection: News_KR.wowtv index: _id_ dup key: { : "215A202302240104" }, full error: {'index': 0, 'code': 11000, 'errmsg': 'E11000 duplicate key error collection: News_KR.wowtv index: _id_ dup key: { : "215A202302240104" }'}
[2023-02-24 12:52:11.386] [10744] [ INFO] https://www.wowtv.co.kr/NewsCenter/Land/Index?subMenu=land&searchComp=WO
[2023-02-24 12:52:11.751] [10744] [ INFO] wowtv land, 부동산 started...
[2023-02-24 12:52:11.754] [10744] [ERROR] 'NoneType' object has no attribute 'get'
[2023-02-24 12:52:11.756] [10744] [ INFO] https://www.wowtv.co.kr/NewsCenter/News/NewsList?subMenu=virtualcurrency&searchComp=WO
[2023-02-24 12:52:12.240] [10744] [ INFO] wowtv virtualcurrency, 가상화폐 started...
[2023-02-24 12:52:15.815] [10744] [ERROR] E11000 duplicate key error collection: News_KR.wowtv index: _id_ dup key: { : "215A202302240155" }, full error: {'index': 0, 'code': 11000, 'errmsg': 'E11000 duplicate key error collection: News_KR.wowtv index: _id_ dup key: { : "215A202302240155" }'}
[2023-02-24 12:52:15.818] [10744] [ INFO] wowtv virtualcurrency, 가상화폐 started...
[2023-02-24 12:52:19.359] [10744] [ERROR] E11000 duplicate key error collection: News_KR.wowtv index: _id_ dup key: { : "215A202302240081" }, full error: {'index': 0, 'code': 11000, 'errmsg': 'E11000 duplicate key error collection: News_KR.wowtv index: _id_ dup key: { : "215A202302240081" }'}
[2023-02-24 12:52:19.364] [10744] [ INFO] wowtv virtualcurrency, 가상화폐 started...
[2023-02-24 12:52:23.021] [10744] [ERROR] E11000 duplicate key error collection: News_KR.wowtv index: _id_ dup key: { : "215A202302240001" }, full error: {'index': 0, 'code': 11000, 'errmsg': 'E11000 duplicate key error collection: News_KR.wowtv index: _id_ dup key: { : "215A202302240001" }'}
[2023-02-24 12:52:23.025] [10744] [ INFO] https://www.wowtv.co.kr/NewsCenter/News/NewsList?subMenu=politics&searchComp=WO
[2023-02-24 12:52:23.464] [10744] [ INFO] wowtv politics, 정치사회 started...
[2023-02-24 12:52:27.071] [10744] [ INFO] wowtv_news Mongo Insert : 215A202302240159
[2023-02-24 12:52:30.080] [10744] [ INFO] wowtv politics, 정치사회 started...
[2023-02-24 12:52:33.654] [10744] [ERROR] E11000 duplicate key error collection: News_KR.wowtv index: _id_ dup key: { : "215A202302240112" }, full error: {'index': 0, 'code': 11000, 'errmsg': 'E11000 duplicate key error collection: News_KR.wowtv index: _id_ dup key: { : "215A202302240112" }'}
[2023-02-24 12:52:33.657] [10744] [ INFO] wowtv politics, 정치사회 started...
[2023-02-24 12:52:37.266] [10744] [ERROR] E11000 duplicate key error collection: News_KR.wowtv index: _id_ dup key: { : "215A202302240107" }, full error: {'index': 0, 'code': 11000, 'errmsg': 'E11000 duplicate key error collection: News_KR.wowtv index: _id_ dup key: { : "215A202302240107" }'}
[2023-02-24 12:52:37.269] [10744] [ INFO] wowtv politics, 정치사회 started...
[2023-02-24 12:52:40.822] [10744] [ERROR] E11000 duplicate key error collection: News_KR.wowtv index: _id_ dup key: { : "215A202302240060" }, full error: {'index': 0, 'code': 11000, 'errmsg': 'E11000 duplicate key error collection: News_KR.wowtv index: _id_ dup key: { : "215A202302240060" }'}
[2023-02-24 12:52:40.825] [10744] [ INFO] https://www.wowtv.co.kr/NewsCenter/News/NewsList?subMenu=international&searchComp=WO
[2023-02-24 12:52:41.353] [10744] [ INFO] wowtv international, 국제 started...
[2023-02-24 12:52:44.918] [10744] [ERROR] E11000 duplicate key error collection: News_KR.wowtv index: _id_ dup key: { : "215A202302240122" }, full error: {'index': 0, 'code': 11000, 'errmsg': 'E11000 duplicate key error collection: News_KR.wowtv index: _id_ dup key: { : "215A202302240122" }'}
[2023-02-24 12:52:44.921] [10744] [ INFO] wowtv international, 국제 started...
[2023-02-24 12:52:48.448] [10744] [ERROR] E11000 duplicate key error collection: News_KR.wowtv index: _id_ dup key: { : "215A202302240072" }, full error: {'index': 0, 'code': 11000, 'errmsg': 'E11000 duplicate key error collection: News_KR.wowtv index: _id_ dup key: { : "215A202302240072" }'}
[2023-02-24 12:52:48.452] [10744] [ INFO] wowtv international, 국제 started...
[2023-02-24 12:52:52.036] [10744] [ERROR] E11000 duplicate key error collection: News_KR.wowtv index: _id_ dup key: { : "215A202302240013" }, full error: {'index': 0, 'code': 11000, 'errmsg': 'E11000 duplicate key error collection: News_KR.wowtv index: _id_ dup key: { : "215A202302240013" }'}
[2023-02-24 12:52:52.040] [10744] [ INFO] https://www.wowtv.co.kr/NewsCenter/News/NewsList?subMenu=job
[2023-02-24 12:52:52.551] [10744] [ INFO] wowtv job, 취업 started...
[2023-02-24 12:52:56.080] [10744] [ERROR] 'NoneType' object has no attribute 'get_text'
[2023-02-24 12:52:56.083] [10744] [ INFO] https://www.wowtv.co.kr/NewsCenter/News/NewsList?subMenu=sports&searchComp=WO
[2023-02-24 12:52:56.623] [10744] [ INFO] wowtv sports, 스포츠 started...
[2023-02-24 12:53:00.228] [10744] [ERROR] E11000 duplicate key error collection: News_KR.wowtv index: _id_ dup key: { : "215A202302210046" }, full error: {'index': 0, 'code': 11000, 'errmsg': 'E11000 duplicate key error collection: News_KR.wowtv index: _id_ dup key: { : "215A202302210046" }'}
[2023-02-24 12:53:00.231] [10744] [ INFO] wowtv sports, 스포츠 started...
[2023-02-24 12:53:03.803] [10744] [ERROR] E11000 duplicate key error collection: News_KR.wowtv index: _id_ dup key: { : "215A202302200022" }, full error: {'index': 0, 'code': 11000, 'errmsg': 'E11000 duplicate key error collection: News_KR.wowtv index: _id_ dup key: { : "215A202302200022" }'}
[2023-02-24 12:53:03.806] [10744] [ INFO] wowtv sports, 스포츠 started...
[2023-02-24 12:53:07.370] [10744] [ERROR] E11000 duplicate key error collection: News_KR.wowtv index: _id_ dup key: { : "215A202302190076" }, full error: {'index': 0, 'code': 11000, 'errmsg': 'E11000 duplicate key error collection: News_KR.wowtv index: _id_ dup key: { : "215A202302190076" }'}
[2023-02-24 12:53:07.374] [10744] [ INFO] https://www.wowtv.co.kr/NewsCenter/News/NewsList?subMenu=entstar&searchComp=WO
[2023-02-24 12:53:07.971] [10744] [ INFO] wowtv entstar, 연예 started...
[2023-02-24 12:53:11.530] [10744] [ERROR] E11000 duplicate key error collection: News_KR.wowtv index: _id_ dup key: { : "215A202302240150" }, full error: {'index': 0, 'code': 11000, 'errmsg': 'E11000 duplicate key error collection: News_KR.wowtv index: _id_ dup key: { : "215A202302240150" }'}
[2023-02-24 12:53:11.534] [10744] [ INFO] wowtv entstar, 연예 started...
[2023-02-24 12:53:15.151] [10744] [ERROR] E11000 duplicate key error collection: News_KR.wowtv index: _id_ dup key: { : "215A202302240139" }, full error: {'index': 0, 'code': 11000, 'errmsg': 'E11000 duplicate key error collection: News_KR.wowtv index: _id_ dup key: { : "215A202302240139" }'}
[2023-02-24 12:53:15.154] [10744] [ INFO] wowtv entstar, 연예 started...
[2023-02-24 12:53:18.695] [10744] [ERROR] E11000 duplicate key error collection: News_KR.wowtv index: _id_ dup key: { : "215A202302240094" }, full error: {'index': 0, 'code': 11000, 'errmsg': 'E11000 duplicate key error collection: News_KR.wowtv index: _id_ dup key: { : "215A202302240094" }'}
