[2023-02-20 17:28:10.573] [ 9584] [ INFO] https://www.wowtv.co.kr/NewsCenter/News/NewsList?subMenu=economy&searchComp=WO
[2023-02-20 17:32:22.257] [15044] [ INFO] https://www.wowtv.co.kr/NewsCenter/News/NewsList?subMenu=economy&searchComp=WO
[2023-02-20 17:32:22.887] [15044] [ INFO] wowtv economy, 경제 started...
[2023-02-20 17:33:13.722] [14800] [ INFO] https://www.wowtv.co.kr/NewsCenter/News/NewsList?subMenu=economy&searchComp=WO
[2023-02-20 17:33:14.387] [14800] [ INFO] wowtv economy, 경제 started...
[2023-02-20 17:51:30.288] [13576] [ INFO] https://www.wowtv.co.kr/NewsCenter/News/NewsList?subMenu=economy&searchComp=WO
[2023-02-20 17:51:31.362] [13576] [ INFO] wowtv economy, 경제 started...
[2023-02-20 17:56:03.811] [12952] [ INFO] https://www.wowtv.co.kr/NewsCenter/News/NewsList?subMenu=economy&searchComp=WO
[2023-02-20 17:56:04.459] [12952] [ INFO] wowtv economy, 경제 started...
[2023-02-20 17:56:55.001] [ 2364] [ INFO] https://www.wowtv.co.kr/NewsCenter/News/NewsList?subMenu=economy&searchComp=WO
[2023-02-20 17:56:55.614] [ 2364] [ INFO] wowtv economy, 경제 started...
[2023-02-20 18:00:40.687] [16980] [ INFO] https://www.wowtv.co.kr/NewsCenter/News/NewsList?subMenu=economy&searchComp=WO
[2023-02-20 18:00:41.300] [16980] [ INFO] wowtv economy, 경제 started...
[2023-02-20 18:01:26.348] [13240] [ INFO] https://www.wowtv.co.kr/NewsCenter/News/NewsList?subMenu=economy&searchComp=WO
[2023-02-20 18:01:27.004] [13240] [ INFO] wowtv economy, 경제 started...
[2023-02-20 18:01:37.183] [13240] [ERROR] 'str' object is not callable
[2023-02-20 18:01:40.054] [13240] [ INFO] https://www.wowtv.co.kr/NewsCenter/News/NewsList?subMenu=stock&searchComp=WO
[2023-02-20 18:01:43.469] [13240] [ INFO] wowtv stock, 증권 started...
[2023-02-20 18:02:11.834] [10148] [ INFO] https://www.wowtv.co.kr/NewsCenter/News/NewsList?subMenu=economy&searchComp=WO
[2023-02-20 18:02:12.448] [10148] [ INFO] wowtv economy, 경제 started...
[2023-02-20 18:17:11.053] [ 6964] [ INFO] https://www.wowtv.co.kr/NewsCenter/News/NewsList?subMenu=economy&searchComp=WO
[2023-02-20 18:17:11.726] [ 6964] [ INFO] wowtv economy, 경제 started...
[2023-02-20 18:17:34.604] [16836] [ INFO] https://www.wowtv.co.kr/NewsCenter/News/NewsList?subMenu=economy&searchComp=WO
[2023-02-20 18:17:35.257] [16836] [ INFO] wowtv economy, 경제 started...
[2023-02-20 18:22:40.856] [ 2656] [ INFO] https://www.wowtv.co.kr/NewsCenter/News/NewsList?subMenu=economy&searchComp=WO
[2023-02-20 18:22:41.522] [ 2656] [ INFO] wowtv economy, 경제 started...
[2023-02-20 18:23:57.487] [13216] [ INFO] https://www.wowtv.co.kr/NewsCenter/News/NewsList?subMenu=economy&searchComp=WO
[2023-02-20 18:23:58.108] [13216] [ INFO] wowtv economy, 경제 started...
[2023-02-20 18:27:21.089] [14004] [ INFO] https://www.wowtv.co.kr/NewsCenter/News/NewsList?subMenu=economy&searchComp=WO
[2023-02-20 18:27:21.670] [14004] [ INFO] wowtv economy, 경제 started...
[2023-02-20 18:28:04.697] [13580] [ INFO] https://www.wowtv.co.kr/NewsCenter/News/NewsList?subMenu=economy&searchComp=WO
[2023-02-20 18:28:05.443] [13580] [ INFO] wowtv economy, 경제 started...
[2023-02-20 18:28:22.071] [13580] [ERROR] time data '2023-02-20 18:00' does not match format '%Y-%m-%d %H:%M:%S'
[2023-02-20 18:28:23.690] [13580] [ INFO] https://www.wowtv.co.kr/NewsCenter/News/NewsList?subMenu=stock&searchComp=WO
[2023-02-20 18:28:39.558] [13580] [ INFO] wowtv stock, 증권 started...
[2023-02-20 18:43:33.558] [13580] [ERROR] time data '2023-02-20 17:48' does not match format '%Y-%m-%d %H:%M:%S'
[2023-02-20 18:43:34.855] [13580] [ INFO] https://www.wowtv.co.kr/NewsCenter/News/NewsList?subMenu=init&searchComp=WO
[2023-02-20 18:43:37.192] [13580] [ INFO] wowtv init, 산업IT started...
[2023-02-20 18:43:43.975] [13580] [ERROR] time data '2023-02-20 17:55' does not match format '%Y-%m-%d %H:%M:%S'
[2023-02-20 18:43:44.450] [13580] [ INFO] https://www.wowtv.co.kr/NewsCenter/Land/Index?subMenu=land&searchComp=WO
[2023-02-20 18:43:46.360] [13580] [ INFO] wowtv land, 부동산 started...
[2023-02-20 18:43:46.712] [13580] [ERROR] 'NoneType' object has no attribute 'get'
[2023-02-20 18:43:47.495] [13580] [ INFO] https://www.wowtv.co.kr/NewsCenter/News/NewsList?subMenu=virtualcurrency&searchComp=WO
[2023-02-20 18:43:52.853] [13580] [ INFO] wowtv virtualcurrency, 가상화폐 started...
[2023-02-20 18:45:58.052] [ 4000] [ INFO] https://www.wowtv.co.kr/NewsCenter/News/NewsList?subMenu=economy&searchComp=WO
[2023-02-20 18:45:58.716] [ 4000] [ INFO] wowtv economy, 경제 started...
[2023-02-20 18:46:02.219] [ 4000] [ERROR] time data '2023-02-20 18:00' does not match format '%Y-%m-%d %H:%M:%S'
[2023-02-20 18:46:02.219] [ 4000] [ INFO] https://www.wowtv.co.kr/NewsCenter/News/NewsList?subMenu=stock&searchComp=WO
[2023-02-20 18:46:02.722] [ 4000] [ INFO] wowtv stock, 증권 started...
[2023-02-20 18:46:06.238] [ 4000] [ERROR] time data '2023-02-20 18:01' does not match format '%Y-%m-%d %H:%M:%S'
[2023-02-20 18:46:06.239] [ 4000] [ INFO] https://www.wowtv.co.kr/NewsCenter/News/NewsList?subMenu=init&searchComp=WO
[2023-02-20 18:46:06.749] [ 4000] [ INFO] wowtv init, 산업IT started...
[2023-02-20 18:48:33.460] [ 4608] [ INFO] https://www.wowtv.co.kr/NewsCenter/News/NewsList?subMenu=economy&searchComp=WO
[2023-02-20 18:48:34.118] [ 4608] [ INFO] wowtv economy, 경제 started...
[2023-02-20 18:50:02.909] [ 1956] [ INFO] https://www.wowtv.co.kr/NewsCenter/News/NewsList?subMenu=economy&searchComp=WO
[2023-02-20 18:50:03.455] [ 1956] [ INFO] wowtv economy, 경제 started...
[2023-02-20 18:50:07.049] [ 1956] [ERROR] time data '2023-02-20 18:00' does not match format '%Y.%m.%d %H:%M'
[2023-02-20 18:50:07.049] [ 1956] [ INFO] https://www.wowtv.co.kr/NewsCenter/News/NewsList?subMenu=stock&searchComp=WO
[2023-02-20 18:50:07.577] [ 1956] [ INFO] wowtv stock, 증권 started...
