[2023-02-21 12:57:52.990] [18604] [ INFO] https://www.wowtv.co.kr/NewsCenter/News/NewsList?subMenu=economy&searchComp=WO
[2023-02-21 12:57:53.706] [18604] [ INFO] wowtv economy, 경제 started...
[2023-02-21 12:57:57.392] [18604] [ERROR] list index out of range
[2023-02-21 12:57:57.393] [18604] [ INFO] https://www.wowtv.co.kr/NewsCenter/News/NewsList?subMenu=stock&searchComp=WO
[2023-02-21 12:57:58.003] [18604] [ INFO] wowtv stock, 증권 started...
[2023-02-21 12:58:01.662] [18604] [ERROR] list index out of range
[2023-02-21 12:58:01.663] [18604] [ INFO] https://www.wowtv.co.kr/NewsCenter/News/NewsList?subMenu=init&searchComp=WO
[2023-02-21 12:58:02.228] [18604] [ INFO] wowtv init, 산업IT started...
[2023-02-21 12:58:05.943] [18604] [ERROR] list index out of range
[2023-02-21 12:58:05.943] [18604] [ INFO] https://www.wowtv.co.kr/NewsCenter/Land/Index?subMenu=land&searchComp=WO
[2023-02-21 12:58:06.326] [18604] [ INFO] wowtv land, 부동산 started...
[2023-02-21 12:58:06.326] [18604] [ERROR] 'NoneType' object has no attribute 'get'
[2023-02-21 12:58:06.326] [18604] [ INFO] https://www.wowtv.co.kr/NewsCenter/News/NewsList?subMenu=virtualcurrency&searchComp=WO
[2023-02-21 12:58:06.906] [18604] [ INFO] wowtv virtualcurrency, 가상화폐 started...
[2023-02-21 12:58:10.556] [18604] [ERROR] list index out of range
[2023-02-21 12:58:10.556] [18604] [ INFO] https://www.wowtv.co.kr/NewsCenter/News/NewsList?subMenu=politics&searchComp=WO
[2023-02-21 12:58:11.220] [18604] [ INFO] wowtv politics, 정치사회 started...
[2023-02-21 12:58:44.776] [19644] [ INFO] https://www.wowtv.co.kr/NewsCenter/News/NewsList?subMenu=economy&searchComp=WO
[2023-02-21 12:58:45.435] [19644] [ INFO] wowtv economy, 경제 started...
[2023-02-21 12:58:49.111] [19644] [ERROR] list index out of range
[2023-02-21 12:58:49.111] [19644] [ INFO] https://www.wowtv.co.kr/NewsCenter/News/NewsList?subMenu=stock&searchComp=WO
[2023-02-21 12:58:49.808] [19644] [ INFO] wowtv stock, 증권 started...
[2023-02-21 12:58:53.430] [19644] [ERROR] list index out of range
[2023-02-21 12:58:53.430] [19644] [ INFO] https://www.wowtv.co.kr/NewsCenter/News/NewsList?subMenu=init&searchComp=WO
[2023-02-21 12:58:54.037] [19644] [ INFO] wowtv init, 산업IT started...
[2023-02-21 12:58:57.709] [19644] [ERROR] list index out of range
[2023-02-21 12:58:57.710] [19644] [ INFO] https://www.wowtv.co.kr/NewsCenter/Land/Index?subMenu=land&searchComp=WO
[2023-02-21 12:58:58.112] [19644] [ INFO] wowtv land, 부동산 started...
[2023-02-21 12:58:58.113] [19644] [ERROR] 'NoneType' object has no attribute 'get'
[2023-02-21 12:58:58.113] [19644] [ INFO] https://www.wowtv.co.kr/NewsCenter/News/NewsList?subMenu=virtualcurrency&searchComp=WO
[2023-02-21 12:58:58.710] [19644] [ INFO] wowtv virtualcurrency, 가상화폐 started...
[2023-02-21 12:59:02.372] [19644] [ERROR] list index out of range
[2023-02-21 12:59:02.372] [19644] [ INFO] https://www.wowtv.co.kr/NewsCenter/News/NewsList?subMenu=politics&searchComp=WO
[2023-02-21 12:59:02.972] [19644] [ INFO] wowtv politics, 정치사회 started...
[2023-02-21 12:59:06.599] [19644] [ERROR] list index out of range
[2023-02-21 12:59:06.600] [19644] [ INFO] https://www.wowtv.co.kr/NewsCenter/News/NewsList?subMenu=international&searchComp=WO
[2023-02-21 12:59:07.141] [19644] [ INFO] wowtv international, 국제 started...
[2023-02-21 12:59:10.773] [19644] [ERROR] list index out of range
[2023-02-21 12:59:10.773] [19644] [ INFO] https://www.wowtv.co.kr/NewsCenter/News/NewsList?subMenu=job
[2023-02-21 12:59:11.321] [19644] [ INFO] wowtv job, 취업 started...
[2023-02-21 13:00:19.354] [19644] [ERROR] time data '2023-02-21 12:19' does not match format '%Y.%m.%d %H:%M'
[2023-02-21 13:00:20.224] [19644] [ INFO] https://www.wowtv.co.kr/NewsCenter/News/NewsList?subMenu=sports&searchComp=WO
[2023-02-21 13:00:23.593] [19644] [ INFO] wowtv sports, 스포츠 started...
[2023-02-21 13:01:51.439] [ 8900] [ INFO] https://www.wowtv.co.kr/NewsCenter/News/NewsList?subMenu=economy&searchComp=WO
[2023-02-21 13:01:52.279] [ 8900] [ INFO] wowtv economy, 경제 started...
[2023-02-21 13:01:55.942] [ 8900] [ERROR] list index out of range
[2023-02-21 13:01:55.943] [ 8900] [ INFO] https://www.wowtv.co.kr/NewsCenter/News/NewsList?subMenu=stock&searchComp=WO
[2023-02-21 13:01:56.577] [ 8900] [ INFO] wowtv stock, 증권 started...
[2023-02-21 13:02:00.196] [ 8900] [ERROR] list index out of range
[2023-02-21 13:02:00.196] [ 8900] [ INFO] https://www.wowtv.co.kr/NewsCenter/News/NewsList?subMenu=init&searchComp=WO
[2023-02-21 13:02:00.792] [ 8900] [ INFO] wowtv init, 산업IT started...
[2023-02-21 13:02:04.508] [ 8900] [ERROR] list index out of range
[2023-02-21 13:02:04.508] [ 8900] [ INFO] https://www.wowtv.co.kr/NewsCenter/Land/Index?subMenu=land&searchComp=WO
[2023-02-21 13:02:04.891] [ 8900] [ INFO] wowtv land, 부동산 started...
[2023-02-21 13:02:04.891] [ 8900] [ERROR] 'NoneType' object has no attribute 'get'
[2023-02-21 13:02:04.891] [ 8900] [ INFO] https://www.wowtv.co.kr/NewsCenter/News/NewsList?subMenu=virtualcurrency&searchComp=WO
[2023-02-21 13:02:05.491] [ 8900] [ INFO] wowtv virtualcurrency, 가상화폐 started...
[2023-02-21 13:02:09.144] [ 8900] [ERROR] list index out of range
[2023-02-21 13:02:09.144] [ 8900] [ INFO] https://www.wowtv.co.kr/NewsCenter/News/NewsList?subMenu=politics&searchComp=WO
[2023-02-21 13:02:09.820] [ 8900] [ INFO] wowtv politics, 정치사회 started...
[2023-02-21 13:02:13.493] [ 8900] [ERROR] list index out of range
[2023-02-21 13:02:13.493] [ 8900] [ INFO] https://www.wowtv.co.kr/NewsCenter/News/NewsList?subMenu=international&searchComp=WO
[2023-02-21 13:02:14.049] [ 8900] [ INFO] wowtv international, 국제 started...
[2023-02-21 13:02:17.662] [ 8900] [ERROR] list index out of range
[2023-02-21 13:02:17.662] [ 8900] [ INFO] https://www.wowtv.co.kr/NewsCenter/News/NewsList?subMenu=job
[2023-02-21 13:02:18.531] [ 8900] [ INFO] wowtv job, 취업 started...
[2023-02-21 13:04:30.403] [ 8900] [ INFO] wowtv_news Mongo Insert : 215202302211549d
[2023-02-21 13:04:38.508] [ 8900] [ INFO] wowtv job, 취업 started...
[2023-02-21 13:04:54.046] [ 8900] [ INFO] wowtv_news Mongo Insert : 215202302211333d
[2023-02-21 13:04:57.857] [ 8900] [ INFO] wowtv job, 취업 started...
[2023-02-21 13:05:10.146] [ 8900] [ INFO] wowtv_news Mongo Insert : 215202302211066d
[2023-02-21 13:05:15.294] [ 8900] [ INFO] wowtv job, 취업 started...
[2023-02-21 13:05:28.371] [ 8900] [ INFO] wowtv_news Mongo Insert : 215202302211019d
[2023-02-21 13:05:34.993] [ 8900] [ INFO] wowtv job, 취업 started...
[2023-02-21 13:06:17.349] [ 8900] [ INFO] wowtv_news Mongo Insert : 215202302210934d
[2023-02-21 15:11:35.183] [ 9144] [ INFO] https://www.wowtv.co.kr/NewsCenter/News/NewsList?subMenu=economy&searchComp=WO
[2023-02-21 15:11:35.918] [ 9144] [ INFO] wowtv economy, 경제 started...
[2023-02-21 15:13:27.295] [ 9144] [ERROR] list index out of range
[2023-02-21 15:13:28.775] [ 9144] [ INFO] https://www.wowtv.co.kr/NewsCenter/News/NewsList?subMenu=stock&searchComp=WO
[2023-02-21 15:13:32.118] [ 9144] [ INFO] wowtv stock, 증권 started...
[2023-02-21 15:29:48.807] [ 3000] [ INFO] https://www.wowtv.co.kr/NewsCenter/News/NewsList?subMenu=economy&searchComp=WO
[2023-02-21 15:29:49.586] [ 3000] [ INFO] wowtv economy, 경제 started...
[2023-02-21 15:30:22.362] [19268] [ INFO] https://www.wowtv.co.kr/NewsCenter/News/NewsList?subMenu=economy&searchComp=WO
[2023-02-21 15:30:23.010] [19268] [ INFO] wowtv economy, 경제 started...
[2023-02-21 15:30:28.146] [ 6496] [ INFO] https://www.wowtv.co.kr/NewsCenter/News/NewsList?subMenu=economy&searchComp=WO
[2023-02-21 15:30:28.749] [ 6496] [ INFO] wowtv economy, 경제 started...
[2023-02-21 15:30:32.312] [ 6496] [ERROR] list index out of range
[2023-02-21 15:30:32.312] [ 6496] [ INFO] https://www.wowtv.co.kr/NewsCenter/News/NewsList?subMenu=stock&searchComp=WO
[2023-02-21 15:30:32.781] [ 6496] [ INFO] wowtv stock, 증권 started...
[2023-02-21 15:30:36.304] [ 6496] [ERROR] list index out of range
[2023-02-21 15:30:36.305] [ 6496] [ INFO] https://www.wowtv.co.kr/NewsCenter/News/NewsList?subMenu=init&searchComp=WO
[2023-02-21 15:30:36.886] [ 6496] [ INFO] wowtv init, 산업IT started...
[2023-02-21 15:30:40.438] [ 6496] [ERROR] list index out of range
[2023-02-21 15:30:40.438] [ 6496] [ INFO] https://www.wowtv.co.kr/NewsCenter/Land/Index?subMenu=land&searchComp=WO
[2023-02-21 15:30:40.794] [ 6496] [ INFO] wowtv land, 부동산 started...
[2023-02-21 15:30:40.795] [ 6496] [ERROR] 'NoneType' object has no attribute 'get'
[2023-02-21 15:30:40.795] [ 6496] [ INFO] https://www.wowtv.co.kr/NewsCenter/News/NewsList?subMenu=virtualcurrency&searchComp=WO
[2023-02-21 15:30:41.277] [ 6496] [ INFO] wowtv virtualcurrency, 가상화폐 started...
[2023-02-21 15:30:44.791] [ 6496] [ERROR] list index out of range
[2023-02-21 15:30:44.791] [ 6496] [ INFO] https://www.wowtv.co.kr/NewsCenter/News/NewsList?subMenu=politics&searchComp=WO
[2023-02-21 15:30:45.313] [ 6496] [ INFO] wowtv politics, 정치사회 started...
[2023-02-21 15:30:48.994] [ 6496] [ INFO] wowtv_news Mongo Insert : 215A202302210205
[2023-02-21 15:30:52.008] [ 6496] [ INFO] wowtv politics, 정치사회 started...
[2023-02-21 15:30:55.569] [ 6496] [ERROR] list index out of range
[2023-02-21 15:30:55.570] [ 6496] [ INFO] https://www.wowtv.co.kr/NewsCenter/News/NewsList?subMenu=international&searchComp=WO
[2023-02-21 15:30:56.048] [ 6496] [ INFO] wowtv international, 국제 started...
[2023-02-21 15:30:59.553] [ 6496] [ERROR] list index out of range
[2023-02-21 15:30:59.553] [ 6496] [ INFO] https://www.wowtv.co.kr/NewsCenter/News/NewsList?subMenu=job
[2023-02-21 15:30:59.993] [ 6496] [ INFO] wowtv job, 취업 started...
[2023-02-21 15:31:03.541] [ 6496] [ERROR] 'NoneType' object has no attribute 'get_text'
[2023-02-21 15:31:03.542] [ 6496] [ INFO] https://www.wowtv.co.kr/NewsCenter/News/NewsList?subMenu=sports&searchComp=WO
[2023-02-21 15:31:04.055] [ 6496] [ INFO] wowtv sports, 스포츠 started...
[2023-02-21 15:31:08.396] [ 6496] [ERROR] list index out of range
[2023-02-21 15:31:08.397] [ 6496] [ INFO] https://www.wowtv.co.kr/NewsCenter/News/NewsList?subMenu=entstar&searchComp=WO
[2023-02-21 15:31:09.199] [ 6496] [ INFO] wowtv entstar, 연예 started...
[2023-02-21 15:31:12.734] [ 6496] [ERROR] list index out of range
[2023-02-21 15:32:47.921] [18268] [ INFO] https://www.wowtv.co.kr/NewsCenter/News/NewsList?subMenu=economy&searchComp=WO
[2023-02-21 15:32:48.537] [18268] [ INFO] wowtv economy, 경제 started...
[2023-02-21 15:32:52.050] [18268] [ERROR] list index out of range
[2023-02-21 15:32:52.050] [18268] [ INFO] https://www.wowtv.co.kr/NewsCenter/News/NewsList?subMenu=stock&searchComp=WO
[2023-02-21 15:32:52.587] [18268] [ INFO] wowtv stock, 증권 started...
[2023-02-21 15:32:56.431] [18268] [ERROR] list index out of range
[2023-02-21 15:32:56.432] [18268] [ INFO] https://www.wowtv.co.kr/NewsCenter/News/NewsList?subMenu=init&searchComp=WO
[2023-02-21 15:32:56.890] [18268] [ INFO] wowtv init, 산업IT started...
[2023-02-21 15:33:00.441] [18268] [ERROR] list index out of range
[2023-02-21 15:33:00.441] [18268] [ INFO] https://www.wowtv.co.kr/NewsCenter/Land/Index?subMenu=land&searchComp=WO
[2023-02-21 15:33:00.877] [18268] [ INFO] wowtv land, 부동산 started...
[2023-02-21 15:33:00.877] [18268] [ERROR] 'NoneType' object has no attribute 'get'
[2023-02-21 15:33:00.877] [18268] [ INFO] https://www.wowtv.co.kr/NewsCenter/News/NewsList?subMenu=virtualcurrency&searchComp=WO
[2023-02-21 15:33:01.336] [18268] [ INFO] wowtv virtualcurrency, 가상화폐 started...
[2023-02-21 15:33:04.879] [18268] [ERROR] list index out of range
[2023-02-21 15:33:04.879] [18268] [ INFO] https://www.wowtv.co.kr/NewsCenter/News/NewsList?subMenu=politics&searchComp=WO
[2023-02-21 15:33:05.403] [18268] [ INFO] wowtv politics, 정치사회 started...
[2023-02-21 15:33:09.024] [18268] [ERROR] E11000 duplicate key error collection: News_KR.wowtv index: _id_ dup key: { : "215A202302210205" }, full error: {'index': 0, 'code': 11000, 'errmsg': 'E11000 duplicate key error collection: News_KR.wowtv index: _id_ dup key: { : "215A202302210205" }'}
[2023-02-21 15:33:09.025] [18268] [ INFO] wowtv politics, 정치사회 started...
[2023-02-21 15:33:12.541] [18268] [ERROR] list index out of range
[2023-02-21 15:33:12.541] [18268] [ INFO] https://www.wowtv.co.kr/NewsCenter/News/NewsList?subMenu=international&searchComp=WO
[2023-02-21 15:33:13.098] [18268] [ INFO] wowtv international, 국제 started...
[2023-02-21 15:33:16.666] [18268] [ERROR] list index out of range
[2023-02-21 15:33:16.666] [18268] [ INFO] https://www.wowtv.co.kr/NewsCenter/News/NewsList?subMenu=job
[2023-02-21 15:33:17.098] [18268] [ INFO] wowtv job, 취업 started...
[2023-02-21 15:33:20.658] [18268] [ERROR] 'NoneType' object has no attribute 'get_text'
[2023-02-21 15:33:20.658] [18268] [ INFO] https://www.wowtv.co.kr/NewsCenter/News/NewsList?subMenu=sports&searchComp=WO
[2023-02-21 15:33:21.219] [18268] [ INFO] wowtv sports, 스포츠 started...
[2023-02-21 15:33:24.826] [18268] [ERROR] list index out of range
[2023-02-21 15:33:24.827] [18268] [ INFO] https://www.wowtv.co.kr/NewsCenter/News/NewsList?subMenu=entstar&searchComp=WO
[2023-02-21 15:33:25.606] [18268] [ INFO] wowtv entstar, 연예 started...
[2023-02-21 15:33:29.133] [18268] [ERROR] list index out of range
[2023-02-21 15:38:12.224] [ 9072] [ INFO] https://www.wowtv.co.kr/NewsCenter/News/NewsList?subMenu=economy&searchComp=WO
[2023-02-21 15:38:12.699] [ 9072] [ INFO] wowtv economy, 경제 started...
[2023-02-21 15:38:16.267] [ 9072] [ERROR] list index out of range
[2023-02-21 15:38:16.268] [ 9072] [ INFO] https://www.wowtv.co.kr/NewsCenter/News/NewsList?subMenu=stock&searchComp=WO
[2023-02-21 15:38:16.776] [ 9072] [ INFO] wowtv stock, 증권 started...
[2023-02-21 15:38:20.345] [ 9072] [ERROR] list index out of range
[2023-02-21 15:38:20.345] [ 9072] [ INFO] https://www.wowtv.co.kr/NewsCenter/News/NewsList?subMenu=init&searchComp=WO
[2023-02-21 15:38:20.824] [ 9072] [ INFO] wowtv init, 산업IT started...
[2023-02-21 15:38:24.342] [ 9072] [ERROR] list index out of range
[2023-02-21 15:38:24.343] [ 9072] [ INFO] https://www.wowtv.co.kr/NewsCenter/Land/Index?subMenu=land&searchComp=WO
[2023-02-21 15:38:24.698] [ 9072] [ INFO] wowtv land, 부동산 started...
[2023-02-21 15:38:24.698] [ 9072] [ERROR] 'NoneType' object has no attribute 'get'
[2023-02-21 15:38:24.698] [ 9072] [ INFO] https://www.wowtv.co.kr/NewsCenter/News/NewsList?subMenu=virtualcurrency&searchComp=WO
[2023-02-21 15:38:25.189] [ 9072] [ INFO] wowtv virtualcurrency, 가상화폐 started...
[2023-02-21 15:38:28.682] [ 9072] [ERROR] list index out of range
[2023-02-21 15:38:28.683] [ 9072] [ INFO] https://www.wowtv.co.kr/NewsCenter/News/NewsList?subMenu=politics&searchComp=WO
[2023-02-21 15:38:29.221] [ 9072] [ INFO] wowtv politics, 정치사회 started...
[2023-02-21 15:38:32.736] [ 9072] [ERROR] list index out of range
[2023-02-21 15:38:32.736] [ 9072] [ INFO] https://www.wowtv.co.kr/NewsCenter/News/NewsList?subMenu=international&searchComp=WO
[2023-02-21 15:38:33.206] [ 9072] [ INFO] wowtv international, 국제 started...
[2023-02-21 15:38:36.794] [ 9072] [ERROR] list index out of range
[2023-02-21 15:38:36.795] [ 9072] [ INFO] https://www.wowtv.co.kr/NewsCenter/News/NewsList?subMenu=job
[2023-02-21 15:38:37.226] [ 9072] [ INFO] wowtv job, 취업 started...
[2023-02-21 15:38:40.746] [ 9072] [ERROR] 'NoneType' object has no attribute 'get_text'
[2023-02-21 15:38:40.746] [ 9072] [ INFO] https://www.wowtv.co.kr/NewsCenter/News/NewsList?subMenu=sports&searchComp=WO
[2023-02-21 15:38:41.287] [ 9072] [ INFO] wowtv sports, 스포츠 started...
[2023-02-21 15:38:44.857] [ 9072] [ERROR] list index out of range
[2023-02-21 15:38:44.858] [ 9072] [ INFO] https://www.wowtv.co.kr/NewsCenter/News/NewsList?subMenu=entstar&searchComp=WO
[2023-02-21 15:38:45.627] [ 9072] [ INFO] wowtv entstar, 연예 started...
[2023-02-21 15:38:49.247] [ 9072] [ERROR] list index out of range
[2023-02-21 15:39:40.249] [17932] [ INFO] https://www.wowtv.co.kr/NewsCenter/News/NewsList?subMenu=economy&searchComp=WO
[2023-02-21 15:41:57.877] [17932] [ INFO] wowtv economy, 경제 started...
[2023-02-21 15:45:30.717] [ 4844] [ INFO] https://www.wowtv.co.kr/NewsCenter/News/NewsList?subMenu=economy&searchComp=WO
[2023-02-21 15:45:41.101] [ 4844] [ INFO] wowtv economy, 경제 started...
[2023-02-21 15:45:46.905] [ 4844] [ERROR] list index out of range
[2023-02-21 15:45:48.728] [ 4844] [ INFO] https://www.wowtv.co.kr/NewsCenter/News/NewsList?subMenu=stock&searchComp=WO
[2023-02-21 15:45:52.117] [ 4844] [ INFO] wowtv stock, 증권 started...
[2023-02-21 15:45:57.323] [ 4844] [ERROR] list index out of range
[2023-02-21 15:45:59.713] [ 4844] [ INFO] https://www.wowtv.co.kr/NewsCenter/News/NewsList?subMenu=init&searchComp=WO
[2023-02-21 15:46:46.662] [ 4844] [ INFO] wowtv init, 산업IT started...
[2023-02-21 16:03:30.886] [17336] [ INFO] https://www.wowtv.co.kr/NewsCenter/News/NewsList?subMenu=economy&searchComp=WO
[2023-02-21 16:03:31.494] [17336] [ INFO] wowtv economy, 경제 started...
[2023-02-21 16:03:35.040] [17336] [ERROR] list index out of range
[2023-02-21 16:03:35.041] [17336] [ INFO] https://www.wowtv.co.kr/NewsCenter/News/NewsList?subMenu=stock&searchComp=WO
[2023-02-21 16:03:35.682] [17336] [ INFO] wowtv stock, 증권 started...
[2023-02-21 16:03:39.230] [17336] [ERROR] list index out of range
[2023-02-21 16:03:39.231] [17336] [ INFO] https://www.wowtv.co.kr/NewsCenter/News/NewsList?subMenu=init&searchComp=WO
[2023-02-21 16:03:39.753] [17336] [ INFO] wowtv init, 산업IT started...
[2023-02-21 16:03:43.678] [14032] [ INFO] https://www.wowtv.co.kr/NewsCenter/News/NewsList?subMenu=economy&searchComp=WO
[2023-02-21 16:03:44.190] [14032] [ INFO] wowtv economy, 경제 started...
[2023-02-21 16:03:47.765] [14032] [ERROR] list index out of range
[2023-02-21 16:03:47.766] [14032] [ INFO] https://www.wowtv.co.kr/NewsCenter/News/NewsList?subMenu=stock&searchComp=WO
[2023-02-21 16:03:48.405] [14032] [ INFO] wowtv stock, 증권 started...
[2023-02-21 16:03:51.988] [14032] [ERROR] list index out of range
[2023-02-21 16:03:51.989] [14032] [ INFO] https://www.wowtv.co.kr/NewsCenter/News/NewsList?subMenu=init&searchComp=WO
[2023-02-21 16:03:52.562] [14032] [ INFO] wowtv init, 산업IT started...
[2023-02-21 16:03:56.135] [14032] [ERROR] list index out of range
[2023-02-21 16:03:56.135] [14032] [ INFO] https://www.wowtv.co.kr/NewsCenter/Land/Index?subMenu=land&searchComp=WO
[2023-02-21 16:03:56.500] [14032] [ INFO] wowtv land, 부동산 started...
[2023-02-21 16:03:56.501] [14032] [ERROR] 'NoneType' object has no attribute 'get'
[2023-02-21 16:03:56.501] [14032] [ INFO] https://www.wowtv.co.kr/NewsCenter/News/NewsList?subMenu=virtualcurrency&searchComp=WO
[2023-02-21 16:03:57.003] [14032] [ INFO] wowtv virtualcurrency, 가상화폐 started...
[2023-02-21 16:04:00.549] [14032] [ERROR] list index out of range
[2023-02-21 16:04:00.550] [14032] [ INFO] https://www.wowtv.co.kr/NewsCenter/News/NewsList?subMenu=politics&searchComp=WO
[2023-02-21 16:04:01.145] [14032] [ INFO] wowtv politics, 정치사회 started...
[2023-02-21 16:04:04.695] [14032] [ERROR] list index out of range
[2023-02-21 16:04:04.695] [14032] [ INFO] https://www.wowtv.co.kr/NewsCenter/News/NewsList?subMenu=international&searchComp=WO
[2023-02-21 16:04:05.224] [14032] [ INFO] wowtv international, 국제 started...
[2023-02-21 16:04:08.817] [14032] [ERROR] list index out of range
[2023-02-21 16:04:08.817] [14032] [ INFO] https://www.wowtv.co.kr/NewsCenter/News/NewsList?subMenu=job
[2023-02-21 16:04:09.337] [14032] [ INFO] wowtv job, 취업 started...
[2023-02-21 16:04:13.058] [20772] [ INFO] https://www.wowtv.co.kr/NewsCenter/News/NewsList?subMenu=economy&searchComp=WO
[2023-02-21 16:04:13.635] [20772] [ INFO] wowtv economy, 경제 started...
[2023-02-21 16:04:17.213] [20772] [ERROR] list index out of range
[2023-02-21 16:04:17.214] [20772] [ INFO] https://www.wowtv.co.kr/NewsCenter/News/NewsList?subMenu=stock&searchComp=WO
[2023-02-21 16:04:17.703] [20772] [ INFO] wowtv stock, 증권 started...
[2023-02-21 16:16:23.525] [ 2752] [ INFO] https://www.wowtv.co.kr/NewsCenter/News/NewsList?subMenu=economy&searchComp=WO
[2023-02-21 16:16:24.040] [ 2752] [ INFO] wowtv economy, 경제 started...
[2023-02-21 16:16:27.546] [ 2752] [ERROR] list index out of range
[2023-02-21 16:16:27.546] [ 2752] [ INFO] https://www.wowtv.co.kr/NewsCenter/News/NewsList?subMenu=stock&searchComp=WO
[2023-02-21 16:16:28.081] [ 2752] [ INFO] wowtv stock, 증권 started...
[2023-02-21 16:16:31.640] [ 2752] [ERROR] list index out of range
[2023-02-21 16:16:31.641] [ 2752] [ INFO] https://www.wowtv.co.kr/NewsCenter/News/NewsList?subMenu=init&searchComp=WO
[2023-02-21 16:16:32.129] [ 2752] [ INFO] wowtv init, 산업IT started...
[2023-02-21 16:16:35.730] [ 2752] [ERROR] list index out of range
[2023-02-21 16:16:35.731] [ 2752] [ INFO] https://www.wowtv.co.kr/NewsCenter/Land/Index?subMenu=land&searchComp=WO
[2023-02-21 16:16:36.047] [ 2752] [ INFO] wowtv land, 부동산 started...
[2023-02-21 16:16:36.047] [ 2752] [ERROR] 'NoneType' object has no attribute 'get'
[2023-02-21 16:16:36.047] [ 2752] [ INFO] https://www.wowtv.co.kr/NewsCenter/News/NewsList?subMenu=virtualcurrency&searchComp=WO
[2023-02-21 16:16:36.534] [ 2752] [ INFO] wowtv virtualcurrency, 가상화폐 started...
[2023-02-21 16:16:40.058] [ 2752] [ERROR] list index out of range
[2023-02-21 16:16:40.059] [ 2752] [ INFO] https://www.wowtv.co.kr/NewsCenter/News/NewsList?subMenu=politics&searchComp=WO
[2023-02-21 16:16:40.559] [ 2752] [ INFO] wowtv politics, 정치사회 started...
[2023-02-21 16:16:44.102] [ 2752] [ERROR] list index out of range
[2023-02-21 16:16:44.103] [ 2752] [ INFO] https://www.wowtv.co.kr/NewsCenter/News/NewsList?subMenu=international&searchComp=WO
[2023-02-21 16:16:44.574] [ 2752] [ INFO] wowtv international, 국제 started...
[2023-02-21 16:16:56.628] [ 4084] [ INFO] https://www.wowtv.co.kr/NewsCenter/News/NewsList?subMenu=economy&searchComp=WO
[2023-02-21 16:16:57.146] [ 4084] [ INFO] wowtv economy, 경제 started...
[2023-02-21 16:17:00.685] [ 4084] [ERROR] list index out of range
[2023-02-21 16:17:00.686] [ 4084] [ INFO] https://www.wowtv.co.kr/NewsCenter/News/NewsList?subMenu=stock&searchComp=WO
[2023-02-21 16:17:01.286] [ 4084] [ INFO] wowtv stock, 증권 started...
[2023-02-21 16:17:04.791] [ 4084] [ERROR] list index out of range
[2023-02-21 16:17:04.791] [ 4084] [ INFO] https://www.wowtv.co.kr/NewsCenter/News/NewsList?subMenu=init&searchComp=WO
[2023-02-21 16:17:05.262] [ 4084] [ INFO] wowtv init, 산업IT started...
[2023-02-21 16:17:52.120] [20016] [ INFO] https://www.wowtv.co.kr/NewsCenter/News/NewsList?subMenu=economy&searchComp=WO
[2023-02-21 16:17:52.717] [20016] [ INFO] wowtv economy, 경제 started...
[2023-02-21 16:17:56.344] [20016] [ERROR] list index out of range
[2023-02-21 16:17:56.344] [20016] [ INFO] https://www.wowtv.co.kr/NewsCenter/News/NewsList?subMenu=stock&searchComp=WO
[2023-02-21 16:17:56.889] [20016] [ INFO] wowtv stock, 증권 started...
[2023-02-21 16:43:46.525] [10936] [ INFO] https://www.wowtv.co.kr/NewsCenter/News/NewsList?subMenu=economy&searchComp=WO
[2023-02-21 16:43:47.109] [10936] [ INFO] wowtv economy, 경제 started...
[2023-02-21 16:43:50.737] [10936] [ INFO] wowtv_news Mongo Insert : 215A202302210241
[2023-02-21 16:43:53.745] [10936] [ INFO] wowtv economy, 경제 started...
[2023-02-21 16:43:57.303] [10936] [ INFO] wowtv_news Mongo Insert : 215A202302210224
[2023-02-21 16:44:00.319] [10936] [ INFO] wowtv economy, 경제 started...
[2023-02-21 16:44:03.926] [10936] [ INFO] wowtv_news Mongo Insert : 215A202302210210
[2023-02-21 16:44:06.927] [10936] [ INFO] wowtv economy, 경제 started...
[2023-02-21 16:44:10.441] [10936] [ INFO] wowtv_news Mongo Insert : 215A202302210218
[2023-02-21 16:44:13.457] [10936] [ INFO] wowtv economy, 경제 started...
[2023-02-21 16:44:17.062] [10936] [ INFO] wowtv_news Mongo Insert : 215A202302210230
[2023-02-21 16:44:20.070] [10936] [ INFO] wowtv economy, 경제 started...
[2023-02-21 16:44:23.626] [10936] [ INFO] wowtv_news Mongo Insert : 215A202302210222
[2023-02-21 16:44:26.640] [10936] [ INFO] wowtv economy, 경제 started...
[2023-02-21 16:44:30.232] [10936] [ INFO] wowtv_news Mongo Insert : 215A202302210216
[2023-02-21 16:44:33.244] [10936] [ INFO] wowtv economy, 경제 started...
[2023-02-21 16:44:36.873] [10936] [ INFO] wowtv_news Mongo Insert : 215A202302210209
[2023-02-21 16:44:39.889] [10936] [ INFO] wowtv economy, 경제 started...
[2023-02-21 16:44:43.482] [10936] [ INFO] wowtv_news Mongo Insert : 215A202302210206
[2023-02-21 16:44:46.487] [10936] [ INFO] wowtv economy, 경제 started...
[2023-02-21 16:44:50.059] [10936] [ INFO] wowtv_news Mongo Insert : 215A202302210201
[2023-02-21 16:44:53.061] [10936] [ INFO] wowtv economy, 경제 started...
[2023-02-21 16:44:56.632] [10936] [ INFO] wowtv_news Mongo Insert : 215A202302210198
[2023-02-21 16:44:59.639] [10936] [ INFO] wowtv economy, 경제 started...
[2023-02-21 16:45:03.255] [10936] [ INFO] wowtv_news Mongo Insert : 215A202302210193
[2023-02-21 16:45:06.257] [10936] [ INFO] wowtv economy, 경제 started...
[2023-02-21 16:45:09.837] [10936] [ INFO] wowtv_news Mongo Insert : 215A202302210197
[2023-02-21 16:45:12.842] [10936] [ INFO] wowtv economy, 경제 started...
[2023-02-21 16:45:16.479] [10936] [ INFO] wowtv_news Mongo Insert : 215A202302210134
[2023-02-21 16:45:19.492] [10936] [ INFO] wowtv economy, 경제 started...
[2023-02-21 16:45:23.115] [10936] [ INFO] wowtv_news Mongo Insert : 215A202302210180
[2023-02-21 16:45:26.121] [10936] [ INFO] wowtv economy, 경제 started...
[2023-02-21 16:45:29.681] [10936] [ERROR] 'NoneType' object has no attribute 'get_text'
[2023-02-21 16:45:29.682] [10936] [ INFO] https://www.wowtv.co.kr/NewsCenter/News/NewsList?subMenu=stock&searchComp=WO
[2023-02-21 16:45:30.173] [10936] [ INFO] wowtv stock, 증권 started...
[2023-02-21 16:45:33.767] [10936] [ INFO] wowtv_news Mongo Insert : 215A202302210249
[2023-02-21 16:45:36.767] [10936] [ INFO] wowtv stock, 증권 started...
[2023-02-21 16:45:40.379] [10936] [ INFO] wowtv_news Mongo Insert : 215A202302210058
[2023-02-21 16:45:43.387] [10936] [ INFO] wowtv stock, 증권 started...
[2023-02-21 16:45:46.971] [10936] [ INFO] wowtv_news Mongo Insert : 215A202302210211
[2023-02-21 16:45:49.984] [10936] [ INFO] wowtv stock, 증권 started...
[2023-02-21 16:45:53.589] [10936] [ INFO] wowtv_news Mongo Insert : 215A202302210204
[2023-02-21 16:45:56.599] [10936] [ INFO] wowtv stock, 증권 started...
[2023-02-21 16:46:00.142] [10936] [ INFO] wowtv_news Mongo Insert : 215A202302210187
[2023-02-21 16:46:03.156] [10936] [ INFO] wowtv stock, 증권 started...
[2023-02-21 16:46:06.787] [10936] [ INFO] wowtv_news Mongo Insert : 215A202302210029
[2023-02-21 16:46:09.791] [10936] [ INFO] wowtv stock, 증권 started...
[2023-02-21 16:46:13.332] [10936] [ INFO] wowtv_news Mongo Insert : 215A202302210183
[2023-02-21 16:46:16.346] [10936] [ INFO] wowtv stock, 증권 started...
[2023-02-21 16:46:19.962] [10936] [ INFO] wowtv_news Mongo Insert : 215A202302210016
[2023-02-21 16:46:22.971] [10936] [ INFO] wowtv stock, 증권 started...
[2023-02-21 16:46:26.520] [10936] [ INFO] wowtv_news Mongo Insert : 215A202302210148
[2023-02-21 16:46:29.536] [10936] [ INFO] wowtv stock, 증권 started...
[2023-02-21 16:46:33.084] [10936] [ INFO] wowtv_news Mongo Insert : 215A202302210139
[2023-02-21 16:46:36.085] [10936] [ INFO] wowtv stock, 증권 started...
[2023-02-21 16:46:39.732] [10936] [ INFO] wowtv_news Mongo Insert : 215A202302210132
[2023-02-21 16:46:42.739] [10936] [ INFO] wowtv stock, 증권 started...
[2023-02-21 16:46:46.319] [10936] [ INFO] wowtv_news Mongo Insert : 215A202302210125
[2023-02-21 16:46:49.322] [10936] [ INFO] wowtv stock, 증권 started...
[2023-02-21 16:46:52.937] [10936] [ INFO] wowtv_news Mongo Insert : 215A202302210093
[2023-02-21 16:46:55.953] [10936] [ INFO] wowtv stock, 증권 started...
[2023-02-21 16:46:59.514] [10936] [ INFO] wowtv_news Mongo Insert : 215A202302210087
[2023-02-21 16:47:02.522] [10936] [ INFO] wowtv stock, 증권 started...
[2023-02-21 16:47:06.076] [10936] [ INFO] wowtv_news Mongo Insert : 215A202302210077
[2023-02-21 16:47:09.093] [10936] [ INFO] wowtv stock, 증권 started...
[2023-02-21 16:47:12.728] [10936] [ INFO] wowtv_news Mongo Insert : 215A202302210073
[2023-02-21 16:47:15.735] [10936] [ INFO] wowtv stock, 증권 started...
[2023-02-21 16:47:19.267] [10936] [ INFO] wowtv_news Mongo Insert : 215A202302210070
[2023-02-21 16:47:22.279] [10936] [ INFO] wowtv stock, 증권 started...
[2023-02-21 16:47:25.881] [10936] [ INFO] wowtv_news Mongo Insert : 215A202302210068
[2023-02-21 16:47:28.891] [10936] [ INFO] wowtv stock, 증권 started...
[2023-02-21 16:47:32.437] [10936] [ INFO] wowtv_news Mongo Insert : 215A202302210063
[2023-02-21 16:47:35.444] [10936] [ INFO] wowtv stock, 증권 started...
[2023-02-21 16:47:38.993] [10936] [ INFO] wowtv_news Mongo Insert : 215A202302210066
[2023-02-21 16:47:42.004] [10936] [ INFO] https://www.wowtv.co.kr/NewsCenter/News/NewsList?subMenu=init&searchComp=WO
[2023-02-21 16:47:42.603] [10936] [ INFO] wowtv init, 산업IT started...
[2023-02-21 16:47:46.262] [10936] [ INFO] wowtv_news Mongo Insert : 215A202302210240
[2023-02-21 16:47:49.264] [10936] [ INFO] wowtv init, 산업IT started...
[2023-02-21 16:47:52.850] [10936] [ INFO] wowtv_news Mongo Insert : 215A202302210095
[2023-02-21 16:47:55.862] [10936] [ INFO] wowtv init, 산업IT started...
[2023-02-21 16:47:59.437] [10936] [ INFO] wowtv_news Mongo Insert : 215A202302210238
[2023-02-21 16:48:02.448] [10936] [ INFO] wowtv init, 산업IT started...
[2023-02-21 16:48:06.120] [10936] [ INFO] wowtv_news Mongo Insert : 215A202302210147
[2023-02-21 16:48:09.131] [10936] [ INFO] wowtv init, 산업IT started...
[2023-02-21 16:48:12.658] [10936] [ INFO] wowtv_news Mongo Insert : 215A202302210262
[2023-02-21 16:48:15.667] [10936] [ INFO] wowtv init, 산업IT started...
[2023-02-21 16:48:19.237] [10936] [ INFO] wowtv_news Mongo Insert : 215A202302210225
[2023-02-21 16:48:22.243] [10936] [ INFO] wowtv init, 산업IT started...
[2023-02-21 16:48:25.796] [10936] [ INFO] wowtv_news Mongo Insert : 215A202302210257
[2023-02-21 16:48:28.808] [10936] [ INFO] wowtv init, 산업IT started...
[2023-02-21 16:48:32.359] [10936] [ INFO] wowtv_news Mongo Insert : 215A202302210255
[2023-02-21 16:48:35.361] [10936] [ INFO] wowtv init, 산업IT started...
[2023-02-21 16:48:39.097] [10936] [ INFO] wowtv_news Mongo Insert : 215A202302210245
[2023-02-21 16:48:42.098] [10936] [ INFO] wowtv init, 산업IT started...
[2023-02-21 16:48:45.645] [10936] [ INFO] wowtv_news Mongo Insert : 215A202302210247
[2023-02-21 16:48:48.647] [10936] [ INFO] wowtv init, 산업IT started...
[2023-02-21 16:48:52.242] [10936] [ INFO] wowtv_news Mongo Insert : 215A202302210252
[2023-02-21 16:48:55.251] [10936] [ INFO] wowtv init, 산업IT started...
[2023-02-21 16:48:58.849] [10936] [ INFO] wowtv_news Mongo Insert : 215A202302210194
[2023-02-21 16:49:01.856] [10936] [ INFO] wowtv init, 산업IT started...
[2023-02-21 16:49:05.457] [10936] [ INFO] wowtv_news Mongo Insert : 215A202302210228
[2023-02-21 16:49:08.458] [10936] [ INFO] wowtv init, 산업IT started...
[2023-02-21 16:49:12.114] [10936] [ INFO] wowtv_news Mongo Insert : 215A202302210221
[2023-02-21 16:49:15.125] [10936] [ INFO] wowtv init, 산업IT started...
[2023-02-21 16:49:18.662] [10936] [ INFO] wowtv_news Mongo Insert : 215A202302210220
[2023-02-21 16:49:21.676] [10936] [ INFO] wowtv init, 산업IT started...
[2023-02-21 16:49:25.262] [10936] [ INFO] wowtv_news Mongo Insert : 215A202302210181
[2023-02-21 16:49:28.277] [10936] [ INFO] wowtv init, 산업IT started...
[2023-02-21 16:49:31.828] [10936] [ INFO] wowtv_news Mongo Insert : 215A202302210214
[2023-02-21 16:49:34.830] [10936] [ INFO] wowtv init, 산업IT started...
[2023-02-21 16:49:38.398] [10936] [ INFO] wowtv_news Mongo Insert : 215A202302210215
[2023-02-21 16:49:41.405] [10936] [ INFO] wowtv init, 산업IT started...
[2023-02-21 16:49:44.972] [10936] [ INFO] wowtv_news Mongo Insert : 215A202302210143
[2023-02-21 16:49:47.989] [10936] [ INFO] wowtv init, 산업IT started...
[2023-02-21 16:49:51.602] [10936] [ INFO] wowtv_news Mongo Insert : 215A202302210140
[2023-02-21 16:49:54.613] [10936] [ INFO] https://www.wowtv.co.kr/NewsCenter/Land/Index?subMenu=land&searchComp=WO
[2023-02-21 16:49:55.009] [10936] [ INFO] wowtv land, 부동산 started...
[2023-02-21 16:49:55.009] [10936] [ERROR] 'NoneType' object has no attribute 'get'
[2023-02-21 16:49:55.009] [10936] [ INFO] https://www.wowtv.co.kr/NewsCenter/News/NewsList?subMenu=virtualcurrency&searchComp=WO
[2023-02-21 16:49:55.499] [10936] [ INFO] wowtv virtualcurrency, 가상화폐 started...
[2023-02-21 16:49:59.054] [10936] [ INFO] wowtv_news Mongo Insert : 215A202302210208
[2023-02-21 16:50:02.057] [10936] [ INFO] wowtv virtualcurrency, 가상화폐 started...
[2023-02-21 16:50:05.612] [10936] [ INFO] wowtv_news Mongo Insert : 215A202302210002
[2023-02-21 16:50:08.620] [10936] [ INFO] wowtv virtualcurrency, 가상화폐 started...
[2023-02-21 16:50:12.218] [10936] [ INFO] wowtv_news Mongo Insert : 215A202302210001
[2023-02-21 16:50:15.228] [10936] [ INFO] wowtv virtualcurrency, 가상화폐 started...
[2023-02-21 16:50:18.826] [10936] [ INFO] wowtv_news Mongo Insert : 215A202302200281
[2023-02-21 16:50:21.837] [10936] [ INFO] wowtv virtualcurrency, 가상화폐 started...
[2023-02-21 16:50:25.411] [10936] [ INFO] wowtv_news Mongo Insert : 215A202302200182
[2023-02-21 16:50:28.413] [10936] [ INFO] wowtv virtualcurrency, 가상화폐 started...
[2023-02-21 16:50:32.001] [10936] [ INFO] wowtv_news Mongo Insert : 215A202302200001
[2023-02-21 16:50:35.009] [10936] [ INFO] wowtv virtualcurrency, 가상화폐 started...
[2023-02-21 16:50:38.571] [10936] [ INFO] wowtv_news Mongo Insert : 215A202302190079
[2023-02-21 16:50:41.572] [10936] [ INFO] wowtv virtualcurrency, 가상화폐 started...
[2023-02-21 16:50:45.152] [10936] [ INFO] wowtv_news Mongo Insert : 215A202302190071
[2023-02-21 16:50:48.163] [10936] [ INFO] wowtv virtualcurrency, 가상화폐 started...
[2023-02-21 16:50:51.815] [10936] [ INFO] wowtv_news Mongo Insert : 215A202302190033
[2023-02-21 16:50:54.826] [10936] [ INFO] wowtv virtualcurrency, 가상화폐 started...
[2023-02-21 16:50:58.404] [10936] [ INFO] wowtv_news Mongo Insert : 215A202302190008
[2023-02-21 16:51:01.408] [10936] [ INFO] wowtv virtualcurrency, 가상화폐 started...
[2023-02-21 16:51:05.020] [10936] [ INFO] wowtv_news Mongo Insert : 215A202302190007
[2023-02-21 16:51:08.026] [10936] [ INFO] wowtv virtualcurrency, 가상화폐 started...
[2023-02-21 16:51:11.663] [10936] [ INFO] wowtv_news Mongo Insert : 215A202302190006
[2023-02-21 16:51:14.667] [10936] [ INFO] wowtv virtualcurrency, 가상화폐 started...
[2023-02-21 16:51:18.281] [10936] [ INFO] wowtv_news Mongo Insert : 215A202302190005
[2023-02-21 16:51:21.281] [10936] [ INFO] wowtv virtualcurrency, 가상화폐 started...
[2023-02-21 16:51:24.841] [10936] [ INFO] wowtv_news Mongo Insert : 215A202302180052
[2023-02-21 16:51:27.846] [10936] [ INFO] wowtv virtualcurrency, 가상화폐 started...
[2023-02-21 16:51:31.434] [10936] [ INFO] wowtv_news Mongo Insert : 215A202302180051
[2023-02-21 16:51:34.449] [10936] [ INFO] wowtv virtualcurrency, 가상화폐 started...
[2023-02-21 16:51:38.023] [10936] [ INFO] wowtv_news Mongo Insert : 215A202302180037
[2023-02-21 16:51:41.036] [10936] [ INFO] wowtv virtualcurrency, 가상화폐 started...
[2023-02-21 16:51:44.651] [10936] [ INFO] wowtv_news Mongo Insert : 215A202302180034
[2023-02-21 16:51:47.668] [10936] [ INFO] wowtv virtualcurrency, 가상화폐 started...
[2023-02-21 16:51:51.233] [10936] [ INFO] wowtv_news Mongo Insert : 215A202302180008
[2023-02-21 16:51:54.243] [10936] [ INFO] wowtv virtualcurrency, 가상화폐 started...
[2023-02-21 16:51:57.849] [10936] [ INFO] wowtv_news Mongo Insert : 215A202302180001
[2023-02-21 16:52:00.853] [10936] [ INFO] wowtv virtualcurrency, 가상화폐 started...
[2023-02-21 16:52:04.438] [10936] [ INFO] wowtv_news Mongo Insert : 215A202302170262
[2023-02-21 16:52:07.445] [10936] [ INFO] https://www.wowtv.co.kr/NewsCenter/News/NewsList?subMenu=politics&searchComp=WO
[2023-02-21 16:52:07.938] [10936] [ INFO] wowtv politics, 정치사회 started...
[2023-02-21 16:52:11.450] [10936] [ INFO] wowtv_news Mongo Insert : 215A202302210271
[2023-02-21 16:52:14.460] [10936] [ INFO] wowtv politics, 정치사회 started...
[2023-02-21 16:52:18.066] [10936] [ INFO] wowtv_news Mongo Insert : 215A202302210265
[2023-02-21 16:52:21.068] [10936] [ INFO] wowtv politics, 정치사회 started...
[2023-02-21 16:52:24.620] [10936] [ INFO] wowtv_news Mongo Insert : 215A202302210235
[2023-02-21 16:52:27.633] [10936] [ INFO] wowtv politics, 정치사회 started...
[2023-02-21 16:52:31.205] [10936] [ INFO] wowtv_news Mongo Insert : 215A202302210237
[2023-02-21 16:52:34.219] [10936] [ INFO] wowtv politics, 정치사회 started...
[2023-02-21 16:52:37.791] [10936] [ INFO] wowtv_news Mongo Insert : 215A202302210232
[2023-02-21 16:52:40.792] [10936] [ INFO] wowtv politics, 정치사회 started...
[2023-02-21 16:52:44.357] [10936] [ INFO] wowtv_news Mongo Insert : 215A202302210205
[2023-02-21 16:52:47.366] [10936] [ INFO] wowtv politics, 정치사회 started...
[2023-02-21 16:52:50.982] [10936] [ INFO] wowtv_news Mongo Insert : 215A202302210196
[2023-02-21 16:52:53.991] [10936] [ INFO] wowtv politics, 정치사회 started...
[2023-02-21 16:52:57.575] [10936] [ INFO] wowtv_news Mongo Insert : 215A202302210184
[2023-02-21 16:53:00.579] [10936] [ INFO] wowtv politics, 정치사회 started...
[2023-02-21 16:53:04.070] [10936] [ INFO] wowtv_news Mongo Insert : 215A202302210144
[2023-02-21 16:53:07.084] [10936] [ INFO] wowtv politics, 정치사회 started...
[2023-02-21 16:53:10.643] [10936] [ INFO] wowtv_news Mongo Insert : 215A202302210138
[2023-02-21 16:53:13.644] [10936] [ INFO] wowtv politics, 정치사회 started...
[2023-02-21 16:53:17.268] [10936] [ INFO] wowtv_news Mongo Insert : 215A202302210108
[2023-02-21 16:53:20.279] [10936] [ INFO] wowtv politics, 정치사회 started...
[2023-02-21 16:53:23.804] [10936] [ INFO] wowtv_news Mongo Insert : 215A202302210127
[2023-02-21 16:53:26.808] [10936] [ INFO] wowtv politics, 정치사회 started...
[2023-02-21 16:53:30.356] [10936] [ INFO] wowtv_news Mongo Insert : 215A202302210102
[2023-02-21 16:53:33.357] [10936] [ INFO] wowtv politics, 정치사회 started...
[2023-02-21 16:53:36.939] [10936] [ INFO] wowtv_news Mongo Insert : 215A202302210027
[2023-02-21 16:53:39.952] [10936] [ INFO] wowtv politics, 정치사회 started...
[2023-02-21 16:53:43.560] [10936] [ INFO] wowtv_news Mongo Insert : 215A202302200350
[2023-02-21 16:53:46.568] [10936] [ INFO] wowtv politics, 정치사회 started...
[2023-02-21 16:53:50.185] [10936] [ INFO] wowtv_news Mongo Insert : 215A202302200347
[2023-02-21 16:53:53.198] [10936] [ INFO] wowtv politics, 정치사회 started...
[2023-02-21 16:53:56.788] [10936] [ INFO] wowtv_news Mongo Insert : 215A202302200346
[2023-02-21 16:53:59.791] [10936] [ INFO] wowtv politics, 정치사회 started...
[2023-02-21 16:54:03.439] [10936] [ INFO] wowtv_news Mongo Insert : 215A202302200341
[2023-02-21 16:54:06.443] [10936] [ INFO] wowtv politics, 정치사회 started...
[2023-02-21 16:54:10.012] [10936] [ INFO] wowtv_news Mongo Insert : 215A202302200337
[2023-02-21 16:54:13.016] [10936] [ INFO] wowtv politics, 정치사회 started...
[2023-02-21 16:54:16.674] [10936] [ INFO] wowtv_news Mongo Insert : 215A202302200308
[2023-02-21 16:54:19.689] [10936] [ INFO] https://www.wowtv.co.kr/NewsCenter/News/NewsList?subMenu=international&searchComp=WO
[2023-02-21 16:54:20.408] [10936] [ INFO] wowtv international, 국제 started...
[2023-02-21 16:54:23.936] [10936] [ INFO] wowtv_news Mongo Insert : 215A202302210279
[2023-02-21 16:54:26.944] [10936] [ INFO] wowtv international, 국제 started...
[2023-02-21 16:54:30.655] [10936] [ INFO] wowtv_news Mongo Insert : 215A202302210116
[2023-02-21 16:54:33.663] [10936] [ INFO] wowtv international, 국제 started...
[2023-02-21 16:54:37.373] [10936] [ INFO] wowtv_news Mongo Insert : 215A202302210034
[2023-02-21 16:54:40.378] [10936] [ INFO] wowtv international, 국제 started...
[2023-02-21 16:54:43.971] [10936] [ INFO] wowtv_news Mongo Insert : 215A202302210006
[2023-02-21 16:54:46.977] [10936] [ INFO] wowtv international, 국제 started...
[2023-02-21 16:54:50.550] [10936] [ INFO] wowtv_news Mongo Insert : 215A202302210003
[2023-02-21 16:54:53.561] [10936] [ INFO] wowtv international, 국제 started...
[2023-02-21 16:54:57.198] [10936] [ INFO] wowtv_news Mongo Insert : 215A202302200355
[2023-02-21 16:55:00.201] [10936] [ INFO] wowtv international, 국제 started...
[2023-02-21 16:55:03.816] [10936] [ INFO] wowtv_news Mongo Insert : 215A202302200353
[2023-02-21 16:55:06.822] [10936] [ INFO] wowtv international, 국제 started...
[2023-02-21 16:55:10.487] [10936] [ INFO] wowtv_news Mongo Insert : 215A202302200345
[2023-02-21 16:55:13.488] [10936] [ INFO] wowtv international, 국제 started...
[2023-02-21 16:55:17.009] [10936] [ INFO] wowtv_news Mongo Insert : 215A202302200344
[2023-02-21 16:55:20.012] [10936] [ INFO] wowtv international, 국제 started...
[2023-02-21 16:55:23.660] [10936] [ INFO] wowtv_news Mongo Insert : 215A202302200343
[2023-02-21 16:55:26.673] [10936] [ INFO] wowtv international, 국제 started...
[2023-02-21 16:55:30.309] [10936] [ INFO] wowtv_news Mongo Insert : 215A202302200342
[2023-02-21 16:55:33.321] [10936] [ INFO] wowtv international, 국제 started...
[2023-02-21 16:55:37.001] [10936] [ INFO] wowtv_news Mongo Insert : 215A202302200340
[2023-02-21 16:55:40.004] [10936] [ INFO] wowtv international, 국제 started...
[2023-02-21 16:55:43.680] [10936] [ INFO] wowtv_news Mongo Insert : 215A202302200336
[2023-02-21 16:55:46.689] [10936] [ INFO] wowtv international, 국제 started...
[2023-02-21 16:55:50.432] [10936] [ INFO] wowtv_news Mongo Insert : 215A202302200334
[2023-02-21 16:55:53.444] [10936] [ INFO] wowtv international, 국제 started...
[2023-02-21 16:55:56.986] [10936] [ INFO] wowtv_news Mongo Insert : 215A202302200262
[2023-02-21 16:55:59.997] [10936] [ INFO] wowtv international, 국제 started...
[2023-02-21 16:56:03.619] [10936] [ INFO] wowtv_news Mongo Insert : 215A202302200215
[2023-02-21 16:56:06.625] [10936] [ INFO] wowtv international, 국제 started...
[2023-02-21 16:56:10.139] [10936] [ INFO] wowtv_news Mongo Insert : 215A202302200203
[2023-02-21 16:56:13.151] [10936] [ INFO] wowtv international, 국제 started...
[2023-02-21 16:56:16.773] [10936] [ INFO] wowtv_news Mongo Insert : 215A202302200032
[2023-02-21 16:56:19.783] [10936] [ INFO] wowtv international, 국제 started...
[2023-02-21 16:56:23.425] [10936] [ INFO] wowtv_news Mongo Insert : 215A202302190078
[2023-02-21 16:56:26.432] [10936] [ INFO] wowtv international, 국제 started...
[2023-02-21 16:56:29.989] [10936] [ INFO] wowtv_news Mongo Insert : 215A202302190074
[2023-02-21 16:56:32.993] [10936] [ INFO] https://www.wowtv.co.kr/NewsCenter/News/NewsList?subMenu=job
[2023-02-21 16:56:33.461] [10936] [ INFO] wowtv job, 취업 started...
[2023-02-21 16:56:36.994] [10936] [ERROR] 'NoneType' object has no attribute 'get_text'
[2023-02-21 16:56:36.994] [10936] [ INFO] https://www.wowtv.co.kr/NewsCenter/News/NewsList?subMenu=sports&searchComp=WO
[2023-02-21 16:56:37.442] [10936] [ INFO] wowtv sports, 스포츠 started...
[2023-02-21 16:56:40.984] [10936] [ INFO] wowtv_news Mongo Insert : 215A202302210046
[2023-02-21 16:56:43.990] [10936] [ INFO] wowtv sports, 스포츠 started...
[2023-02-21 16:56:47.525] [10936] [ INFO] wowtv_news Mongo Insert : 215A202302200022
[2023-02-21 16:56:50.528] [10936] [ INFO] wowtv sports, 스포츠 started...
[2023-02-21 16:56:54.142] [10936] [ INFO] wowtv_news Mongo Insert : 215A202302190076
[2023-02-21 16:56:57.150] [10936] [ INFO] wowtv sports, 스포츠 started...
[2023-02-21 16:57:00.752] [10936] [ INFO] wowtv_news Mongo Insert : 215A202302190065
[2023-02-21 16:57:03.761] [10936] [ INFO] wowtv sports, 스포츠 started...
[2023-02-21 16:57:07.805] [10936] [ INFO] wowtv_news Mongo Insert : 215A202302160237
[2023-02-21 16:57:10.815] [10936] [ INFO] wowtv sports, 스포츠 started...
[2023-02-21 16:57:14.503] [10936] [ INFO] wowtv_news Mongo Insert : 215A202302160032
[2023-02-21 16:57:17.510] [10936] [ INFO] wowtv sports, 스포츠 started...
[2023-02-21 16:57:21.112] [10936] [ INFO] wowtv_news Mongo Insert : 215A202302120030
[2023-02-21 16:57:24.118] [10936] [ INFO] wowtv sports, 스포츠 started...
[2023-02-21 16:57:27.751] [10936] [ INFO] wowtv_news Mongo Insert : 215A202302110033
[2023-02-21 16:57:30.761] [10936] [ INFO] wowtv sports, 스포츠 started...
[2023-02-21 16:57:34.473] [10936] [ INFO] wowtv_news Mongo Insert : 215A202302110017
[2023-02-21 16:57:37.480] [10936] [ INFO] wowtv sports, 스포츠 started...
[2023-02-21 16:57:41.035] [10936] [ INFO] wowtv_news Mongo Insert : 215A202302070095
[2023-02-21 16:57:44.036] [10936] [ INFO] wowtv sports, 스포츠 started...
[2023-02-21 16:57:47.672] [10936] [ INFO] wowtv_news Mongo Insert : 215A202302060112
[2023-02-21 16:57:50.675] [10936] [ INFO] wowtv sports, 스포츠 started...
[2023-02-21 16:57:54.373] [10936] [ INFO] wowtv_news Mongo Insert : 215A202302060003
[2023-02-21 16:57:57.379] [10936] [ INFO] wowtv sports, 스포츠 started...
[2023-02-21 16:58:01.026] [10936] [ INFO] wowtv_news Mongo Insert : 215A202302010321
[2023-02-21 16:58:04.039] [10936] [ INFO] wowtv sports, 스포츠 started...
[2023-02-21 16:58:07.642] [10936] [ INFO] wowtv_news Mongo Insert : 215A202301290071
[2023-02-21 16:58:10.655] [10936] [ INFO] wowtv sports, 스포츠 started...
[2023-02-21 16:58:14.224] [10936] [ INFO] wowtv_news Mongo Insert : 215A202301290017
[2023-02-21 16:58:17.230] [10936] [ INFO] wowtv sports, 스포츠 started...
[2023-02-21 16:58:20.834] [10936] [ INFO] wowtv_news Mongo Insert : 215A202301250256
[2023-02-21 16:58:23.840] [10936] [ INFO] wowtv sports, 스포츠 started...
[2023-02-21 16:58:27.547] [10936] [ INFO] wowtv_news Mongo Insert : 215A202301210018
[2023-02-21 16:58:30.551] [10936] [ INFO] wowtv sports, 스포츠 started...
[2023-02-21 16:58:34.113] [10936] [ INFO] wowtv_news Mongo Insert : 215A202301200239
[2023-02-21 16:58:37.114] [10936] [ INFO] wowtv sports, 스포츠 started...
[2023-02-21 16:58:40.688] [10936] [ INFO] wowtv_news Mongo Insert : 215A202301140033
[2023-02-21 16:58:43.696] [10936] [ INFO] wowtv sports, 스포츠 started...
[2023-02-21 16:58:47.270] [10936] [ INFO] wowtv_news Mongo Insert : 215A202301140016
[2023-02-21 16:58:50.282] [10936] [ INFO] https://www.wowtv.co.kr/NewsCenter/News/NewsList?subMenu=entstar&searchComp=WO
[2023-02-21 16:58:50.896] [10936] [ INFO] wowtv entstar, 연예 started...
[2023-02-21 16:58:54.510] [10936] [ INFO] wowtv_news Mongo Insert : 215A202302210278
[2023-02-21 16:58:57.512] [10936] [ INFO] wowtv entstar, 연예 started...
[2023-02-21 16:59:01.257] [10936] [ INFO] wowtv_news Mongo Insert : 215A202302210263
[2023-02-21 16:59:04.263] [10936] [ INFO] wowtv entstar, 연예 started...
[2023-02-21 16:59:07.853] [10936] [ INFO] wowtv_news Mongo Insert : 215A202302210256
[2023-02-21 16:59:10.868] [10936] [ INFO] wowtv entstar, 연예 started...
[2023-02-21 16:59:14.405] [10936] [ INFO] wowtv_news Mongo Insert : 215A202302210246
[2023-02-21 16:59:17.424] [10936] [ INFO] wowtv entstar, 연예 started...
[2023-02-21 16:59:20.993] [10936] [ INFO] wowtv_news Mongo Insert : 215A202302210234
[2023-02-21 16:59:24.006] [10936] [ INFO] wowtv entstar, 연예 started...
[2023-02-21 16:59:27.510] [10936] [ INFO] wowtv_news Mongo Insert : 215A202302210177
[2023-02-21 16:59:30.519] [10936] [ INFO] wowtv entstar, 연예 started...
[2023-02-21 16:59:34.087] [10936] [ INFO] wowtv_news Mongo Insert : 215A202302210149
[2023-02-21 16:59:37.100] [10936] [ INFO] wowtv entstar, 연예 started...
[2023-02-21 16:59:40.704] [10936] [ INFO] wowtv_news Mongo Insert : 215A202302210142
[2023-02-21 16:59:43.717] [10936] [ INFO] wowtv entstar, 연예 started...
[2023-02-21 16:59:47.347] [10936] [ INFO] wowtv_news Mongo Insert : 215A202302210128
[2023-02-21 16:59:50.351] [10936] [ INFO] wowtv entstar, 연예 started...
[2023-02-21 16:59:53.938] [10936] [ INFO] wowtv_news Mongo Insert : 215A202302210106
[2023-02-21 16:59:56.952] [10936] [ INFO] wowtv entstar, 연예 started...
[2023-02-21 17:00:00.592] [10936] [ INFO] wowtv_news Mongo Insert : 215A202302210096
[2023-02-21 17:00:03.601] [10936] [ INFO] wowtv entstar, 연예 started...
[2023-02-21 17:00:07.180] [10936] [ INFO] wowtv_news Mongo Insert : 215A202302210092
[2023-02-21 17:00:10.185] [10936] [ INFO] wowtv entstar, 연예 started...
[2023-02-21 17:00:13.777] [10936] [ INFO] wowtv_news Mongo Insert : 215A202302210085
[2023-02-21 17:00:16.786] [10936] [ INFO] wowtv entstar, 연예 started...
[2023-02-21 17:00:20.378] [10936] [ INFO] wowtv_news Mongo Insert : 215A202302210079
[2023-02-21 17:00:23.390] [10936] [ INFO] wowtv entstar, 연예 started...
[2023-02-21 17:00:26.994] [10936] [ INFO] wowtv_news Mongo Insert : 215A202302210075
[2023-02-21 17:00:30.000] [10936] [ INFO] wowtv entstar, 연예 started...
[2023-02-21 17:00:33.713] [10936] [ INFO] wowtv_news Mongo Insert : 215A202302210059
[2023-02-21 17:00:36.720] [10936] [ INFO] wowtv entstar, 연예 started...
[2023-02-21 17:00:40.331] [10936] [ INFO] wowtv_news Mongo Insert : 215A202302210051
[2023-02-21 17:00:43.332] [10936] [ INFO] wowtv entstar, 연예 started...
[2023-02-21 17:00:46.901] [10936] [ INFO] wowtv_news Mongo Insert : 215A202302210041
[2023-02-21 17:00:49.910] [10936] [ INFO] wowtv entstar, 연예 started...
[2023-02-21 17:00:53.571] [10936] [ INFO] wowtv_news Mongo Insert : 215A202302210037
[2023-02-21 17:00:56.587] [10936] [ INFO] wowtv entstar, 연예 started...
[2023-02-21 17:01:00.200] [10936] [ INFO] wowtv_news Mongo Insert : 215A202302210028
[2023-02-21 17:28:07.236] [ 3940] [ INFO] https://www.wowtv.co.kr/NewsCenter/News/NewsList?subMenu=economy&searchComp=WO
[2023-02-21 17:28:07.919] [ 3940] [ INFO] wowtv economy, 경제 started...
[2023-02-21 18:55:58.932] [11268] [ INFO] https://www.wowtv.co.kr/NewsCenter/News/NewsList?subMenu=economy&searchComp=WO
[2023-02-21 18:55:59.457] [11268] [ INFO] wowtv economy, 경제 started...
[2023-02-21 18:56:03.449] [ 6116] [ INFO] https://www.wowtv.co.kr/NewsCenter/News/NewsList?subMenu=economy&searchComp=WO
[2023-02-21 18:56:03.996] [ 6116] [ INFO] wowtv economy, 경제 started...
[2023-02-21 18:56:07.567] [ 6116] [ INFO] wowtv_news Mongo Insert : 215A202302210302
[2023-02-21 18:56:10.568] [ 6116] [ INFO] wowtv economy, 경제 started...
[2023-02-21 18:56:14.152] [ 6116] [ INFO] wowtv_news Mongo Insert : 215A202302210270
[2023-02-21 18:56:17.164] [ 6116] [ INFO] wowtv economy, 경제 started...
[2023-02-21 18:56:20.751] [ 6116] [ INFO] wowtv_news Mongo Insert : 215A202302210293
[2023-02-21 18:56:23.756] [ 6116] [ INFO] wowtv economy, 경제 started...
[2023-02-21 18:56:27.350] [ 6116] [ INFO] wowtv_news Mongo Insert : 215A202302210313
[2023-02-21 18:56:30.358] [ 6116] [ INFO] wowtv economy, 경제 started...
[2023-02-21 18:56:33.989] [ 6116] [ERROR] E11000 duplicate key error collection: News_KR.wowtv index: _id_ dup key: { : "215A202302210241" }, full error: {'index': 0, 'code': 11000, 'errmsg': 'E11000 duplicate key error collection: News_KR.wowtv index: _id_ dup key: { : "215A202302210241" }'}
[2023-02-21 18:56:33.989] [ 6116] [ INFO] wowtv economy, 경제 started...
[2023-02-21 18:56:37.571] [ 6116] [ERROR] E11000 duplicate key error collection: News_KR.wowtv index: _id_ dup key: { : "215A202302210224" }, full error: {'index': 0, 'code': 11000, 'errmsg': 'E11000 duplicate key error collection: News_KR.wowtv index: _id_ dup key: { : "215A202302210224" }'}
[2023-02-21 18:56:37.572] [ 6116] [ INFO] wowtv economy, 경제 started...
[2023-02-21 18:56:41.578] [ 6116] [ERROR] E11000 duplicate key error collection: News_KR.wowtv index: _id_ dup key: { : "215A202302210210" }, full error: {'index': 0, 'code': 11000, 'errmsg': 'E11000 duplicate key error collection: News_KR.wowtv index: _id_ dup key: { : "215A202302210210" }'}
[2023-02-21 18:56:41.579] [ 6116] [ INFO] https://www.wowtv.co.kr/NewsCenter/News/NewsList?subMenu=stock&searchComp=WO
[2023-02-21 18:56:42.394] [ 6116] [ INFO] wowtv stock, 증권 started...
[2023-02-21 18:56:46.013] [ 6116] [ INFO] wowtv_news Mongo Insert : 215A202302210287
[2023-02-21 18:56:49.014] [ 6116] [ INFO] wowtv stock, 증권 started...
[2023-02-21 18:56:52.555] [ 6116] [ INFO] wowtv_news Mongo Insert : 215A202302210264
[2023-02-21 18:56:55.563] [ 6116] [ INFO] wowtv stock, 증권 started...
[2023-02-21 18:56:59.130] [ 6116] [ INFO] wowtv_news Mongo Insert : 215A202302210307
[2023-02-21 18:57:02.135] [ 6116] [ INFO] wowtv stock, 증권 started...
[2023-02-21 18:57:05.699] [ 6116] [ INFO] wowtv_news Mongo Insert : 215A202302210282
[2023-02-21 18:57:08.700] [ 6116] [ INFO] wowtv stock, 증권 started...
[2023-02-21 18:57:12.215] [ 6116] [ERROR] E11000 duplicate key error collection: News_KR.wowtv index: _id_ dup key: { : "215A202302210249" }, full error: {'index': 0, 'code': 11000, 'errmsg': 'E11000 duplicate key error collection: News_KR.wowtv index: _id_ dup key: { : "215A202302210249" }'}
[2023-02-21 18:57:12.215] [ 6116] [ INFO] wowtv stock, 증권 started...
[2023-02-21 18:57:15.748] [ 6116] [ERROR] E11000 duplicate key error collection: News_KR.wowtv index: _id_ dup key: { : "215A202302210058" }, full error: {'index': 0, 'code': 11000, 'errmsg': 'E11000 duplicate key error collection: News_KR.wowtv index: _id_ dup key: { : "215A202302210058" }'}
[2023-02-21 18:57:15.748] [ 6116] [ INFO] wowtv stock, 증권 started...
[2023-02-21 18:57:19.236] [ 6116] [ERROR] E11000 duplicate key error collection: News_KR.wowtv index: _id_ dup key: { : "215A202302210211" }, full error: {'index': 0, 'code': 11000, 'errmsg': 'E11000 duplicate key error collection: News_KR.wowtv index: _id_ dup key: { : "215A202302210211" }'}
[2023-02-21 18:57:19.236] [ 6116] [ INFO] https://www.wowtv.co.kr/NewsCenter/News/NewsList?subMenu=init&searchComp=WO
[2023-02-21 18:57:19.816] [ 6116] [ INFO] wowtv init, 산업IT started...
[2023-02-21 18:57:23.386] [ 6116] [ INFO] wowtv_news Mongo Insert : 215A202302210309
[2023-02-21 18:57:26.396] [ 6116] [ INFO] wowtv init, 산업IT started...
[2023-02-21 18:57:29.972] [ 6116] [ INFO] wowtv_news Mongo Insert : 215A202302210303
[2023-02-21 18:57:32.973] [ 6116] [ INFO] wowtv init, 산업IT started...
[2023-02-21 18:57:36.518] [ 6116] [ INFO] wowtv_news Mongo Insert : 215A202302210298
[2023-02-21 18:57:39.519] [ 6116] [ INFO] wowtv init, 산업IT started...
[2023-02-21 18:57:43.045] [ 6116] [ INFO] wowtv_news Mongo Insert : 215A202302210290
[2023-02-21 18:57:46.046] [ 6116] [ INFO] wowtv init, 산업IT started...
[2023-02-21 18:57:49.569] [ 6116] [ INFO] wowtv_news Mongo Insert : 215A202302210283
[2023-02-21 18:57:52.584] [ 6116] [ INFO] wowtv init, 산업IT started...
[2023-02-21 18:57:56.170] [ 6116] [ INFO] wowtv_news Mongo Insert : 215A202302200145
[2023-02-21 18:57:59.183] [ 6116] [ INFO] wowtv init, 산업IT started...
[2023-02-21 18:58:02.744] [ 6116] [ INFO] wowtv_news Mongo Insert : 215A202302210275
[2023-02-21 18:58:05.755] [ 6116] [ INFO] wowtv init, 산업IT started...
[2023-02-21 18:58:09.250] [ 6116] [ERROR] E11000 duplicate key error collection: News_KR.wowtv index: _id_ dup key: { : "215A202302210240" }, full error: {'index': 0, 'code': 11000, 'errmsg': 'E11000 duplicate key error collection: News_KR.wowtv index: _id_ dup key: { : "215A202302210240" }'}
[2023-02-21 18:58:09.250] [ 6116] [ INFO] wowtv init, 산업IT started...
[2023-02-21 18:58:12.805] [ 6116] [ERROR] E11000 duplicate key error collection: News_KR.wowtv index: _id_ dup key: { : "215A202302210095" }, full error: {'index': 0, 'code': 11000, 'errmsg': 'E11000 duplicate key error collection: News_KR.wowtv index: _id_ dup key: { : "215A202302210095" }'}
[2023-02-21 18:58:12.805] [ 6116] [ INFO] wowtv init, 산업IT started...
[2023-02-21 18:58:16.402] [ 6116] [ERROR] E11000 duplicate key error collection: News_KR.wowtv index: _id_ dup key: { : "215A202302210238" }, full error: {'index': 0, 'code': 11000, 'errmsg': 'E11000 duplicate key error collection: News_KR.wowtv index: _id_ dup key: { : "215A202302210238" }'}
[2023-02-21 18:58:16.402] [ 6116] [ INFO] https://www.wowtv.co.kr/NewsCenter/Land/Index?subMenu=land&searchComp=WO
[2023-02-21 18:58:16.792] [ 6116] [ INFO] wowtv land, 부동산 started...
[2023-02-21 18:58:16.793] [ 6116] [ERROR] 'NoneType' object has no attribute 'get'
[2023-02-21 18:58:16.793] [ 6116] [ INFO] https://www.wowtv.co.kr/NewsCenter/News/NewsList?subMenu=virtualcurrency&searchComp=WO
[2023-02-21 18:58:17.358] [ 6116] [ INFO] wowtv virtualcurrency, 가상화폐 started...
[2023-02-21 18:58:20.926] [ 6116] [ INFO] wowtv_news Mongo Insert : 215A202302210300
[2023-02-21 18:58:23.939] [ 6116] [ INFO] wowtv virtualcurrency, 가상화폐 started...
[2023-02-21 18:58:27.455] [ 6116] [ERROR] E11000 duplicate key error collection: News_KR.wowtv index: _id_ dup key: { : "215A202302210208" }, full error: {'index': 0, 'code': 11000, 'errmsg': 'E11000 duplicate key error collection: News_KR.wowtv index: _id_ dup key: { : "215A202302210208" }'}
[2023-02-21 18:58:27.456] [ 6116] [ INFO] wowtv virtualcurrency, 가상화폐 started...
[2023-02-21 18:58:31.021] [ 6116] [ERROR] E11000 duplicate key error collection: News_KR.wowtv index: _id_ dup key: { : "215A202302210002" }, full error: {'index': 0, 'code': 11000, 'errmsg': 'E11000 duplicate key error collection: News_KR.wowtv index: _id_ dup key: { : "215A202302210002" }'}
[2023-02-21 18:58:31.021] [ 6116] [ INFO] wowtv virtualcurrency, 가상화폐 started...
[2023-02-21 18:58:34.565] [ 6116] [ERROR] E11000 duplicate key error collection: News_KR.wowtv index: _id_ dup key: { : "215A202302210001" }, full error: {'index': 0, 'code': 11000, 'errmsg': 'E11000 duplicate key error collection: News_KR.wowtv index: _id_ dup key: { : "215A202302210001" }'}
[2023-02-21 18:58:34.565] [ 6116] [ INFO] https://www.wowtv.co.kr/NewsCenter/News/NewsList?subMenu=politics&searchComp=WO
[2023-02-21 18:58:35.047] [ 6116] [ INFO] wowtv politics, 정치사회 started...
[2023-02-21 18:58:38.615] [ 6116] [ INFO] wowtv_news Mongo Insert : 215A202302210305
[2023-02-21 18:58:41.623] [ 6116] [ INFO] wowtv politics, 정치사회 started...
[2023-02-21 18:58:45.162] [ 6116] [ INFO] wowtv_news Mongo Insert : 215A202302210292
[2023-02-21 18:58:48.166] [ 6116] [ INFO] wowtv politics, 정치사회 started...
[2023-02-21 18:58:51.741] [ 6116] [ INFO] wowtv_news Mongo Insert : 215A202302210281
[2023-02-21 18:58:54.754] [ 6116] [ INFO] wowtv politics, 정치사회 started...
[2023-02-21 18:58:58.288] [ 6116] [ERROR] E11000 duplicate key error collection: News_KR.wowtv index: _id_ dup key: { : "215A202302210271" }, full error: {'index': 0, 'code': 11000, 'errmsg': 'E11000 duplicate key error collection: News_KR.wowtv index: _id_ dup key: { : "215A202302210271" }'}
[2023-02-21 18:58:58.288] [ 6116] [ INFO] wowtv politics, 정치사회 started...
[2023-02-21 18:59:01.886] [ 6116] [ERROR] E11000 duplicate key error collection: News_KR.wowtv index: _id_ dup key: { : "215A202302210265" }, full error: {'index': 0, 'code': 11000, 'errmsg': 'E11000 duplicate key error collection: News_KR.wowtv index: _id_ dup key: { : "215A202302210265" }'}
[2023-02-21 18:59:01.886] [ 6116] [ INFO] wowtv politics, 정치사회 started...
[2023-02-21 18:59:05.458] [ 6116] [ERROR] E11000 duplicate key error collection: News_KR.wowtv index: _id_ dup key: { : "215A202302210235" }, full error: {'index': 0, 'code': 11000, 'errmsg': 'E11000 duplicate key error collection: News_KR.wowtv index: _id_ dup key: { : "215A202302210235" }'}
[2023-02-21 18:59:05.458] [ 6116] [ INFO] https://www.wowtv.co.kr/NewsCenter/News/NewsList?subMenu=international&searchComp=WO
[2023-02-21 18:59:06.001] [ 6116] [ INFO] wowtv international, 국제 started...
[2023-02-21 18:59:09.526] [ 6116] [ INFO] wowtv_news Mongo Insert : 215A202302210284
[2023-02-21 18:59:12.531] [ 6116] [ INFO] wowtv international, 국제 started...
[2023-02-21 18:59:16.111] [ 6116] [ERROR] E11000 duplicate key error collection: News_KR.wowtv index: _id_ dup key: { : "215A202302210279" }, full error: {'index': 0, 'code': 11000, 'errmsg': 'E11000 duplicate key error collection: News_KR.wowtv index: _id_ dup key: { : "215A202302210279" }'}
[2023-02-21 18:59:16.111] [ 6116] [ INFO] wowtv international, 국제 started...
[2023-02-21 18:59:19.629] [ 6116] [ERROR] E11000 duplicate key error collection: News_KR.wowtv index: _id_ dup key: { : "215A202302210116" }, full error: {'index': 0, 'code': 11000, 'errmsg': 'E11000 duplicate key error collection: News_KR.wowtv index: _id_ dup key: { : "215A202302210116" }'}
[2023-02-21 18:59:19.629] [ 6116] [ INFO] wowtv international, 국제 started...
[2023-02-21 18:59:23.162] [ 6116] [ERROR] E11000 duplicate key error collection: News_KR.wowtv index: _id_ dup key: { : "215A202302210034" }, full error: {'index': 0, 'code': 11000, 'errmsg': 'E11000 duplicate key error collection: News_KR.wowtv index: _id_ dup key: { : "215A202302210034" }'}
[2023-02-21 18:59:23.162] [ 6116] [ INFO] https://www.wowtv.co.kr/NewsCenter/News/NewsList?subMenu=job
[2023-02-21 18:59:23.617] [ 6116] [ INFO] wowtv job, 취업 started...
[2023-02-21 18:59:27.172] [ 6116] [ERROR] 'NoneType' object has no attribute 'get_text'
[2023-02-21 18:59:27.173] [ 6116] [ INFO] https://www.wowtv.co.kr/NewsCenter/News/NewsList?subMenu=sports&searchComp=WO
[2023-02-21 18:59:27.654] [ 6116] [ INFO] wowtv sports, 스포츠 started...
[2023-02-21 18:59:31.198] [ 6116] [ERROR] E11000 duplicate key error collection: News_KR.wowtv index: _id_ dup key: { : "215A202302210046" }, full error: {'index': 0, 'code': 11000, 'errmsg': 'E11000 duplicate key error collection: News_KR.wowtv index: _id_ dup key: { : "215A202302210046" }'}
[2023-02-21 18:59:31.199] [ 6116] [ INFO] wowtv sports, 스포츠 started...
[2023-02-21 18:59:34.718] [ 6116] [ERROR] E11000 duplicate key error collection: News_KR.wowtv index: _id_ dup key: { : "215A202302200022" }, full error: {'index': 0, 'code': 11000, 'errmsg': 'E11000 duplicate key error collection: News_KR.wowtv index: _id_ dup key: { : "215A202302200022" }'}
[2023-02-21 18:59:34.719] [ 6116] [ INFO] wowtv sports, 스포츠 started...
[2023-02-21 18:59:38.234] [ 6116] [ERROR] E11000 duplicate key error collection: News_KR.wowtv index: _id_ dup key: { : "215A202302190076" }, full error: {'index': 0, 'code': 11000, 'errmsg': 'E11000 duplicate key error collection: News_KR.wowtv index: _id_ dup key: { : "215A202302190076" }'}
[2023-02-21 18:59:38.234] [ 6116] [ INFO] https://www.wowtv.co.kr/NewsCenter/News/NewsList?subMenu=entstar&searchComp=WO
[2023-02-21 18:59:38.791] [ 6116] [ INFO] wowtv entstar, 연예 started...
[2023-02-21 18:59:42.373] [ 6116] [ INFO] wowtv_news Mongo Insert : 215A202302210304
[2023-02-21 18:59:45.382] [ 6116] [ INFO] wowtv entstar, 연예 started...
[2023-02-21 18:59:48.974] [ 6116] [ INFO] wowtv_news Mongo Insert : 215A202302210291
[2023-02-21 18:59:51.984] [ 6116] [ INFO] wowtv entstar, 연예 started...
[2023-02-21 18:59:55.563] [ 6116] [ERROR] E11000 duplicate key error collection: News_KR.wowtv index: _id_ dup key: { : "215A202302210278" }, full error: {'index': 0, 'code': 11000, 'errmsg': 'E11000 duplicate key error collection: News_KR.wowtv index: _id_ dup key: { : "215A202302210278" }'}
[2023-02-21 18:59:55.563] [ 6116] [ INFO] wowtv entstar, 연예 started...
[2023-02-21 18:59:59.093] [ 6116] [ERROR] E11000 duplicate key error collection: News_KR.wowtv index: _id_ dup key: { : "215A202302210263" }, full error: {'index': 0, 'code': 11000, 'errmsg': 'E11000 duplicate key error collection: News_KR.wowtv index: _id_ dup key: { : "215A202302210263" }'}
[2023-02-21 18:59:59.093] [ 6116] [ INFO] wowtv entstar, 연예 started...
[2023-02-21 19:00:02.690] [ 6116] [ERROR] E11000 duplicate key error collection: News_KR.wowtv index: _id_ dup key: { : "215A202302210256" }, full error: {'index': 0, 'code': 11000, 'errmsg': 'E11000 duplicate key error collection: News_KR.wowtv index: _id_ dup key: { : "215A202302210256" }'}
[2023-02-21 19:38:46.250] [14472] [ INFO] https://www.wowtv.co.kr/NewsCenter/News/NewsList?subMenu=economy&searchComp=WO
[2023-02-21 19:38:46.760] [14472] [ INFO] wowtv economy, 경제 started...
[2023-02-21 19:38:50.465] [14472] [ INFO] wowtv_news Mongo Insert : 215A202302210244
[2023-02-21 19:38:53.480] [14472] [ INFO] wowtv economy, 경제 started...
[2023-02-21 19:38:57.050] [14472] [ INFO] wowtv_news Mongo Insert : 215A202302210276
[2023-02-21 19:39:00.059] [14472] [ INFO] wowtv economy, 경제 started...
[2023-02-21 19:39:03.605] [14472] [ERROR] E11000 duplicate key error collection: News_KR.wowtv index: _id_ dup key: { : "215A202302210302" }, full error: {'index': 0, 'code': 11000, 'errmsg': 'E11000 duplicate key error collection: News_KR.wowtv index: _id_ dup key: { : "215A202302210302" }'}
[2023-02-21 19:39:03.605] [14472] [ INFO] wowtv economy, 경제 started...
[2023-02-21 19:39:07.183] [14472] [ERROR] E11000 duplicate key error collection: News_KR.wowtv index: _id_ dup key: { : "215A202302210270" }, full error: {'index': 0, 'code': 11000, 'errmsg': 'E11000 duplicate key error collection: News_KR.wowtv index: _id_ dup key: { : "215A202302210270" }'}
[2023-02-21 19:39:07.184] [14472] [ INFO] wowtv economy, 경제 started...
[2023-02-21 19:39:10.723] [14472] [ERROR] E11000 duplicate key error collection: News_KR.wowtv index: _id_ dup key: { : "215A202302210293" }, full error: {'index': 0, 'code': 11000, 'errmsg': 'E11000 duplicate key error collection: News_KR.wowtv index: _id_ dup key: { : "215A202302210293" }'}
[2023-02-21 19:39:10.723] [14472] [ INFO] https://www.wowtv.co.kr/NewsCenter/News/NewsList?subMenu=stock&searchComp=WO
[2023-02-21 19:39:11.301] [14472] [ INFO] wowtv stock, 증권 started...
[2023-02-21 19:39:14.863] [14472] [ERROR] E11000 duplicate key error collection: News_KR.wowtv index: _id_ dup key: { : "215A202302210264" }, full error: {'index': 0, 'code': 11000, 'errmsg': 'E11000 duplicate key error collection: News_KR.wowtv index: _id_ dup key: { : "215A202302210264" }'}
[2023-02-21 19:39:14.863] [14472] [ INFO] wowtv stock, 증권 started...
[2023-02-21 19:39:18.474] [14472] [ INFO] wowtv_news Mongo Insert : 215A202302210199
[2023-02-21 19:39:21.476] [14472] [ INFO] wowtv stock, 증권 started...
[2023-02-21 19:39:25.108] [14472] [ INFO] wowtv_news Mongo Insert : 215A202302210217
[2023-02-21 19:39:28.123] [14472] [ INFO] wowtv stock, 증권 started...
[2023-02-21 19:39:31.660] [14472] [ INFO] wowtv_news Mongo Insert : 215A202302210319
[2023-02-21 19:39:34.671] [14472] [ INFO] wowtv stock, 증권 started...
[2023-02-21 19:39:38.199] [14472] [ERROR] E11000 duplicate key error collection: News_KR.wowtv index: _id_ dup key: { : "215A202302210287" }, full error: {'index': 0, 'code': 11000, 'errmsg': 'E11000 duplicate key error collection: News_KR.wowtv index: _id_ dup key: { : "215A202302210287" }'}
[2023-02-21 19:39:38.199] [14472] [ INFO] wowtv stock, 증권 started...
[2023-02-21 19:39:41.810] [14472] [ERROR] E11000 duplicate key error collection: News_KR.wowtv index: _id_ dup key: { : "215A202302210307" }, full error: {'index': 0, 'code': 11000, 'errmsg': 'E11000 duplicate key error collection: News_KR.wowtv index: _id_ dup key: { : "215A202302210307" }'}
[2023-02-21 19:39:41.810] [14472] [ INFO] https://www.wowtv.co.kr/NewsCenter/News/NewsList?subMenu=init&searchComp=WO
[2023-02-21 19:39:42.364] [14472] [ INFO] wowtv init, 산업IT started...
[2023-02-21 19:39:45.951] [14472] [ INFO] wowtv_news Mongo Insert : 215A202302210233
[2023-02-21 19:39:48.962] [14472] [ INFO] wowtv init, 산업IT started...
[2023-02-21 19:39:52.854] [14472] [ INFO] wowtv_news Mongo Insert : 215A202302210109
[2023-02-21 19:39:55.868] [14472] [ INFO] wowtv init, 산업IT started...
[2023-02-21 19:39:59.581] [14472] [ INFO] wowtv_news Mongo Insert : 215A202302210226
[2023-02-21 19:40:02.590] [14472] [ INFO] wowtv init, 산업IT started...
[2023-02-21 19:40:06.245] [14472] [ INFO] wowtv_news Mongo Insert : 215A202302210248
[2023-02-21 19:40:09.259] [14472] [ INFO] wowtv init, 산업IT started...
[2023-02-21 19:40:12.861] [14472] [ INFO] wowtv_news Mongo Insert : 215A202302210320
[2023-02-21 19:40:15.866] [14472] [ INFO] wowtv init, 산업IT started...
[2023-02-21 19:40:19.387] [14472] [ERROR] E11000 duplicate key error collection: News_KR.wowtv index: _id_ dup key: { : "215A202302210309" }, full error: {'index': 0, 'code': 11000, 'errmsg': 'E11000 duplicate key error collection: News_KR.wowtv index: _id_ dup key: { : "215A202302210309" }'}
[2023-02-21 19:40:19.387] [14472] [ INFO] wowtv init, 산업IT started...
[2023-02-21 19:40:22.898] [14472] [ERROR] E11000 duplicate key error collection: News_KR.wowtv index: _id_ dup key: { : "215A202302210303" }, full error: {'index': 0, 'code': 11000, 'errmsg': 'E11000 duplicate key error collection: News_KR.wowtv index: _id_ dup key: { : "215A202302210303" }'}
[2023-02-21 19:40:22.898] [14472] [ INFO] wowtv init, 산업IT started...
[2023-02-21 19:40:26.416] [14472] [ERROR] E11000 duplicate key error collection: News_KR.wowtv index: _id_ dup key: { : "215A202302210298" }, full error: {'index': 0, 'code': 11000, 'errmsg': 'E11000 duplicate key error collection: News_KR.wowtv index: _id_ dup key: { : "215A202302210298" }'}
[2023-02-21 19:40:26.416] [14472] [ INFO] https://www.wowtv.co.kr/NewsCenter/Land/Index?subMenu=land&searchComp=WO
[2023-02-21 19:40:26.740] [14472] [ INFO] wowtv land, 부동산 started...
[2023-02-21 19:40:26.741] [14472] [ERROR] 'NoneType' object has no attribute 'get'
[2023-02-21 19:40:26.741] [14472] [ INFO] https://www.wowtv.co.kr/NewsCenter/News/NewsList?subMenu=virtualcurrency&searchComp=WO
[2023-02-21 19:40:27.221] [14472] [ INFO] wowtv virtualcurrency, 가상화폐 started...
[2023-02-21 19:40:30.741] [14472] [ERROR] E11000 duplicate key error collection: News_KR.wowtv index: _id_ dup key: { : "215A202302210300" }, full error: {'index': 0, 'code': 11000, 'errmsg': 'E11000 duplicate key error collection: News_KR.wowtv index: _id_ dup key: { : "215A202302210300" }'}
[2023-02-21 19:40:30.741] [14472] [ INFO] wowtv virtualcurrency, 가상화폐 started...
[2023-02-21 19:40:34.244] [14472] [ERROR] E11000 duplicate key error collection: News_KR.wowtv index: _id_ dup key: { : "215A202302210208" }, full error: {'index': 0, 'code': 11000, 'errmsg': 'E11000 duplicate key error collection: News_KR.wowtv index: _id_ dup key: { : "215A202302210208" }'}
[2023-02-21 19:40:34.244] [14472] [ INFO] wowtv virtualcurrency, 가상화폐 started...
[2023-02-21 19:40:37.824] [14472] [ERROR] E11000 duplicate key error collection: News_KR.wowtv index: _id_ dup key: { : "215A202302210002" }, full error: {'index': 0, 'code': 11000, 'errmsg': 'E11000 duplicate key error collection: News_KR.wowtv index: _id_ dup key: { : "215A202302210002" }'}
[2023-02-21 19:40:37.825] [14472] [ INFO] https://www.wowtv.co.kr/NewsCenter/News/NewsList?subMenu=politics&searchComp=WO
[2023-02-21 19:40:38.347] [14472] [ INFO] wowtv politics, 정치사회 started...
[2023-02-21 19:40:41.930] [14472] [ERROR] E11000 duplicate key error collection: News_KR.wowtv index: _id_ dup key: { : "215A202302210305" }, full error: {'index': 0, 'code': 11000, 'errmsg': 'E11000 duplicate key error collection: News_KR.wowtv index: _id_ dup key: { : "215A202302210305" }'}
[2023-02-21 19:40:41.930] [14472] [ INFO] wowtv politics, 정치사회 started...
[2023-02-21 19:40:45.455] [14472] [ERROR] E11000 duplicate key error collection: News_KR.wowtv index: _id_ dup key: { : "215A202302210292" }, full error: {'index': 0, 'code': 11000, 'errmsg': 'E11000 duplicate key error collection: News_KR.wowtv index: _id_ dup key: { : "215A202302210292" }'}
[2023-02-21 19:40:45.455] [14472] [ INFO] wowtv politics, 정치사회 started...
[2023-02-21 19:40:49.018] [14472] [ERROR] E11000 duplicate key error collection: News_KR.wowtv index: _id_ dup key: { : "215A202302210281" }, full error: {'index': 0, 'code': 11000, 'errmsg': 'E11000 duplicate key error collection: News_KR.wowtv index: _id_ dup key: { : "215A202302210281" }'}
[2023-02-21 19:40:49.018] [14472] [ INFO] https://www.wowtv.co.kr/NewsCenter/News/NewsList?subMenu=international&searchComp=WO
[2023-02-21 19:40:49.529] [14472] [ INFO] wowtv international, 국제 started...
[2023-02-21 19:40:53.070] [14472] [ERROR] E11000 duplicate key error collection: News_KR.wowtv index: _id_ dup key: { : "215A202302210284" }, full error: {'index': 0, 'code': 11000, 'errmsg': 'E11000 duplicate key error collection: News_KR.wowtv index: _id_ dup key: { : "215A202302210284" }'}
[2023-02-21 19:40:53.070] [14472] [ INFO] wowtv international, 국제 started...
[2023-02-21 19:40:56.596] [14472] [ERROR] E11000 duplicate key error collection: News_KR.wowtv index: _id_ dup key: { : "215A202302210279" }, full error: {'index': 0, 'code': 11000, 'errmsg': 'E11000 duplicate key error collection: News_KR.wowtv index: _id_ dup key: { : "215A202302210279" }'}
[2023-02-21 19:40:56.596] [14472] [ INFO] wowtv international, 국제 started...
[2023-02-21 19:41:00.113] [14472] [ERROR] E11000 duplicate key error collection: News_KR.wowtv index: _id_ dup key: { : "215A202302210116" }, full error: {'index': 0, 'code': 11000, 'errmsg': 'E11000 duplicate key error collection: News_KR.wowtv index: _id_ dup key: { : "215A202302210116" }'}
[2023-02-21 19:41:00.113] [14472] [ INFO] https://www.wowtv.co.kr/NewsCenter/News/NewsList?subMenu=job
[2023-02-21 19:41:00.517] [14472] [ INFO] wowtv job, 취업 started...
[2023-02-21 19:41:03.993] [14472] [ERROR] 'NoneType' object has no attribute 'get_text'
[2023-02-21 19:41:03.993] [14472] [ INFO] https://www.wowtv.co.kr/NewsCenter/News/NewsList?subMenu=sports&searchComp=WO
[2023-02-21 19:41:04.487] [14472] [ INFO] wowtv sports, 스포츠 started...
[2023-02-21 19:41:08.593] [14472] [ERROR] E11000 duplicate key error collection: News_KR.wowtv index: _id_ dup key: { : "215A202302210046" }, full error: {'index': 0, 'code': 11000, 'errmsg': 'E11000 duplicate key error collection: News_KR.wowtv index: _id_ dup key: { : "215A202302210046" }'}
[2023-02-21 19:41:08.593] [14472] [ INFO] wowtv sports, 스포츠 started...
[2023-02-21 19:41:12.151] [14472] [ERROR] E11000 duplicate key error collection: News_KR.wowtv index: _id_ dup key: { : "215A202302200022" }, full error: {'index': 0, 'code': 11000, 'errmsg': 'E11000 duplicate key error collection: News_KR.wowtv index: _id_ dup key: { : "215A202302200022" }'}
[2023-02-21 19:41:12.151] [14472] [ INFO] wowtv sports, 스포츠 started...
[2023-02-21 19:41:15.658] [14472] [ERROR] E11000 duplicate key error collection: News_KR.wowtv index: _id_ dup key: { : "215A202302190076" }, full error: {'index': 0, 'code': 11000, 'errmsg': 'E11000 duplicate key error collection: News_KR.wowtv index: _id_ dup key: { : "215A202302190076" }'}
[2023-02-21 19:41:15.658] [14472] [ INFO] https://www.wowtv.co.kr/NewsCenter/News/NewsList?subMenu=entstar&searchComp=WO
[2023-02-21 19:41:16.396] [14472] [ INFO] wowtv entstar, 연예 started...
[2023-02-21 19:41:19.935] [14472] [ERROR] E11000 duplicate key error collection: News_KR.wowtv index: _id_ dup key: { : "215A202302210304" }, full error: {'index': 0, 'code': 11000, 'errmsg': 'E11000 duplicate key error collection: News_KR.wowtv index: _id_ dup key: { : "215A202302210304" }'}
[2023-02-21 19:41:19.935] [14472] [ INFO] wowtv entstar, 연예 started...
[2023-02-21 19:41:23.466] [14472] [ERROR] E11000 duplicate key error collection: News_KR.wowtv index: _id_ dup key: { : "215A202302210291" }, full error: {'index': 0, 'code': 11000, 'errmsg': 'E11000 duplicate key error collection: News_KR.wowtv index: _id_ dup key: { : "215A202302210291" }'}
[2023-02-21 19:41:23.466] [14472] [ INFO] wowtv entstar, 연예 started...
[2023-02-21 19:41:27.050] [14472] [ERROR] E11000 duplicate key error collection: News_KR.wowtv index: _id_ dup key: { : "215A202302210278" }, full error: {'index': 0, 'code': 11000, 'errmsg': 'E11000 duplicate key error collection: News_KR.wowtv index: _id_ dup key: { : "215A202302210278" }'}
[2023-02-21 20:08:33.513] [13732] [ INFO] https://www.wowtv.co.kr/NewsCenter/News/NewsList?subMenu=economy&searchComp=WO
[2023-02-21 20:08:34.025] [13732] [ INFO] wowtv economy, 경제 started...
[2023-02-21 20:08:37.684] [13732] [ERROR] E11000 duplicate key error collection: News_KR.wowtv index: _id_ dup key: { : "215A202302210244" }, full error: {'index': 0, 'code': 11000, 'errmsg': 'E11000 duplicate key error collection: News_KR.wowtv index: _id_ dup key: { : "215A202302210244" }'}
[2023-02-21 20:08:37.684] [13732] [ INFO] wowtv economy, 경제 started...
[2023-02-21 20:08:41.261] [13732] [ERROR] E11000 duplicate key error collection: News_KR.wowtv index: _id_ dup key: { : "215A202302210276" }, full error: {'index': 0, 'code': 11000, 'errmsg': 'E11000 duplicate key error collection: News_KR.wowtv index: _id_ dup key: { : "215A202302210276" }'}
[2023-02-21 20:08:41.261] [13732] [ INFO] wowtv economy, 경제 started...
[2023-02-21 20:08:44.841] [13732] [ERROR] E11000 duplicate key error collection: News_KR.wowtv index: _id_ dup key: { : "215A202302210302" }, full error: {'index': 0, 'code': 11000, 'errmsg': 'E11000 duplicate key error collection: News_KR.wowtv index: _id_ dup key: { : "215A202302210302" }'}
[2023-02-21 20:08:44.841] [13732] [ INFO] https://www.wowtv.co.kr/NewsCenter/News/NewsList?subMenu=stock&searchComp=WO
[2023-02-21 20:08:45.320] [13732] [ INFO] wowtv stock, 증권 started...
[2023-02-21 20:08:48.939] [13732] [ERROR] E11000 duplicate key error collection: News_KR.wowtv index: _id_ dup key: { : "215A202302210264" }, full error: {'index': 0, 'code': 11000, 'errmsg': 'E11000 duplicate key error collection: News_KR.wowtv index: _id_ dup key: { : "215A202302210264" }'}
[2023-02-21 20:08:48.939] [13732] [ INFO] wowtv stock, 증권 started...
[2023-02-21 20:08:52.477] [13732] [ERROR] E11000 duplicate key error collection: News_KR.wowtv index: _id_ dup key: { : "215A202302210199" }, full error: {'index': 0, 'code': 11000, 'errmsg': 'E11000 duplicate key error collection: News_KR.wowtv index: _id_ dup key: { : "215A202302210199" }'}
[2023-02-21 20:08:52.477] [13732] [ INFO] wowtv stock, 증권 started...
[2023-02-21 20:08:56.080] [13732] [ERROR] E11000 duplicate key error collection: News_KR.wowtv index: _id_ dup key: { : "215A202302210217" }, full error: {'index': 0, 'code': 11000, 'errmsg': 'E11000 duplicate key error collection: News_KR.wowtv index: _id_ dup key: { : "215A202302210217" }'}
[2023-02-21 20:08:56.080] [13732] [ INFO] https://www.wowtv.co.kr/NewsCenter/News/NewsList?subMenu=init&searchComp=WO
[2023-02-21 20:08:56.626] [13732] [ INFO] wowtv init, 산업IT started...
[2023-02-21 20:09:00.157] [13732] [ERROR] E11000 duplicate key error collection: News_KR.wowtv index: _id_ dup key: { : "215A202302210233" }, full error: {'index': 0, 'code': 11000, 'errmsg': 'E11000 duplicate key error collection: News_KR.wowtv index: _id_ dup key: { : "215A202302210233" }'}
[2023-02-21 20:09:00.158] [13732] [ INFO] wowtv init, 산업IT started...
[2023-02-21 20:09:03.720] [13732] [ERROR] E11000 duplicate key error collection: News_KR.wowtv index: _id_ dup key: { : "215A202302210109" }, full error: {'index': 0, 'code': 11000, 'errmsg': 'E11000 duplicate key error collection: News_KR.wowtv index: _id_ dup key: { : "215A202302210109" }'}
[2023-02-21 20:09:03.720] [13732] [ INFO] wowtv init, 산업IT started...
[2023-02-21 20:09:07.105] [13732] [ERROR] ("Connection broken: ConnectionResetError(10054, '현재 연결은 원격 호스트에 의해 강제로 끊겼습니다', None, 10054, None)", ConnectionResetError(10054, '현재 연결은 원격 호스트에 의해 강제로 끊겼습니다', None, 10054, None))
[2023-02-21 20:09:07.108] [13732] [ INFO] https://www.wowtv.co.kr/NewsCenter/Land/Index?subMenu=land&searchComp=WO
[2023-02-21 20:09:07.437] [13732] [ INFO] wowtv land, 부동산 started...
[2023-02-21 20:09:07.437] [13732] [ERROR] 'NoneType' object has no attribute 'get'
[2023-02-21 20:09:07.438] [13732] [ INFO] https://www.wowtv.co.kr/NewsCenter/News/NewsList?subMenu=virtualcurrency&searchComp=WO
[2023-02-21 20:09:07.863] [13732] [ INFO] wowtv virtualcurrency, 가상화폐 started...
[2023-02-21 20:09:11.407] [13732] [ERROR] E11000 duplicate key error collection: News_KR.wowtv index: _id_ dup key: { : "215A202302210300" }, full error: {'index': 0, 'code': 11000, 'errmsg': 'E11000 duplicate key error collection: News_KR.wowtv index: _id_ dup key: { : "215A202302210300" }'}
[2023-02-21 20:09:11.408] [13732] [ INFO] wowtv virtualcurrency, 가상화폐 started...
[2023-02-21 20:09:14.927] [13732] [ERROR] E11000 duplicate key error collection: News_KR.wowtv index: _id_ dup key: { : "215A202302210208" }, full error: {'index': 0, 'code': 11000, 'errmsg': 'E11000 duplicate key error collection: News_KR.wowtv index: _id_ dup key: { : "215A202302210208" }'}
[2023-02-21 20:09:14.927] [13732] [ INFO] wowtv virtualcurrency, 가상화폐 started...
[2023-02-21 20:09:18.445] [13732] [ERROR] E11000 duplicate key error collection: News_KR.wowtv index: _id_ dup key: { : "215A202302210002" }, full error: {'index': 0, 'code': 11000, 'errmsg': 'E11000 duplicate key error collection: News_KR.wowtv index: _id_ dup key: { : "215A202302210002" }'}
[2023-02-21 20:09:18.445] [13732] [ INFO] https://www.wowtv.co.kr/NewsCenter/News/NewsList?subMenu=politics&searchComp=WO
[2023-02-21 20:09:18.964] [13732] [ INFO] wowtv politics, 정치사회 started...
[2023-02-21 20:09:22.512] [13732] [ERROR] E11000 duplicate key error collection: News_KR.wowtv index: _id_ dup key: { : "215A202302210305" }, full error: {'index': 0, 'code': 11000, 'errmsg': 'E11000 duplicate key error collection: News_KR.wowtv index: _id_ dup key: { : "215A202302210305" }'}
[2023-02-21 20:09:22.513] [13732] [ INFO] wowtv politics, 정치사회 started...
[2023-02-21 20:09:26.153] [13732] [ERROR] E11000 duplicate key error collection: News_KR.wowtv index: _id_ dup key: { : "215A202302210292" }, full error: {'index': 0, 'code': 11000, 'errmsg': 'E11000 duplicate key error collection: News_KR.wowtv index: _id_ dup key: { : "215A202302210292" }'}
[2023-02-21 20:09:26.153] [13732] [ INFO] wowtv politics, 정치사회 started...
[2023-02-21 20:09:29.688] [13732] [ERROR] E11000 duplicate key error collection: News_KR.wowtv index: _id_ dup key: { : "215A202302210281" }, full error: {'index': 0, 'code': 11000, 'errmsg': 'E11000 duplicate key error collection: News_KR.wowtv index: _id_ dup key: { : "215A202302210281" }'}
[2023-02-21 20:09:29.688] [13732] [ INFO] https://www.wowtv.co.kr/NewsCenter/News/NewsList?subMenu=international&searchComp=WO
[2023-02-21 20:09:30.174] [13732] [ INFO] wowtv international, 국제 started...
[2023-02-21 20:09:33.694] [13732] [ERROR] E11000 duplicate key error collection: News_KR.wowtv index: _id_ dup key: { : "215A202302210284" }, full error: {'index': 0, 'code': 11000, 'errmsg': 'E11000 duplicate key error collection: News_KR.wowtv index: _id_ dup key: { : "215A202302210284" }'}
[2023-02-21 20:09:33.694] [13732] [ INFO] wowtv international, 국제 started...
[2023-02-21 20:09:37.197] [13732] [ERROR] E11000 duplicate key error collection: News_KR.wowtv index: _id_ dup key: { : "215A202302210279" }, full error: {'index': 0, 'code': 11000, 'errmsg': 'E11000 duplicate key error collection: News_KR.wowtv index: _id_ dup key: { : "215A202302210279" }'}
[2023-02-21 20:09:37.198] [13732] [ INFO] wowtv international, 국제 started...
[2023-02-21 20:09:40.725] [13732] [ERROR] E11000 duplicate key error collection: News_KR.wowtv index: _id_ dup key: { : "215A202302210116" }, full error: {'index': 0, 'code': 11000, 'errmsg': 'E11000 duplicate key error collection: News_KR.wowtv index: _id_ dup key: { : "215A202302210116" }'}
[2023-02-21 20:09:40.726] [13732] [ INFO] https://www.wowtv.co.kr/NewsCenter/News/NewsList?subMenu=job
[2023-02-21 20:09:41.164] [13732] [ INFO] wowtv job, 취업 started...
[2023-02-21 20:09:44.677] [13732] [ERROR] 'NoneType' object has no attribute 'get_text'
[2023-02-21 20:09:44.677] [13732] [ INFO] https://www.wowtv.co.kr/NewsCenter/News/NewsList?subMenu=sports&searchComp=WO
[2023-02-21 20:09:45.155] [13732] [ INFO] wowtv sports, 스포츠 started...
[2023-02-21 20:09:48.742] [13732] [ERROR] E11000 duplicate key error collection: News_KR.wowtv index: _id_ dup key: { : "215A202302210046" }, full error: {'index': 0, 'code': 11000, 'errmsg': 'E11000 duplicate key error collection: News_KR.wowtv index: _id_ dup key: { : "215A202302210046" }'}
[2023-02-21 20:09:48.742] [13732] [ INFO] wowtv sports, 스포츠 started...
[2023-02-21 20:09:52.248] [13732] [ERROR] E11000 duplicate key error collection: News_KR.wowtv index: _id_ dup key: { : "215A202302200022" }, full error: {'index': 0, 'code': 11000, 'errmsg': 'E11000 duplicate key error collection: News_KR.wowtv index: _id_ dup key: { : "215A202302200022" }'}
[2023-02-21 20:09:52.248] [13732] [ INFO] wowtv sports, 스포츠 started...
[2023-02-21 20:09:55.740] [13732] [ERROR] E11000 duplicate key error collection: News_KR.wowtv index: _id_ dup key: { : "215A202302190076" }, full error: {'index': 0, 'code': 11000, 'errmsg': 'E11000 duplicate key error collection: News_KR.wowtv index: _id_ dup key: { : "215A202302190076" }'}
[2023-02-21 20:09:55.740] [13732] [ INFO] https://www.wowtv.co.kr/NewsCenter/News/NewsList?subMenu=entstar&searchComp=WO
[2023-02-21 20:09:56.446] [13732] [ INFO] wowtv entstar, 연예 started...
[2023-02-21 20:10:00.021] [13732] [ERROR] E11000 duplicate key error collection: News_KR.wowtv index: _id_ dup key: { : "215A202302210304" }, full error: {'index': 0, 'code': 11000, 'errmsg': 'E11000 duplicate key error collection: News_KR.wowtv index: _id_ dup key: { : "215A202302210304" }'}
[2023-02-21 20:10:00.021] [13732] [ INFO] wowtv entstar, 연예 started...
[2023-02-21 20:10:03.534] [13732] [ERROR] E11000 duplicate key error collection: News_KR.wowtv index: _id_ dup key: { : "215A202302210291" }, full error: {'index': 0, 'code': 11000, 'errmsg': 'E11000 duplicate key error collection: News_KR.wowtv index: _id_ dup key: { : "215A202302210291" }'}
[2023-02-21 20:10:03.534] [13732] [ INFO] wowtv entstar, 연예 started...
[2023-02-21 20:10:07.076] [13732] [ERROR] E11000 duplicate key error collection: News_KR.wowtv index: _id_ dup key: { : "215A202302210278" }, full error: {'index': 0, 'code': 11000, 'errmsg': 'E11000 duplicate key error collection: News_KR.wowtv index: _id_ dup key: { : "215A202302210278" }'}
