[2023-03-21 13:35:11.173] [159100] [ INFO] https://www.wowtv.co.kr/NewsCenter/News/NewsList?subMenu=economy&menuSeq=529&searchComp=WO
[2023-03-21 13:35:11.782] [159100] [ INFO] wowtv economy, 경제 started...
[2023-03-21 13:35:15.459] [159100] [ INFO] wowtv_news Mongo Insert : 215A202303200207
[2023-03-21 13:35:18.471] [159100] [ INFO] wowtv economy, 경제 started...
[2023-03-21 13:35:22.096] [159100] [ERROR] data duplicated : 215A202303210130
[2023-03-21 13:35:22.098] [159100] [ INFO] wowtv economy, 경제 started...
[2023-03-21 13:35:25.687] [159100] [ERROR] data duplicated : 215A202303210129
[2023-03-21 13:35:25.687] [159100] [ INFO] wowtv economy, 경제 started...
[2023-03-21 13:35:29.214] [159100] [ INFO] wowtv_news Mongo Insert : 215A202303200206
[2023-03-21 13:35:32.218] [159100] [ INFO] wowtv economy, 경제 started...
[2023-03-21 13:35:35.872] [159100] [ERROR] data duplicated : 215A202303210121
[2023-03-21 13:35:35.872] [159100] [ INFO] wowtv economy, 경제 started...
[2023-03-21 13:35:39.459] [159100] [ERROR] data duplicated : 215A202303210125
[2023-03-21 13:35:39.459] [159100] [ INFO] wowtv economy, 경제 started...
[2023-03-21 13:35:43.001] [159100] [ERROR] data duplicated : 215A202303210103
[2023-03-21 13:35:43.001] [159100] [ INFO] https://www.wowtv.co.kr/NewsCenter/News/NewsList?subMenu=stock&menuSeq=460&searchComp=WO
[2023-03-21 13:35:43.540] [159100] [ INFO] wowtv stock, 증권 started...
[2023-03-21 13:35:47.109] [159100] [ERROR] data duplicated : 215A202303210120
[2023-03-21 13:35:47.110] [159100] [ INFO] wowtv stock, 증권 started...
[2023-03-21 13:35:50.735] [159100] [ERROR] data duplicated : 215A202303210100
[2023-03-21 13:35:50.735] [159100] [ INFO] wowtv stock, 증권 started...
[2023-03-21 13:35:54.330] [159100] [ERROR] data duplicated : 215A202303210094
[2023-03-21 13:35:54.330] [159100] [ INFO] https://www.wowtv.co.kr/NewsCenter/News/NewsList?subMenu=init&menuSeq=902&searchComp=WO
[2023-03-21 13:35:54.852] [159100] [ INFO] wowtv init, 산업IT started...
[2023-03-21 13:35:58.645] [159100] [ERROR] data duplicated : 215A202303210137
[2023-03-21 13:35:58.646] [159100] [ INFO] wowtv init, 산업IT started...
[2023-03-21 13:36:02.461] [159100] [ERROR] data duplicated : 215A202303210124
[2023-03-21 13:36:02.462] [159100] [ INFO] wowtv init, 산업IT started...
[2023-03-21 13:36:06.125] [159100] [ERROR] data duplicated : 215A202303210098
[2023-03-21 13:36:06.125] [159100] [ INFO] https://www.wowtv.co.kr/NewsCenter/News/NewsList?subMenu=virtualcurrency&menuSeq=21138&searchComp=WO
[2023-03-21 13:36:06.629] [159100] [ INFO] wowtv virtualcurrency, 가상화폐 started...
[2023-03-21 13:36:10.485] [159100] [ERROR] data duplicated : 215A202303210022
[2023-03-21 13:36:10.486] [159100] [ INFO] wowtv virtualcurrency, 가상화폐 started...
[2023-03-21 13:36:14.072] [159100] [ERROR] data duplicated : 215A202303210016
[2023-03-21 13:36:14.073] [159100] [ INFO] wowtv virtualcurrency, 가상화폐 started...
[2023-03-21 13:36:17.694] [159100] [ERROR] data duplicated : 215A202303210001
[2023-03-21 13:36:17.695] [159100] [ INFO] https://www.wowtv.co.kr/NewsCenter/News/NewsList?subMenu=politics&menuSeq=79252&searchComp=WO
[2023-03-21 13:36:18.327] [159100] [ INFO] wowtv politics, 정치사회 started...
[2023-03-21 13:36:22.230] [159100] [ERROR] data duplicated : 215A202303210128
[2023-03-21 13:36:22.231] [159100] [ INFO] wowtv politics, 정치사회 started...
[2023-03-21 13:36:25.948] [159100] [ERROR] data duplicated : 215A202303210105
[2023-03-21 13:36:25.949] [159100] [ INFO] wowtv politics, 정치사회 started...
[2023-03-21 13:36:29.611] [159100] [ERROR] data duplicated : 215A202303210091
[2023-03-21 13:36:29.611] [159100] [ INFO] https://www.wowtv.co.kr/NewsCenter/News/NewsList?subMenu=international&menuSeq=587&searchComp=WO
[2023-03-21 13:36:30.135] [159100] [ INFO] wowtv international, 국제 started...
[2023-03-21 13:36:33.787] [159100] [ERROR] data duplicated : 215A202303200338
[2023-03-21 13:36:33.787] [159100] [ INFO] wowtv international, 국제 started...
[2023-03-21 13:36:37.435] [159100] [ERROR] data duplicated : 215A202303200329
[2023-03-21 13:36:37.435] [159100] [ INFO] wowtv international, 국제 started...
[2023-03-21 13:36:41.002] [159100] [ERROR] data duplicated : 215A202303200326
[2023-03-21 13:36:41.002] [159100] [ INFO] https://www.wowtv.co.kr/NewsCenter/News/NewsList?subMenu=sports&menuSeq=79073&searchComp=WO
[2023-03-21 13:36:41.641] [159100] [ INFO] wowtv sports, 스포츠 started...
[2023-03-21 13:36:45.215] [159100] [ERROR] data duplicated : 215A202303190047
[2023-03-21 13:36:45.215] [159100] [ INFO] wowtv sports, 스포츠 started...
[2023-03-21 13:36:48.838] [159100] [ERROR] data duplicated : 215A202303170016
[2023-03-21 13:36:48.838] [159100] [ INFO] wowtv sports, 스포츠 started...
[2023-03-21 13:36:52.404] [159100] [ERROR] data duplicated : 215A202303160015
[2023-03-21 13:36:52.404] [159100] [ INFO] https://www.wowtv.co.kr/NewsCenter/News/NewsList?subMenu=entstar&menuSeq=79072&searchComp=WO
[2023-03-21 13:36:53.023] [159100] [ INFO] wowtv entstar, 연예 started...
[2023-03-21 13:36:56.604] [159100] [ERROR] data duplicated : 215A202303210139
[2023-03-21 13:36:56.605] [159100] [ INFO] wowtv entstar, 연예 started...
[2023-03-21 13:37:00.174] [159100] [ERROR] data duplicated : 215A202303200334
[2023-03-21 13:37:00.175] [159100] [ INFO] wowtv entstar, 연예 started...
[2023-03-21 13:37:03.719] [159100] [ERROR] data duplicated : 215A202303200327
